[0.037s] Invoking command in '/home/rika/interbotix_ws/build/interbotix_xs_msgs': CMAKE_PREFIX_PATH=/home/rika/rika_ws/install/bimanual_pkg:/home/rika/interbotix_ws/install/interbotix_xs_modules:/home/rika/interbotix_ws/install/interbotix_perception_modules:/home/rika/interbotix_ws/install/dual_arm_control:/home/rika/interbotix_ws/install/interbotix_common_modules:/opt/ros/humble:${CMAKE_PREFIX_PATH} /usr/bin/cmake /home/rika/interbotix_ws/src/interbotix_ros_core/interbotix_ros_xseries/interbotix_xs_msgs -DCMAKE_INSTALL_PREFIX=/home/rika/interbotix_ws/install/interbotix_xs_msgs
[0.241s] -- Found rosidl_default_generators: 1.2.0 (/opt/ros/humble/share/rosidl_default_generators/cmake)
[0.241s] -- Found ament_cmake_core: 1.3.11 (/opt/ros/humble/share/ament_cmake_core/cmake)
[0.241s] -- Override CMake install command with custom implementation using symlinks instead of copying resources
[0.241s] -- Using all available rosidl_typesupport_c: rosidl_typesupport_fastrtps_c;rosidl_typesupport_introspection_c
[0.241s] -- Found rosidl_adapter: 3.1.6 (/opt/ros/humble/share/rosidl_adapter/cmake)
[0.241s] -- Using all available rosidl_typesupport_cpp: rosidl_typesupport_fastrtps_cpp;rosidl_typesupport_introspection_cpp
[0.241s] -- Found std_msgs: 4.9.0 (/opt/ros/humble/share/std_msgs/cmake)
[0.241s] -- Found trajectory_msgs: 4.9.0 (/opt/ros/humble/share/trajectory_msgs/cmake)
[0.596s] -- Found ament_cmake_ros: 0.10.0 (/opt/ros/humble/share/ament_cmake_ros/cmake)
[0.807s] -- Using all available rosidl_typesupport_c: rosidl_typesupport_fastrtps_c;rosidl_typesupport_introspection_c
[1.117s] -- Using all available rosidl_typesupport_cpp: rosidl_typesupport_fastrtps_cpp;rosidl_typesupport_introspection_cpp
[1.137s] -- Found python_cmake_module: 0.10.0 (/opt/ros/humble/share/python_cmake_module/cmake)
[1.157s] -- Using PYTHON_EXECUTABLE: /usr/bin/python3
[1.157s] -- Using PYTHON_INCLUDE_DIRS: /usr/include/python3.10
[1.158s] -- Using PYTHON_LIBRARIES: /usr/lib/x86_64-linux-gnu/libpython3.10.so
[1.204s] -- Found ament_lint_auto: 0.12.12 (/opt/ros/humble/share/ament_lint_auto/cmake)
[1.217s] -- Configuring done
[1.259s] -- Generating done
[1.268s] -- Build files have been written to: /home/rika/interbotix_ws/build/interbotix_xs_msgs
[1.274s] Invoked command in '/home/rika/interbotix_ws/build/interbotix_xs_msgs' returned '0': CMAKE_PREFIX_PATH=/home/rika/rika_ws/install/bimanual_pkg:/home/rika/interbotix_ws/install/interbotix_xs_modules:/home/rika/interbotix_ws/install/interbotix_perception_modules:/home/rika/interbotix_ws/install/dual_arm_control:/home/rika/interbotix_ws/install/interbotix_common_modules:/opt/ros/humble:${CMAKE_PREFIX_PATH} /usr/bin/cmake /home/rika/interbotix_ws/src/interbotix_ros_core/interbotix_ros_xseries/interbotix_xs_msgs -DCMAKE_INSTALL_PREFIX=/home/rika/interbotix_ws/install/interbotix_xs_msgs
[1.275s] Invoking command in '/home/rika/interbotix_ws/build/interbotix_xs_msgs': CMAKE_PREFIX_PATH=/home/rika/rika_ws/install/bimanual_pkg:/home/rika/interbotix_ws/install/interbotix_xs_modules:/home/rika/interbotix_ws/install/interbotix_perception_modules:/home/rika/interbotix_ws/install/dual_arm_control:/home/rika/interbotix_ws/install/interbotix_common_modules:/opt/ros/humble:${CMAKE_PREFIX_PATH} /usr/bin/cmake --build /home/rika/interbotix_ws/build/interbotix_xs_msgs -- -j12 -l12
[1.308s] [35m[1mConsolidate compiler generated dependencies of target interbotix_xs_msgs__rosidl_generator_c[0m
[1.315s] [  0%] Built target interbotix_xs_msgs__cpp
[1.322s] [  0%] Built target ament_cmake_python_symlink_interbotix_xs_msgs
[1.322s] [ 12%] Built target interbotix_xs_msgs__rosidl_generator_c
[1.328s] [35m[1mConsolidate compiler generated dependencies of target interbotix_xs_msgs__rosidl_typesupport_cpp[0m
[1.330s] [35m[1mConsolidate compiler generated dependencies of target interbotix_xs_msgs__rosidl_typesupport_fastrtps_cpp[0m
[1.330s] [35m[1mConsolidate compiler generated dependencies of target interbotix_xs_msgs__rosidl_typesupport_introspection_cpp[0m
[1.334s] [35m[1mConsolidate compiler generated dependencies of target interbotix_xs_msgs__rosidl_typesupport_c[0m
[1.334s] [35m[1mConsolidate compiler generated dependencies of target interbotix_xs_msgs__rosidl_typesupport_introspection_c[0m
[1.335s] [35m[1mConsolidate compiler generated dependencies of target interbotix_xs_msgs__rosidl_typesupport_fastrtps_c[0m
[1.348s] [ 24%] Built target interbotix_xs_msgs__rosidl_typesupport_cpp
[1.349s] [ 36%] Built target interbotix_xs_msgs__rosidl_typesupport_c
[1.353s] [ 64%] Built target interbotix_xs_msgs__rosidl_typesupport_introspection_cpp
[1.353s] [ 72%] Built target interbotix_xs_msgs__rosidl_typesupport_fastrtps_cpp
[1.353s] [ 72%] Built target interbotix_xs_msgs__rosidl_typesupport_introspection_c
[1.359s] [ 84%] Built target interbotix_xs_msgs__rosidl_typesupport_fastrtps_c
[1.373s] [ 84%] Built target interbotix_xs_msgs
[1.389s] [ 85%] Built target interbotix_xs_msgs__py
[1.399s] [35m[1mConsolidate compiler generated dependencies of target interbotix_xs_msgs__rosidl_generator_py[0m
[1.414s] [ 96%] Built target interbotix_xs_msgs__rosidl_generator_py
[1.422s] [35m[1mConsolidate compiler generated dependencies of target interbotix_xs_msgs__rosidl_typesupport_fastrtps_c__pyext[0m
[1.422s] [35m[1mConsolidate compiler generated dependencies of target interbotix_xs_msgs__rosidl_typesupport_c__pyext[0m
[1.422s] [35m[1mConsolidate compiler generated dependencies of target interbotix_xs_msgs__rosidl_typesupport_introspection_c__pyext[0m
[1.433s] [ 98%] Built target interbotix_xs_msgs__rosidl_typesupport_introspection_c__pyext
[1.433s] [ 99%] Built target interbotix_xs_msgs__rosidl_typesupport_c__pyext
[1.434s] [100%] Built target interbotix_xs_msgs__rosidl_typesupport_fastrtps_c__pyext
[1.515s] running egg_info
[1.516s] writing interbotix_xs_msgs.egg-info/PKG-INFO
[1.516s] writing dependency_links to interbotix_xs_msgs.egg-info/dependency_links.txt
[1.516s] writing top-level names to interbotix_xs_msgs.egg-info/top_level.txt
[1.518s] reading manifest file 'interbotix_xs_msgs.egg-info/SOURCES.txt'
[1.518s] writing manifest file 'interbotix_xs_msgs.egg-info/SOURCES.txt'
[1.544s] [100%] Built target ament_cmake_python_build_interbotix_xs_msgs_egg
[1.560s] Invoked command in '/home/rika/interbotix_ws/build/interbotix_xs_msgs' returned '0': CMAKE_PREFIX_PATH=/home/rika/rika_ws/install/bimanual_pkg:/home/rika/interbotix_ws/install/interbotix_xs_modules:/home/rika/interbotix_ws/install/interbotix_perception_modules:/home/rika/interbotix_ws/install/dual_arm_control:/home/rika/interbotix_ws/install/interbotix_common_modules:/opt/ros/humble:${CMAKE_PREFIX_PATH} /usr/bin/cmake --build /home/rika/interbotix_ws/build/interbotix_xs_msgs -- -j12 -l12
[1.562s] Invoking command in '/home/rika/interbotix_ws/build/interbotix_xs_msgs': CMAKE_PREFIX_PATH=/home/rika/rika_ws/install/bimanual_pkg:/home/rika/interbotix_ws/install/interbotix_xs_modules:/home/rika/interbotix_ws/install/interbotix_perception_modules:/home/rika/interbotix_ws/install/dual_arm_control:/home/rika/interbotix_ws/install/interbotix_common_modules:/opt/ros/humble:${CMAKE_PREFIX_PATH} /usr/bin/cmake --install /home/rika/interbotix_ws/build/interbotix_xs_msgs
[1.570s] -- Install configuration: ""
[1.570s] -- Execute custom install script
[1.571s] -- Up-to-date symlink: /home/rika/interbotix_ws/install/interbotix_xs_msgs/share/ament_index/resource_index/rosidl_interfaces/interbotix_xs_msgs
[1.571s] -- Up-to-date symlink: /home/rika/interbotix_ws/install/interbotix_xs_msgs/include/interbotix_xs_msgs/interbotix_xs_msgs/msg/arm_joy.h
[1.571s] -- Up-to-date symlink: /home/rika/interbotix_ws/install/interbotix_xs_msgs/include/interbotix_xs_msgs/interbotix_xs_msgs/msg/detail/arm_joy__functions.h
[1.571s] -- Up-to-date symlink: /home/rika/interbotix_ws/install/interbotix_xs_msgs/include/interbotix_xs_msgs/interbotix_xs_msgs/msg/detail/arm_joy__struct.h
[1.571s] -- Up-to-date symlink: /home/rika/interbotix_ws/install/interbotix_xs_msgs/include/interbotix_xs_msgs/interbotix_xs_msgs/msg/detail/arm_joy__type_support.h
[1.572s] -- Up-to-date symlink: /home/rika/interbotix_ws/install/interbotix_xs_msgs/include/interbotix_xs_msgs/interbotix_xs_msgs/msg/detail/hex_joy__functions.h
[1.572s] -- Up-to-date symlink: /home/rika/interbotix_ws/install/interbotix_xs_msgs/include/interbotix_xs_msgs/interbotix_xs_msgs/msg/detail/hex_joy__struct.h
[1.572s] -- Up-to-date symlink: /home/rika/interbotix_ws/install/interbotix_xs_msgs/include/interbotix_xs_msgs/interbotix_xs_msgs/msg/detail/hex_joy__type_support.h
[1.572s] -- Up-to-date symlink: /home/rika/interbotix_ws/install/interbotix_xs_msgs/include/interbotix_xs_msgs/interbotix_xs_msgs/msg/detail/joint_group_command__functions.h
[1.572s] -- Up-to-date symlink: /home/rika/interbotix_ws/install/interbotix_xs_msgs/include/interbotix_xs_msgs/interbotix_xs_msgs/msg/detail/joint_group_command__struct.h
[1.572s] -- Up-to-date symlink: /home/rika/interbotix_ws/install/interbotix_xs_msgs/include/interbotix_xs_msgs/interbotix_xs_msgs/msg/detail/joint_group_command__type_support.h
[1.572s] -- Up-to-date symlink: /home/rika/interbotix_ws/install/interbotix_xs_msgs/include/interbotix_xs_msgs/interbotix_xs_msgs/msg/detail/joint_single_command__functions.h
[1.572s] -- Up-to-date symlink: /home/rika/interbotix_ws/install/interbotix_xs_msgs/include/interbotix_xs_msgs/interbotix_xs_msgs/msg/detail/joint_single_command__struct.h
[1.572s] -- Up-to-date symlink: /home/rika/interbotix_ws/install/interbotix_xs_msgs/include/interbotix_xs_msgs/interbotix_xs_msgs/msg/detail/joint_single_command__type_support.h
[1.572s] -- Up-to-date symlink: /home/rika/interbotix_ws/install/interbotix_xs_msgs/include/interbotix_xs_msgs/interbotix_xs_msgs/msg/detail/joint_temps__functions.h
[1.572s] -- Up-to-date symlink: /home/rika/interbotix_ws/install/interbotix_xs_msgs/include/interbotix_xs_msgs/interbotix_xs_msgs/msg/detail/joint_temps__struct.h
[1.572s] -- Up-to-date symlink: /home/rika/interbotix_ws/install/interbotix_xs_msgs/include/interbotix_xs_msgs/interbotix_xs_msgs/msg/detail/joint_temps__type_support.h
[1.573s] -- Up-to-date symlink: /home/rika/interbotix_ws/install/interbotix_xs_msgs/include/interbotix_xs_msgs/interbotix_xs_msgs/msg/detail/joint_trajectory_command__functions.h
[1.573s] -- Up-to-date symlink: /home/rika/interbotix_ws/install/interbotix_xs_msgs/include/interbotix_xs_msgs/interbotix_xs_msgs/msg/detail/joint_trajectory_command__struct.h
[1.573s] -- Up-to-date symlink: /home/rika/interbotix_ws/install/interbotix_xs_msgs/include/interbotix_xs_msgs/interbotix_xs_msgs/msg/detail/joint_trajectory_command__type_support.h
[1.573s] -- Up-to-date symlink: /home/rika/interbotix_ws/install/interbotix_xs_msgs/include/interbotix_xs_msgs/interbotix_xs_msgs/msg/detail/locobot_joy__functions.h
[1.573s] -- Up-to-date symlink: /home/rika/interbotix_ws/install/interbotix_xs_msgs/include/interbotix_xs_msgs/interbotix_xs_msgs/msg/detail/locobot_joy__struct.h
[1.573s] -- Up-to-date symlink: /home/rika/interbotix_ws/install/interbotix_xs_msgs/include/interbotix_xs_msgs/interbotix_xs_msgs/msg/detail/locobot_joy__type_support.h
[1.573s] -- Up-to-date symlink: /home/rika/interbotix_ws/install/interbotix_xs_msgs/include/interbotix_xs_msgs/interbotix_xs_msgs/msg/detail/turret_joy__functions.h
[1.573s] -- Up-to-date symlink: /home/rika/interbotix_ws/install/interbotix_xs_msgs/include/interbotix_xs_msgs/interbotix_xs_msgs/msg/detail/turret_joy__struct.h
[1.573s] -- Up-to-date symlink: /home/rika/interbotix_ws/install/interbotix_xs_msgs/include/interbotix_xs_msgs/interbotix_xs_msgs/msg/detail/turret_joy__type_support.h
[1.573s] -- Up-to-date symlink: /home/rika/interbotix_ws/install/interbotix_xs_msgs/include/interbotix_xs_msgs/interbotix_xs_msgs/msg/hex_joy.h
[1.573s] -- Up-to-date symlink: /home/rika/interbotix_ws/install/interbotix_xs_msgs/include/interbotix_xs_msgs/interbotix_xs_msgs/msg/joint_group_command.h
[1.573s] -- Up-to-date symlink: /home/rika/interbotix_ws/install/interbotix_xs_msgs/include/interbotix_xs_msgs/interbotix_xs_msgs/msg/joint_single_command.h
[1.574s] -- Up-to-date symlink: /home/rika/interbotix_ws/install/interbotix_xs_msgs/include/interbotix_xs_msgs/interbotix_xs_msgs/msg/joint_temps.h
[1.574s] -- Up-to-date symlink: /home/rika/interbotix_ws/install/interbotix_xs_msgs/include/interbotix_xs_msgs/interbotix_xs_msgs/msg/joint_trajectory_command.h
[1.574s] -- Up-to-date symlink: /home/rika/interbotix_ws/install/interbotix_xs_msgs/include/interbotix_xs_msgs/interbotix_xs_msgs/msg/locobot_joy.h
[1.574s] -- Up-to-date symlink: /home/rika/interbotix_ws/install/interbotix_xs_msgs/include/interbotix_xs_msgs/interbotix_xs_msgs/msg/rosidl_generator_c__visibility_control.h
[1.574s] -- Up-to-date symlink: /home/rika/interbotix_ws/install/interbotix_xs_msgs/include/interbotix_xs_msgs/interbotix_xs_msgs/msg/turret_joy.h
[1.574s] -- Up-to-date symlink: /home/rika/interbotix_ws/install/interbotix_xs_msgs/include/interbotix_xs_msgs/interbotix_xs_msgs/srv/detail/motor_gains__functions.h
[1.574s] -- Up-to-date symlink: /home/rika/interbotix_ws/install/interbotix_xs_msgs/include/interbotix_xs_msgs/interbotix_xs_msgs/srv/detail/motor_gains__struct.h
[1.574s] -- Up-to-date symlink: /home/rika/interbotix_ws/install/interbotix_xs_msgs/include/interbotix_xs_msgs/interbotix_xs_msgs/srv/detail/motor_gains__type_support.h
[1.574s] -- Up-to-date symlink: /home/rika/interbotix_ws/install/interbotix_xs_msgs/include/interbotix_xs_msgs/interbotix_xs_msgs/srv/detail/operating_modes__functions.h
[1.574s] -- Up-to-date symlink: /home/rika/interbotix_ws/install/interbotix_xs_msgs/include/interbotix_xs_msgs/interbotix_xs_msgs/srv/detail/operating_modes__struct.h
[1.574s] -- Up-to-date symlink: /home/rika/interbotix_ws/install/interbotix_xs_msgs/include/interbotix_xs_msgs/interbotix_xs_msgs/srv/detail/operating_modes__type_support.h
[1.574s] -- Up-to-date symlink: /home/rika/interbotix_ws/install/interbotix_xs_msgs/include/interbotix_xs_msgs/interbotix_xs_msgs/srv/detail/reboot__functions.h
[1.574s] -- Up-to-date symlink: /home/rika/interbotix_ws/install/interbotix_xs_msgs/include/interbotix_xs_msgs/interbotix_xs_msgs/srv/detail/reboot__struct.h
[1.574s] -- Up-to-date symlink: /home/rika/interbotix_ws/install/interbotix_xs_msgs/include/interbotix_xs_msgs/interbotix_xs_msgs/srv/detail/reboot__type_support.h
[1.574s] -- Up-to-date symlink: /home/rika/interbotix_ws/install/interbotix_xs_msgs/include/interbotix_xs_msgs/interbotix_xs_msgs/srv/detail/register_values__functions.h
[1.574s] -- Up-to-date symlink: /home/rika/interbotix_ws/install/interbotix_xs_msgs/include/interbotix_xs_msgs/interbotix_xs_msgs/srv/detail/register_values__struct.h
[1.574s] -- Up-to-date symlink: /home/rika/interbotix_ws/install/interbotix_xs_msgs/include/interbotix_xs_msgs/interbotix_xs_msgs/srv/detail/register_values__type_support.h
[1.574s] -- Up-to-date symlink: /home/rika/interbotix_ws/install/interbotix_xs_msgs/include/interbotix_xs_msgs/interbotix_xs_msgs/srv/detail/robot_info__functions.h
[1.574s] -- Up-to-date symlink: /home/rika/interbotix_ws/install/interbotix_xs_msgs/include/interbotix_xs_msgs/interbotix_xs_msgs/srv/detail/robot_info__struct.h
[1.575s] -- Up-to-date symlink: /home/rika/interbotix_ws/install/interbotix_xs_msgs/include/interbotix_xs_msgs/interbotix_xs_msgs/srv/detail/robot_info__type_support.h
[1.575s] -- Up-to-date symlink: /home/rika/interbotix_ws/install/interbotix_xs_msgs/include/interbotix_xs_msgs/interbotix_xs_msgs/srv/detail/torque_enable__functions.h
[1.575s] -- Up-to-date symlink: /home/rika/interbotix_ws/install/interbotix_xs_msgs/include/interbotix_xs_msgs/interbotix_xs_msgs/srv/detail/torque_enable__struct.h
[1.575s] -- Up-to-date symlink: /home/rika/interbotix_ws/install/interbotix_xs_msgs/include/interbotix_xs_msgs/interbotix_xs_msgs/srv/detail/torque_enable__type_support.h
[1.575s] -- Up-to-date symlink: /home/rika/interbotix_ws/install/interbotix_xs_msgs/include/interbotix_xs_msgs/interbotix_xs_msgs/srv/motor_gains.h
[1.575s] -- Up-to-date symlink: /home/rika/interbotix_ws/install/interbotix_xs_msgs/include/interbotix_xs_msgs/interbotix_xs_msgs/srv/operating_modes.h
[1.575s] -- Up-to-date symlink: /home/rika/interbotix_ws/install/interbotix_xs_msgs/include/interbotix_xs_msgs/interbotix_xs_msgs/srv/reboot.h
[1.575s] -- Up-to-date symlink: /home/rika/interbotix_ws/install/interbotix_xs_msgs/include/interbotix_xs_msgs/interbotix_xs_msgs/srv/register_values.h
[1.575s] -- Up-to-date symlink: /home/rika/interbotix_ws/install/interbotix_xs_msgs/include/interbotix_xs_msgs/interbotix_xs_msgs/srv/robot_info.h
[1.575s] -- Up-to-date symlink: /home/rika/interbotix_ws/install/interbotix_xs_msgs/include/interbotix_xs_msgs/interbotix_xs_msgs/srv/torque_enable.h
[1.575s] -- Up-to-date symlink: /home/rika/interbotix_ws/install/interbotix_xs_msgs/share/interbotix_xs_msgs/environment/library_path.sh
[1.575s] -- Up-to-date symlink: /home/rika/interbotix_ws/install/interbotix_xs_msgs/share/interbotix_xs_msgs/environment/library_path.dsv
[1.576s] -- Up-to-date symlink: /home/rika/interbotix_ws/install/interbotix_xs_msgs/include/interbotix_xs_msgs/interbotix_xs_msgs/msg/detail/arm_joy__rosidl_typesupport_fastrtps_c.h
[1.576s] -- Up-to-date symlink: /home/rika/interbotix_ws/install/interbotix_xs_msgs/include/interbotix_xs_msgs/interbotix_xs_msgs/msg/detail/hex_joy__rosidl_typesupport_fastrtps_c.h
[1.576s] -- Up-to-date symlink: /home/rika/interbotix_ws/install/interbotix_xs_msgs/include/interbotix_xs_msgs/interbotix_xs_msgs/msg/detail/joint_group_command__rosidl_typesupport_fastrtps_c.h
[1.576s] -- Up-to-date symlink: /home/rika/interbotix_ws/install/interbotix_xs_msgs/include/interbotix_xs_msgs/interbotix_xs_msgs/msg/detail/joint_single_command__rosidl_typesupport_fastrtps_c.h
[1.576s] -- Up-to-date symlink: /home/rika/interbotix_ws/install/interbotix_xs_msgs/include/interbotix_xs_msgs/interbotix_xs_msgs/msg/detail/joint_temps__rosidl_typesupport_fastrtps_c.h
[1.576s] -- Up-to-date symlink: /home/rika/interbotix_ws/install/interbotix_xs_msgs/include/interbotix_xs_msgs/interbotix_xs_msgs/msg/detail/joint_trajectory_command__rosidl_typesupport_fastrtps_c.h
[1.576s] -- Up-to-date symlink: /home/rika/interbotix_ws/install/interbotix_xs_msgs/include/interbotix_xs_msgs/interbotix_xs_msgs/msg/detail/locobot_joy__rosidl_typesupport_fastrtps_c.h
[1.576s] -- Up-to-date symlink: /home/rika/interbotix_ws/install/interbotix_xs_msgs/include/interbotix_xs_msgs/interbotix_xs_msgs/msg/detail/turret_joy__rosidl_typesupport_fastrtps_c.h
[1.576s] -- Up-to-date symlink: /home/rika/interbotix_ws/install/interbotix_xs_msgs/include/interbotix_xs_msgs/interbotix_xs_msgs/msg/rosidl_typesupport_fastrtps_c__visibility_control.h
[1.576s] -- Up-to-date symlink: /home/rika/interbotix_ws/install/interbotix_xs_msgs/include/interbotix_xs_msgs/interbotix_xs_msgs/srv/detail/motor_gains__rosidl_typesupport_fastrtps_c.h
[1.576s] -- Up-to-date symlink: /home/rika/interbotix_ws/install/interbotix_xs_msgs/include/interbotix_xs_msgs/interbotix_xs_msgs/srv/detail/operating_modes__rosidl_typesupport_fastrtps_c.h
[1.576s] -- Up-to-date symlink: /home/rika/interbotix_ws/install/interbotix_xs_msgs/include/interbotix_xs_msgs/interbotix_xs_msgs/srv/detail/reboot__rosidl_typesupport_fastrtps_c.h
[1.576s] -- Up-to-date symlink: /home/rika/interbotix_ws/install/interbotix_xs_msgs/include/interbotix_xs_msgs/interbotix_xs_msgs/srv/detail/register_values__rosidl_typesupport_fastrtps_c.h
[1.576s] -- Up-to-date symlink: /home/rika/interbotix_ws/install/interbotix_xs_msgs/include/interbotix_xs_msgs/interbotix_xs_msgs/srv/detail/robot_info__rosidl_typesupport_fastrtps_c.h
[1.577s] -- Up-to-date symlink: /home/rika/interbotix_ws/install/interbotix_xs_msgs/include/interbotix_xs_msgs/interbotix_xs_msgs/srv/detail/torque_enable__rosidl_typesupport_fastrtps_c.h
[1.577s] -- Up-to-date symlink: /home/rika/interbotix_ws/install/interbotix_xs_msgs/include/interbotix_xs_msgs/interbotix_xs_msgs/msg/detail/arm_joy__rosidl_typesupport_introspection_c.h
[1.577s] -- Up-to-date symlink: /home/rika/interbotix_ws/install/interbotix_xs_msgs/include/interbotix_xs_msgs/interbotix_xs_msgs/msg/detail/hex_joy__rosidl_typesupport_introspection_c.h
[1.577s] -- Up-to-date symlink: /home/rika/interbotix_ws/install/interbotix_xs_msgs/include/interbotix_xs_msgs/interbotix_xs_msgs/msg/detail/joint_group_command__rosidl_typesupport_introspection_c.h
[1.577s] -- Up-to-date symlink: /home/rika/interbotix_ws/install/interbotix_xs_msgs/include/interbotix_xs_msgs/interbotix_xs_msgs/msg/detail/joint_single_command__rosidl_typesupport_introspection_c.h
[1.577s] -- Up-to-date symlink: /home/rika/interbotix_ws/install/interbotix_xs_msgs/include/interbotix_xs_msgs/interbotix_xs_msgs/msg/detail/joint_temps__rosidl_typesupport_introspection_c.h
[1.577s] -- Up-to-date symlink: /home/rika/interbotix_ws/install/interbotix_xs_msgs/include/interbotix_xs_msgs/interbotix_xs_msgs/msg/detail/joint_trajectory_command__rosidl_typesupport_introspection_c.h
[1.577s] -- Up-to-date symlink: /home/rika/interbotix_ws/install/interbotix_xs_msgs/include/interbotix_xs_msgs/interbotix_xs_msgs/msg/detail/locobot_joy__rosidl_typesupport_introspection_c.h
[1.577s] -- Up-to-date symlink: /home/rika/interbotix_ws/install/interbotix_xs_msgs/include/interbotix_xs_msgs/interbotix_xs_msgs/msg/detail/turret_joy__rosidl_typesupport_introspection_c.h
[1.577s] -- Up-to-date symlink: /home/rika/interbotix_ws/install/interbotix_xs_msgs/include/interbotix_xs_msgs/interbotix_xs_msgs/msg/rosidl_typesupport_introspection_c__visibility_control.h
[1.577s] -- Up-to-date symlink: /home/rika/interbotix_ws/install/interbotix_xs_msgs/include/interbotix_xs_msgs/interbotix_xs_msgs/srv/detail/motor_gains__rosidl_typesupport_introspection_c.h
[1.577s] -- Up-to-date symlink: /home/rika/interbotix_ws/install/interbotix_xs_msgs/include/interbotix_xs_msgs/interbotix_xs_msgs/srv/detail/operating_modes__rosidl_typesupport_introspection_c.h
[1.577s] -- Up-to-date symlink: /home/rika/interbotix_ws/install/interbotix_xs_msgs/include/interbotix_xs_msgs/interbotix_xs_msgs/srv/detail/reboot__rosidl_typesupport_introspection_c.h
[1.577s] -- Up-to-date symlink: /home/rika/interbotix_ws/install/interbotix_xs_msgs/include/interbotix_xs_msgs/interbotix_xs_msgs/srv/detail/register_values__rosidl_typesupport_introspection_c.h
[1.578s] -- Up-to-date symlink: /home/rika/interbotix_ws/install/interbotix_xs_msgs/include/interbotix_xs_msgs/interbotix_xs_msgs/srv/detail/robot_info__rosidl_typesupport_introspection_c.h
[1.578s] -- Up-to-date symlink: /home/rika/interbotix_ws/install/interbotix_xs_msgs/include/interbotix_xs_msgs/interbotix_xs_msgs/srv/detail/torque_enable__rosidl_typesupport_introspection_c.h
[1.578s] -- Up-to-date symlink: /home/rika/interbotix_ws/install/interbotix_xs_msgs/include/interbotix_xs_msgs/interbotix_xs_msgs/msg/arm_joy.hpp
[1.578s] -- Up-to-date symlink: /home/rika/interbotix_ws/install/interbotix_xs_msgs/include/interbotix_xs_msgs/interbotix_xs_msgs/msg/detail/arm_joy__builder.hpp
[1.578s] -- Up-to-date symlink: /home/rika/interbotix_ws/install/interbotix_xs_msgs/include/interbotix_xs_msgs/interbotix_xs_msgs/msg/detail/arm_joy__struct.hpp
[1.578s] -- Up-to-date symlink: /home/rika/interbotix_ws/install/interbotix_xs_msgs/include/interbotix_xs_msgs/interbotix_xs_msgs/msg/detail/arm_joy__traits.hpp
[1.578s] -- Up-to-date symlink: /home/rika/interbotix_ws/install/interbotix_xs_msgs/include/interbotix_xs_msgs/interbotix_xs_msgs/msg/detail/arm_joy__type_support.hpp
[1.578s] -- Up-to-date symlink: /home/rika/interbotix_ws/install/interbotix_xs_msgs/include/interbotix_xs_msgs/interbotix_xs_msgs/msg/detail/hex_joy__builder.hpp
[1.579s] -- Up-to-date symlink: /home/rika/interbotix_ws/install/interbotix_xs_msgs/include/interbotix_xs_msgs/interbotix_xs_msgs/msg/detail/hex_joy__struct.hpp
[1.579s] -- Up-to-date symlink: /home/rika/interbotix_ws/install/interbotix_xs_msgs/include/interbotix_xs_msgs/interbotix_xs_msgs/msg/detail/hex_joy__traits.hpp
[1.579s] -- Up-to-date symlink: /home/rika/interbotix_ws/install/interbotix_xs_msgs/include/interbotix_xs_msgs/interbotix_xs_msgs/msg/detail/hex_joy__type_support.hpp
[1.579s] -- Up-to-date symlink: /home/rika/interbotix_ws/install/interbotix_xs_msgs/include/interbotix_xs_msgs/interbotix_xs_msgs/msg/detail/joint_group_command__builder.hpp
[1.579s] -- Up-to-date symlink: /home/rika/interbotix_ws/install/interbotix_xs_msgs/include/interbotix_xs_msgs/interbotix_xs_msgs/msg/detail/joint_group_command__struct.hpp
[1.579s] -- Up-to-date symlink: /home/rika/interbotix_ws/install/interbotix_xs_msgs/include/interbotix_xs_msgs/interbotix_xs_msgs/msg/detail/joint_group_command__traits.hpp
[1.579s] -- Up-to-date symlink: /home/rika/interbotix_ws/install/interbotix_xs_msgs/include/interbotix_xs_msgs/interbotix_xs_msgs/msg/detail/joint_group_command__type_support.hpp
[1.579s] -- Up-to-date symlink: /home/rika/interbotix_ws/install/interbotix_xs_msgs/include/interbotix_xs_msgs/interbotix_xs_msgs/msg/detail/joint_single_command__builder.hpp
[1.579s] -- Up-to-date symlink: /home/rika/interbotix_ws/install/interbotix_xs_msgs/include/interbotix_xs_msgs/interbotix_xs_msgs/msg/detail/joint_single_command__struct.hpp
[1.579s] -- Up-to-date symlink: /home/rika/interbotix_ws/install/interbotix_xs_msgs/include/interbotix_xs_msgs/interbotix_xs_msgs/msg/detail/joint_single_command__traits.hpp
[1.579s] -- Up-to-date symlink: /home/rika/interbotix_ws/install/interbotix_xs_msgs/include/interbotix_xs_msgs/interbotix_xs_msgs/msg/detail/joint_single_command__type_support.hpp
[1.579s] -- Up-to-date symlink: /home/rika/interbotix_ws/install/interbotix_xs_msgs/include/interbotix_xs_msgs/interbotix_xs_msgs/msg/detail/joint_temps__builder.hpp
[1.579s] -- Up-to-date symlink: /home/rika/interbotix_ws/install/interbotix_xs_msgs/include/interbotix_xs_msgs/interbotix_xs_msgs/msg/detail/joint_temps__struct.hpp
[1.579s] -- Up-to-date symlink: /home/rika/interbotix_ws/install/interbotix_xs_msgs/include/interbotix_xs_msgs/interbotix_xs_msgs/msg/detail/joint_temps__traits.hpp
[1.579s] -- Up-to-date symlink: /home/rika/interbotix_ws/install/interbotix_xs_msgs/include/interbotix_xs_msgs/interbotix_xs_msgs/msg/detail/joint_temps__type_support.hpp
[1.579s] -- Up-to-date symlink: /home/rika/interbotix_ws/install/interbotix_xs_msgs/include/interbotix_xs_msgs/interbotix_xs_msgs/msg/detail/joint_trajectory_command__builder.hpp
[1.579s] -- Up-to-date symlink: /home/rika/interbotix_ws/install/interbotix_xs_msgs/include/interbotix_xs_msgs/interbotix_xs_msgs/msg/detail/joint_trajectory_command__struct.hpp
[1.579s] -- Up-to-date symlink: /home/rika/interbotix_ws/install/interbotix_xs_msgs/include/interbotix_xs_msgs/interbotix_xs_msgs/msg/detail/joint_trajectory_command__traits.hpp
[1.579s] -- Up-to-date symlink: /home/rika/interbotix_ws/install/interbotix_xs_msgs/include/interbotix_xs_msgs/interbotix_xs_msgs/msg/detail/joint_trajectory_command__type_support.hpp
[1.579s] -- Up-to-date symlink: /home/rika/interbotix_ws/install/interbotix_xs_msgs/include/interbotix_xs_msgs/interbotix_xs_msgs/msg/detail/locobot_joy__builder.hpp
[1.579s] -- Up-to-date symlink: /home/rika/interbotix_ws/install/interbotix_xs_msgs/include/interbotix_xs_msgs/interbotix_xs_msgs/msg/detail/locobot_joy__struct.hpp
[1.580s] -- Up-to-date symlink: /home/rika/interbotix_ws/install/interbotix_xs_msgs/include/interbotix_xs_msgs/interbotix_xs_msgs/msg/detail/locobot_joy__traits.hpp
[1.580s] -- Up-to-date symlink: /home/rika/interbotix_ws/install/interbotix_xs_msgs/include/interbotix_xs_msgs/interbotix_xs_msgs/msg/detail/locobot_joy__type_support.hpp
[1.580s] -- Up-to-date symlink: /home/rika/interbotix_ws/install/interbotix_xs_msgs/include/interbotix_xs_msgs/interbotix_xs_msgs/msg/detail/turret_joy__builder.hpp
[1.580s] -- Up-to-date symlink: /home/rika/interbotix_ws/install/interbotix_xs_msgs/include/interbotix_xs_msgs/interbotix_xs_msgs/msg/detail/turret_joy__struct.hpp
[1.580s] -- Up-to-date symlink: /home/rika/interbotix_ws/install/interbotix_xs_msgs/include/interbotix_xs_msgs/interbotix_xs_msgs/msg/detail/turret_joy__traits.hpp
[1.580s] -- Up-to-date symlink: /home/rika/interbotix_ws/install/interbotix_xs_msgs/include/interbotix_xs_msgs/interbotix_xs_msgs/msg/detail/turret_joy__type_support.hpp
[1.580s] -- Up-to-date symlink: /home/rika/interbotix_ws/install/interbotix_xs_msgs/include/interbotix_xs_msgs/interbotix_xs_msgs/msg/hex_joy.hpp
[1.580s] -- Up-to-date symlink: /home/rika/interbotix_ws/install/interbotix_xs_msgs/include/interbotix_xs_msgs/interbotix_xs_msgs/msg/joint_group_command.hpp
[1.580s] -- Up-to-date symlink: /home/rika/interbotix_ws/install/interbotix_xs_msgs/include/interbotix_xs_msgs/interbotix_xs_msgs/msg/joint_single_command.hpp
[1.580s] -- Up-to-date symlink: /home/rika/interbotix_ws/install/interbotix_xs_msgs/include/interbotix_xs_msgs/interbotix_xs_msgs/msg/joint_temps.hpp
[1.580s] -- Up-to-date symlink: /home/rika/interbotix_ws/install/interbotix_xs_msgs/include/interbotix_xs_msgs/interbotix_xs_msgs/msg/joint_trajectory_command.hpp
[1.580s] -- Up-to-date symlink: /home/rika/interbotix_ws/install/interbotix_xs_msgs/include/interbotix_xs_msgs/interbotix_xs_msgs/msg/locobot_joy.hpp
[1.580s] -- Up-to-date symlink: /home/rika/interbotix_ws/install/interbotix_xs_msgs/include/interbotix_xs_msgs/interbotix_xs_msgs/msg/rosidl_generator_cpp__visibility_control.hpp
[1.580s] -- Up-to-date symlink: /home/rika/interbotix_ws/install/interbotix_xs_msgs/include/interbotix_xs_msgs/interbotix_xs_msgs/msg/turret_joy.hpp
[1.580s] -- Up-to-date symlink: /home/rika/interbotix_ws/install/interbotix_xs_msgs/include/interbotix_xs_msgs/interbotix_xs_msgs/srv/detail/motor_gains__builder.hpp
[1.580s] -- Up-to-date symlink: /home/rika/interbotix_ws/install/interbotix_xs_msgs/include/interbotix_xs_msgs/interbotix_xs_msgs/srv/detail/motor_gains__struct.hpp
[1.580s] -- Up-to-date symlink: /home/rika/interbotix_ws/install/interbotix_xs_msgs/include/interbotix_xs_msgs/interbotix_xs_msgs/srv/detail/motor_gains__traits.hpp
[1.580s] -- Up-to-date symlink: /home/rika/interbotix_ws/install/interbotix_xs_msgs/include/interbotix_xs_msgs/interbotix_xs_msgs/srv/detail/motor_gains__type_support.hpp
[1.580s] -- Up-to-date symlink: /home/rika/interbotix_ws/install/interbotix_xs_msgs/include/interbotix_xs_msgs/interbotix_xs_msgs/srv/detail/operating_modes__builder.hpp
[1.580s] -- Up-to-date symlink: /home/rika/interbotix_ws/install/interbotix_xs_msgs/include/interbotix_xs_msgs/interbotix_xs_msgs/srv/detail/operating_modes__struct.hpp
[1.581s] -- Up-to-date symlink: /home/rika/interbotix_ws/install/interbotix_xs_msgs/include/interbotix_xs_msgs/interbotix_xs_msgs/srv/detail/operating_modes__traits.hpp
[1.581s] -- Up-to-date symlink: /home/rika/interbotix_ws/install/interbotix_xs_msgs/include/interbotix_xs_msgs/interbotix_xs_msgs/srv/detail/operating_modes__type_support.hpp
[1.581s] -- Up-to-date symlink: /home/rika/interbotix_ws/install/interbotix_xs_msgs/include/interbotix_xs_msgs/interbotix_xs_msgs/srv/detail/reboot__builder.hpp
[1.581s] -- Up-to-date symlink: /home/rika/interbotix_ws/install/interbotix_xs_msgs/include/interbotix_xs_msgs/interbotix_xs_msgs/srv/detail/reboot__struct.hpp
[1.581s] -- Up-to-date symlink: /home/rika/interbotix_ws/install/interbotix_xs_msgs/include/interbotix_xs_msgs/interbotix_xs_msgs/srv/detail/reboot__traits.hpp
[1.581s] -- Up-to-date symlink: /home/rika/interbotix_ws/install/interbotix_xs_msgs/include/interbotix_xs_msgs/interbotix_xs_msgs/srv/detail/reboot__type_support.hpp
[1.581s] -- Up-to-date symlink: /home/rika/interbotix_ws/install/interbotix_xs_msgs/include/interbotix_xs_msgs/interbotix_xs_msgs/srv/detail/register_values__builder.hpp
[1.581s] -- Up-to-date symlink: /home/rika/interbotix_ws/install/interbotix_xs_msgs/include/interbotix_xs_msgs/interbotix_xs_msgs/srv/detail/register_values__struct.hpp
[1.581s] -- Up-to-date symlink: /home/rika/interbotix_ws/install/interbotix_xs_msgs/include/interbotix_xs_msgs/interbotix_xs_msgs/srv/detail/register_values__traits.hpp
[1.581s] -- Up-to-date symlink: /home/rika/interbotix_ws/install/interbotix_xs_msgs/include/interbotix_xs_msgs/interbotix_xs_msgs/srv/detail/register_values__type_support.hpp
[1.581s] -- Up-to-date symlink: /home/rika/interbotix_ws/install/interbotix_xs_msgs/include/interbotix_xs_msgs/interbotix_xs_msgs/srv/detail/robot_info__builder.hpp
[1.581s] -- Up-to-date symlink: /home/rika/interbotix_ws/install/interbotix_xs_msgs/include/interbotix_xs_msgs/interbotix_xs_msgs/srv/detail/robot_info__struct.hpp
[1.581s] -- Up-to-date symlink: /home/rika/interbotix_ws/install/interbotix_xs_msgs/include/interbotix_xs_msgs/interbotix_xs_msgs/srv/detail/robot_info__traits.hpp
[1.581s] -- Up-to-date symlink: /home/rika/interbotix_ws/install/interbotix_xs_msgs/include/interbotix_xs_msgs/interbotix_xs_msgs/srv/detail/robot_info__type_support.hpp
[1.581s] -- Up-to-date symlink: /home/rika/interbotix_ws/install/interbotix_xs_msgs/include/interbotix_xs_msgs/interbotix_xs_msgs/srv/detail/torque_enable__builder.hpp
[1.581s] -- Up-to-date symlink: /home/rika/interbotix_ws/install/interbotix_xs_msgs/include/interbotix_xs_msgs/interbotix_xs_msgs/srv/detail/torque_enable__struct.hpp
[1.581s] -- Up-to-date symlink: /home/rika/interbotix_ws/install/interbotix_xs_msgs/include/interbotix_xs_msgs/interbotix_xs_msgs/srv/detail/torque_enable__traits.hpp
[1.581s] -- Up-to-date symlink: /home/rika/interbotix_ws/install/interbotix_xs_msgs/include/interbotix_xs_msgs/interbotix_xs_msgs/srv/detail/torque_enable__type_support.hpp
[1.581s] -- Up-to-date symlink: /home/rika/interbotix_ws/install/interbotix_xs_msgs/include/interbotix_xs_msgs/interbotix_xs_msgs/srv/motor_gains.hpp
[1.582s] -- Up-to-date symlink: /home/rika/interbotix_ws/install/interbotix_xs_msgs/include/interbotix_xs_msgs/interbotix_xs_msgs/srv/operating_modes.hpp
[1.582s] -- Up-to-date symlink: /home/rika/interbotix_ws/install/interbotix_xs_msgs/include/interbotix_xs_msgs/interbotix_xs_msgs/srv/reboot.hpp
[1.582s] -- Up-to-date symlink: /home/rika/interbotix_ws/install/interbotix_xs_msgs/include/interbotix_xs_msgs/interbotix_xs_msgs/srv/register_values.hpp
[1.582s] -- Up-to-date symlink: /home/rika/interbotix_ws/install/interbotix_xs_msgs/include/interbotix_xs_msgs/interbotix_xs_msgs/srv/robot_info.hpp
[1.582s] -- Up-to-date symlink: /home/rika/interbotix_ws/install/interbotix_xs_msgs/include/interbotix_xs_msgs/interbotix_xs_msgs/srv/torque_enable.hpp
[1.582s] -- Up-to-date symlink: /home/rika/interbotix_ws/install/interbotix_xs_msgs/include/interbotix_xs_msgs/interbotix_xs_msgs/msg/detail/arm_joy__rosidl_typesupport_fastrtps_cpp.hpp
[1.582s] -- Up-to-date symlink: /home/rika/interbotix_ws/install/interbotix_xs_msgs/include/interbotix_xs_msgs/interbotix_xs_msgs/msg/detail/hex_joy__rosidl_typesupport_fastrtps_cpp.hpp
[1.582s] -- Up-to-date symlink: /home/rika/interbotix_ws/install/interbotix_xs_msgs/include/interbotix_xs_msgs/interbotix_xs_msgs/msg/detail/joint_group_command__rosidl_typesupport_fastrtps_cpp.hpp
[1.582s] -- Up-to-date symlink: /home/rika/interbotix_ws/install/interbotix_xs_msgs/include/interbotix_xs_msgs/interbotix_xs_msgs/msg/detail/joint_single_command__rosidl_typesupport_fastrtps_cpp.hpp
[1.582s] -- Up-to-date symlink: /home/rika/interbotix_ws/install/interbotix_xs_msgs/include/interbotix_xs_msgs/interbotix_xs_msgs/msg/detail/joint_temps__rosidl_typesupport_fastrtps_cpp.hpp
[1.583s] -- Up-to-date symlink: /home/rika/interbotix_ws/install/interbotix_xs_msgs/include/interbotix_xs_msgs/interbotix_xs_msgs/msg/detail/joint_trajectory_command__rosidl_typesupport_fastrtps_cpp.hpp
[1.583s] -- Up-to-date symlink: /home/rika/interbotix_ws/install/interbotix_xs_msgs/include/interbotix_xs_msgs/interbotix_xs_msgs/msg/detail/locobot_joy__rosidl_typesupport_fastrtps_cpp.hpp
[1.583s] -- Up-to-date symlink: /home/rika/interbotix_ws/install/interbotix_xs_msgs/include/interbotix_xs_msgs/interbotix_xs_msgs/msg/detail/turret_joy__rosidl_typesupport_fastrtps_cpp.hpp
[1.583s] -- Up-to-date symlink: /home/rika/interbotix_ws/install/interbotix_xs_msgs/include/interbotix_xs_msgs/interbotix_xs_msgs/msg/rosidl_typesupport_fastrtps_cpp__visibility_control.h
[1.583s] -- Up-to-date symlink: /home/rika/interbotix_ws/install/interbotix_xs_msgs/include/interbotix_xs_msgs/interbotix_xs_msgs/srv/detail/motor_gains__rosidl_typesupport_fastrtps_cpp.hpp
[1.583s] -- Up-to-date symlink: /home/rika/interbotix_ws/install/interbotix_xs_msgs/include/interbotix_xs_msgs/interbotix_xs_msgs/srv/detail/operating_modes__rosidl_typesupport_fastrtps_cpp.hpp
[1.583s] -- Up-to-date symlink: /home/rika/interbotix_ws/install/interbotix_xs_msgs/include/interbotix_xs_msgs/interbotix_xs_msgs/srv/detail/reboot__rosidl_typesupport_fastrtps_cpp.hpp
[1.583s] -- Up-to-date symlink: /home/rika/interbotix_ws/install/interbotix_xs_msgs/include/interbotix_xs_msgs/interbotix_xs_msgs/srv/detail/register_values__rosidl_typesupport_fastrtps_cpp.hpp
[1.583s] -- Up-to-date symlink: /home/rika/interbotix_ws/install/interbotix_xs_msgs/include/interbotix_xs_msgs/interbotix_xs_msgs/srv/detail/robot_info__rosidl_typesupport_fastrtps_cpp.hpp
[1.583s] -- Up-to-date symlink: /home/rika/interbotix_ws/install/interbotix_xs_msgs/include/interbotix_xs_msgs/interbotix_xs_msgs/srv/detail/torque_enable__rosidl_typesupport_fastrtps_cpp.hpp
[1.583s] -- Up-to-date symlink: /home/rika/interbotix_ws/install/interbotix_xs_msgs/include/interbotix_xs_msgs/interbotix_xs_msgs/msg/detail/arm_joy__rosidl_typesupport_introspection_cpp.hpp
[1.583s] -- Up-to-date symlink: /home/rika/interbotix_ws/install/interbotix_xs_msgs/include/interbotix_xs_msgs/interbotix_xs_msgs/msg/detail/hex_joy__rosidl_typesupport_introspection_cpp.hpp
[1.583s] -- Up-to-date symlink: /home/rika/interbotix_ws/install/interbotix_xs_msgs/include/interbotix_xs_msgs/interbotix_xs_msgs/msg/detail/joint_group_command__rosidl_typesupport_introspection_cpp.hpp
[1.583s] -- Up-to-date symlink: /home/rika/interbotix_ws/install/interbotix_xs_msgs/include/interbotix_xs_msgs/interbotix_xs_msgs/msg/detail/joint_single_command__rosidl_typesupport_introspection_cpp.hpp
[1.583s] -- Up-to-date symlink: /home/rika/interbotix_ws/install/interbotix_xs_msgs/include/interbotix_xs_msgs/interbotix_xs_msgs/msg/detail/joint_temps__rosidl_typesupport_introspection_cpp.hpp
[1.583s] -- Up-to-date symlink: /home/rika/interbotix_ws/install/interbotix_xs_msgs/include/interbotix_xs_msgs/interbotix_xs_msgs/msg/detail/joint_trajectory_command__rosidl_typesupport_introspection_cpp.hpp
[1.583s] -- Up-to-date symlink: /home/rika/interbotix_ws/install/interbotix_xs_msgs/include/interbotix_xs_msgs/interbotix_xs_msgs/msg/detail/locobot_joy__rosidl_typesupport_introspection_cpp.hpp
[1.583s] -- Up-to-date symlink: /home/rika/interbotix_ws/install/interbotix_xs_msgs/include/interbotix_xs_msgs/interbotix_xs_msgs/msg/detail/turret_joy__rosidl_typesupport_introspection_cpp.hpp
[1.584s] -- Up-to-date symlink: /home/rika/interbotix_ws/install/interbotix_xs_msgs/include/interbotix_xs_msgs/interbotix_xs_msgs/srv/detail/motor_gains__rosidl_typesupport_introspection_cpp.hpp
[1.584s] -- Up-to-date symlink: /home/rika/interbotix_ws/install/interbotix_xs_msgs/include/interbotix_xs_msgs/interbotix_xs_msgs/srv/detail/operating_modes__rosidl_typesupport_introspection_cpp.hpp
[1.584s] -- Up-to-date symlink: /home/rika/interbotix_ws/install/interbotix_xs_msgs/include/interbotix_xs_msgs/interbotix_xs_msgs/srv/detail/reboot__rosidl_typesupport_introspection_cpp.hpp
[1.584s] -- Up-to-date symlink: /home/rika/interbotix_ws/install/interbotix_xs_msgs/include/interbotix_xs_msgs/interbotix_xs_msgs/srv/detail/register_values__rosidl_typesupport_introspection_cpp.hpp
[1.584s] -- Up-to-date symlink: /home/rika/interbotix_ws/install/interbotix_xs_msgs/include/interbotix_xs_msgs/interbotix_xs_msgs/srv/detail/robot_info__rosidl_typesupport_introspection_cpp.hpp
[1.584s] -- Up-to-date symlink: /home/rika/interbotix_ws/install/interbotix_xs_msgs/include/interbotix_xs_msgs/interbotix_xs_msgs/srv/detail/torque_enable__rosidl_typesupport_introspection_cpp.hpp
[1.584s] -- Up-to-date symlink: /home/rika/interbotix_ws/install/interbotix_xs_msgs/share/interbotix_xs_msgs/environment/pythonpath.sh
[1.584s] -- Up-to-date symlink: /home/rika/interbotix_ws/install/interbotix_xs_msgs/share/interbotix_xs_msgs/environment/pythonpath.dsv
[1.584s] -- Up-to-date symlink: /home/rika/interbotix_ws/install/interbotix_xs_msgs/local/lib/python3.10/dist-packages/interbotix_xs_msgs-0.0.0-py3.10.egg-info/PKG-INFO
[1.584s] -- Up-to-date symlink: /home/rika/interbotix_ws/install/interbotix_xs_msgs/local/lib/python3.10/dist-packages/interbotix_xs_msgs-0.0.0-py3.10.egg-info/SOURCES.txt
[1.584s] -- Up-to-date symlink: /home/rika/interbotix_ws/install/interbotix_xs_msgs/local/lib/python3.10/dist-packages/interbotix_xs_msgs-0.0.0-py3.10.egg-info/dependency_links.txt
[1.584s] -- Up-to-date symlink: /home/rika/interbotix_ws/install/interbotix_xs_msgs/local/lib/python3.10/dist-packages/interbotix_xs_msgs-0.0.0-py3.10.egg-info/top_level.txt
[1.585s] -- Up-to-date symlink: /home/rika/interbotix_ws/install/interbotix_xs_msgs/local/lib/python3.10/dist-packages/interbotix_xs_msgs/__init__.py
[1.585s] -- Up-to-date symlink: /home/rika/interbotix_ws/install/interbotix_xs_msgs/local/lib/python3.10/dist-packages/interbotix_xs_msgs/_interbotix_xs_msgs_s.ep.rosidl_typesupport_c.c
[1.585s] -- Up-to-date symlink: /home/rika/interbotix_ws/install/interbotix_xs_msgs/local/lib/python3.10/dist-packages/interbotix_xs_msgs/_interbotix_xs_msgs_s.ep.rosidl_typesupport_fastrtps_c.c
[1.585s] -- Up-to-date symlink: /home/rika/interbotix_ws/install/interbotix_xs_msgs/local/lib/python3.10/dist-packages/interbotix_xs_msgs/_interbotix_xs_msgs_s.ep.rosidl_typesupport_introspection_c.c
[1.585s] -- Up-to-date symlink: /home/rika/interbotix_ws/install/interbotix_xs_msgs/local/lib/python3.10/dist-packages/interbotix_xs_msgs/interbotix_xs_msgs_s__rosidl_typesupport_c.cpython-310-x86_64-linux-gnu.so
[1.585s] -- Up-to-date symlink: /home/rika/interbotix_ws/install/interbotix_xs_msgs/local/lib/python3.10/dist-packages/interbotix_xs_msgs/interbotix_xs_msgs_s__rosidl_typesupport_fastrtps_c.cpython-310-x86_64-linux-gnu.so
[1.585s] -- Up-to-date symlink: /home/rika/interbotix_ws/install/interbotix_xs_msgs/local/lib/python3.10/dist-packages/interbotix_xs_msgs/interbotix_xs_msgs_s__rosidl_typesupport_introspection_c.cpython-310-x86_64-linux-gnu.so
[1.585s] -- Up-to-date symlink: /home/rika/interbotix_ws/install/interbotix_xs_msgs/local/lib/python3.10/dist-packages/interbotix_xs_msgs/libinterbotix_xs_msgs__rosidl_generator_py.so
[1.585s] -- Up-to-date symlink: /home/rika/interbotix_ws/install/interbotix_xs_msgs/local/lib/python3.10/dist-packages/interbotix_xs_msgs/msg/__init__.py
[1.585s] -- Up-to-date symlink: /home/rika/interbotix_ws/install/interbotix_xs_msgs/local/lib/python3.10/dist-packages/interbotix_xs_msgs/msg/_arm_joy.py
[1.586s] -- Up-to-date symlink: /home/rika/interbotix_ws/install/interbotix_xs_msgs/local/lib/python3.10/dist-packages/interbotix_xs_msgs/msg/_arm_joy_s.c
[1.586s] -- Up-to-date symlink: /home/rika/interbotix_ws/install/interbotix_xs_msgs/local/lib/python3.10/dist-packages/interbotix_xs_msgs/msg/_hex_joy.py
[1.586s] -- Up-to-date symlink: /home/rika/interbotix_ws/install/interbotix_xs_msgs/local/lib/python3.10/dist-packages/interbotix_xs_msgs/msg/_hex_joy_s.c
[1.586s] -- Up-to-date symlink: /home/rika/interbotix_ws/install/interbotix_xs_msgs/local/lib/python3.10/dist-packages/interbotix_xs_msgs/msg/_joint_group_command.py
[1.586s] -- Up-to-date symlink: /home/rika/interbotix_ws/install/interbotix_xs_msgs/local/lib/python3.10/dist-packages/interbotix_xs_msgs/msg/_joint_group_command_s.c
[1.586s] -- Up-to-date symlink: /home/rika/interbotix_ws/install/interbotix_xs_msgs/local/lib/python3.10/dist-packages/interbotix_xs_msgs/msg/_joint_single_command.py
[1.586s] -- Up-to-date symlink: /home/rika/interbotix_ws/install/interbotix_xs_msgs/local/lib/python3.10/dist-packages/interbotix_xs_msgs/msg/_joint_single_command_s.c
[1.586s] -- Up-to-date symlink: /home/rika/interbotix_ws/install/interbotix_xs_msgs/local/lib/python3.10/dist-packages/interbotix_xs_msgs/msg/_joint_temps.py
[1.586s] -- Up-to-date symlink: /home/rika/interbotix_ws/install/interbotix_xs_msgs/local/lib/python3.10/dist-packages/interbotix_xs_msgs/msg/_joint_temps_s.c
[1.586s] -- Up-to-date symlink: /home/rika/interbotix_ws/install/interbotix_xs_msgs/local/lib/python3.10/dist-packages/interbotix_xs_msgs/msg/_joint_trajectory_command.py
[1.586s] -- Up-to-date symlink: /home/rika/interbotix_ws/install/interbotix_xs_msgs/local/lib/python3.10/dist-packages/interbotix_xs_msgs/msg/_joint_trajectory_command_s.c
[1.586s] -- Up-to-date symlink: /home/rika/interbotix_ws/install/interbotix_xs_msgs/local/lib/python3.10/dist-packages/interbotix_xs_msgs/msg/_locobot_joy.py
[1.586s] -- Up-to-date symlink: /home/rika/interbotix_ws/install/interbotix_xs_msgs/local/lib/python3.10/dist-packages/interbotix_xs_msgs/msg/_locobot_joy_s.c
[1.586s] -- Up-to-date symlink: /home/rika/interbotix_ws/install/interbotix_xs_msgs/local/lib/python3.10/dist-packages/interbotix_xs_msgs/msg/_turret_joy.py
[1.586s] -- Up-to-date symlink: /home/rika/interbotix_ws/install/interbotix_xs_msgs/local/lib/python3.10/dist-packages/interbotix_xs_msgs/msg/_turret_joy_s.c
[1.586s] -- Up-to-date symlink: /home/rika/interbotix_ws/install/interbotix_xs_msgs/local/lib/python3.10/dist-packages/interbotix_xs_msgs/srv/__init__.py
[1.586s] -- Up-to-date symlink: /home/rika/interbotix_ws/install/interbotix_xs_msgs/local/lib/python3.10/dist-packages/interbotix_xs_msgs/srv/_motor_gains.py
[1.587s] -- Up-to-date symlink: /home/rika/interbotix_ws/install/interbotix_xs_msgs/local/lib/python3.10/dist-packages/interbotix_xs_msgs/srv/_motor_gains_s.c
[1.587s] -- Up-to-date symlink: /home/rika/interbotix_ws/install/interbotix_xs_msgs/local/lib/python3.10/dist-packages/interbotix_xs_msgs/srv/_operating_modes.py
[1.587s] -- Up-to-date symlink: /home/rika/interbotix_ws/install/interbotix_xs_msgs/local/lib/python3.10/dist-packages/interbotix_xs_msgs/srv/_operating_modes_s.c
[1.587s] -- Up-to-date symlink: /home/rika/interbotix_ws/install/interbotix_xs_msgs/local/lib/python3.10/dist-packages/interbotix_xs_msgs/srv/_reboot.py
[1.587s] -- Up-to-date symlink: /home/rika/interbotix_ws/install/interbotix_xs_msgs/local/lib/python3.10/dist-packages/interbotix_xs_msgs/srv/_reboot_s.c
[1.587s] -- Up-to-date symlink: /home/rika/interbotix_ws/install/interbotix_xs_msgs/local/lib/python3.10/dist-packages/interbotix_xs_msgs/srv/_register_values.py
[1.587s] -- Up-to-date symlink: /home/rika/interbotix_ws/install/interbotix_xs_msgs/local/lib/python3.10/dist-packages/interbotix_xs_msgs/srv/_register_values_s.c
[1.587s] -- Up-to-date symlink: /home/rika/interbotix_ws/install/interbotix_xs_msgs/local/lib/python3.10/dist-packages/interbotix_xs_msgs/srv/_robot_info.py
[1.587s] -- Up-to-date symlink: /home/rika/interbotix_ws/install/interbotix_xs_msgs/local/lib/python3.10/dist-packages/interbotix_xs_msgs/srv/_robot_info_s.c
[1.587s] -- Up-to-date symlink: /home/rika/interbotix_ws/install/interbotix_xs_msgs/local/lib/python3.10/dist-packages/interbotix_xs_msgs/srv/_torque_enable.py
[1.587s] -- Up-to-date symlink: /home/rika/interbotix_ws/install/interbotix_xs_msgs/local/lib/python3.10/dist-packages/interbotix_xs_msgs/srv/_torque_enable_s.c
[1.587s] -- Up-to-date symlink: /home/rika/interbotix_ws/install/interbotix_xs_msgs/local/lib/python3.10/dist-packages/interbotix_xs_msgs/interbotix_xs_msgs_s__rosidl_typesupport_fastrtps_c.cpython-310-x86_64-linux-gnu.so
[1.587s] -- Up-to-date symlink: /home/rika/interbotix_ws/install/interbotix_xs_msgs/local/lib/python3.10/dist-packages/interbotix_xs_msgs/interbotix_xs_msgs_s__rosidl_typesupport_introspection_c.cpython-310-x86_64-linux-gnu.so
[1.587s] -- Up-to-date symlink: /home/rika/interbotix_ws/install/interbotix_xs_msgs/local/lib/python3.10/dist-packages/interbotix_xs_msgs/interbotix_xs_msgs_s__rosidl_typesupport_c.cpython-310-x86_64-linux-gnu.so
[1.587s] -- Up-to-date symlink: /home/rika/interbotix_ws/install/interbotix_xs_msgs/share/interbotix_xs_msgs/msg/ArmJoy.idl
[1.587s] -- Up-to-date symlink: /home/rika/interbotix_ws/install/interbotix_xs_msgs/share/interbotix_xs_msgs/msg/HexJoy.idl
[1.587s] -- Up-to-date symlink: /home/rika/interbotix_ws/install/interbotix_xs_msgs/share/interbotix_xs_msgs/msg/JointGroupCommand.idl
[1.587s] -- Up-to-date symlink: /home/rika/interbotix_ws/install/interbotix_xs_msgs/share/interbotix_xs_msgs/msg/JointSingleCommand.idl
[1.587s] -- Up-to-date symlink: /home/rika/interbotix_ws/install/interbotix_xs_msgs/share/interbotix_xs_msgs/msg/JointTemps.idl
[1.588s] -- Up-to-date symlink: /home/rika/interbotix_ws/install/interbotix_xs_msgs/share/interbotix_xs_msgs/msg/JointTrajectoryCommand.idl
[1.588s] -- Up-to-date symlink: /home/rika/interbotix_ws/install/interbotix_xs_msgs/share/interbotix_xs_msgs/msg/LocobotJoy.idl
[1.588s] -- Up-to-date symlink: /home/rika/interbotix_ws/install/interbotix_xs_msgs/share/interbotix_xs_msgs/msg/TurretJoy.idl
[1.588s] -- Up-to-date symlink: /home/rika/interbotix_ws/install/interbotix_xs_msgs/share/interbotix_xs_msgs/srv/MotorGains.idl
[1.588s] -- Up-to-date symlink: /home/rika/interbotix_ws/install/interbotix_xs_msgs/share/interbotix_xs_msgs/srv/OperatingModes.idl
[1.588s] -- Up-to-date symlink: /home/rika/interbotix_ws/install/interbotix_xs_msgs/share/interbotix_xs_msgs/srv/Reboot.idl
[1.588s] -- Up-to-date symlink: /home/rika/interbotix_ws/install/interbotix_xs_msgs/share/interbotix_xs_msgs/srv/RegisterValues.idl
[1.588s] -- Up-to-date symlink: /home/rika/interbotix_ws/install/interbotix_xs_msgs/share/interbotix_xs_msgs/srv/RobotInfo.idl
[1.588s] -- Up-to-date symlink: /home/rika/interbotix_ws/install/interbotix_xs_msgs/share/interbotix_xs_msgs/srv/TorqueEnable.idl
[1.588s] -- Up-to-date symlink: /home/rika/interbotix_ws/install/interbotix_xs_msgs/share/interbotix_xs_msgs/msg/ArmJoy.msg
[1.588s] -- Up-to-date symlink: /home/rika/interbotix_ws/install/interbotix_xs_msgs/share/interbotix_xs_msgs/msg/HexJoy.msg
[1.588s] -- Up-to-date symlink: /home/rika/interbotix_ws/install/interbotix_xs_msgs/share/interbotix_xs_msgs/msg/JointGroupCommand.msg
[1.588s] -- Up-to-date symlink: /home/rika/interbotix_ws/install/interbotix_xs_msgs/share/interbotix_xs_msgs/msg/JointSingleCommand.msg
[1.589s] -- Up-to-date symlink: /home/rika/interbotix_ws/install/interbotix_xs_msgs/share/interbotix_xs_msgs/msg/JointTemps.msg
[1.589s] -- Up-to-date symlink: /home/rika/interbotix_ws/install/interbotix_xs_msgs/share/interbotix_xs_msgs/msg/JointTrajectoryCommand.msg
[1.589s] -- Up-to-date symlink: /home/rika/interbotix_ws/install/interbotix_xs_msgs/share/interbotix_xs_msgs/msg/LocobotJoy.msg
[1.589s] -- Up-to-date symlink: /home/rika/interbotix_ws/install/interbotix_xs_msgs/share/interbotix_xs_msgs/msg/TurretJoy.msg
[1.589s] -- Up-to-date symlink: /home/rika/interbotix_ws/install/interbotix_xs_msgs/share/interbotix_xs_msgs/srv/MotorGains.srv
[1.589s] -- Up-to-date symlink: /home/rika/interbotix_ws/install/interbotix_xs_msgs/share/interbotix_xs_msgs/srv/MotorGains_Request.msg
[1.589s] -- Up-to-date symlink: /home/rika/interbotix_ws/install/interbotix_xs_msgs/share/interbotix_xs_msgs/srv/MotorGains_Response.msg
[1.589s] -- Up-to-date symlink: /home/rika/interbotix_ws/install/interbotix_xs_msgs/share/interbotix_xs_msgs/srv/OperatingModes.srv
[1.589s] -- Up-to-date symlink: /home/rika/interbotix_ws/install/interbotix_xs_msgs/share/interbotix_xs_msgs/srv/OperatingModes_Request.msg
[1.589s] -- Up-to-date symlink: /home/rika/interbotix_ws/install/interbotix_xs_msgs/share/interbotix_xs_msgs/srv/OperatingModes_Response.msg
[1.589s] -- Up-to-date symlink: /home/rika/interbotix_ws/install/interbotix_xs_msgs/share/interbotix_xs_msgs/srv/Reboot.srv
[1.589s] -- Up-to-date symlink: /home/rika/interbotix_ws/install/interbotix_xs_msgs/share/interbotix_xs_msgs/srv/Reboot_Request.msg
[1.589s] -- Up-to-date symlink: /home/rika/interbotix_ws/install/interbotix_xs_msgs/share/interbotix_xs_msgs/srv/Reboot_Response.msg
[1.589s] -- Up-to-date symlink: /home/rika/interbotix_ws/install/interbotix_xs_msgs/share/interbotix_xs_msgs/srv/RegisterValues.srv
[1.589s] -- Up-to-date symlink: /home/rika/interbotix_ws/install/interbotix_xs_msgs/share/interbotix_xs_msgs/srv/RegisterValues_Request.msg
[1.589s] -- Up-to-date symlink: /home/rika/interbotix_ws/install/interbotix_xs_msgs/share/interbotix_xs_msgs/srv/RegisterValues_Response.msg
[1.589s] -- Up-to-date symlink: /home/rika/interbotix_ws/install/interbotix_xs_msgs/share/interbotix_xs_msgs/srv/RobotInfo.srv
[1.590s] -- Up-to-date symlink: /home/rika/interbotix_ws/install/interbotix_xs_msgs/share/interbotix_xs_msgs/srv/RobotInfo_Request.msg
[1.590s] -- Up-to-date symlink: /home/rika/interbotix_ws/install/interbotix_xs_msgs/share/interbotix_xs_msgs/srv/RobotInfo_Response.msg
[1.590s] -- Up-to-date symlink: /home/rika/interbotix_ws/install/interbotix_xs_msgs/share/interbotix_xs_msgs/srv/TorqueEnable.srv
[1.590s] -- Up-to-date symlink: /home/rika/interbotix_ws/install/interbotix_xs_msgs/share/interbotix_xs_msgs/srv/TorqueEnable_Request.msg
[1.590s] -- Up-to-date symlink: /home/rika/interbotix_ws/install/interbotix_xs_msgs/share/interbotix_xs_msgs/srv/TorqueEnable_Response.msg
[1.590s] -- Up-to-date symlink: /home/rika/interbotix_ws/install/interbotix_xs_msgs/share/ament_index/resource_index/package_run_dependencies/interbotix_xs_msgs
[1.590s] -- Up-to-date symlink: /home/rika/interbotix_ws/install/interbotix_xs_msgs/share/ament_index/resource_index/parent_prefix_path/interbotix_xs_msgs
[1.590s] -- Up-to-date symlink: /home/rika/interbotix_ws/install/interbotix_xs_msgs/share/interbotix_xs_msgs/environment/ament_prefix_path.sh
[1.590s] -- Up-to-date symlink: /home/rika/interbotix_ws/install/interbotix_xs_msgs/share/interbotix_xs_msgs/environment/ament_prefix_path.dsv
[1.590s] -- Up-to-date symlink: /home/rika/interbotix_ws/install/interbotix_xs_msgs/share/interbotix_xs_msgs/environment/path.sh
[1.590s] -- Up-to-date symlink: /home/rika/interbotix_ws/install/interbotix_xs_msgs/share/interbotix_xs_msgs/environment/path.dsv
[1.590s] -- Up-to-date symlink: /home/rika/interbotix_ws/install/interbotix_xs_msgs/share/interbotix_xs_msgs/local_setup.bash
[1.590s] -- Up-to-date symlink: /home/rika/interbotix_ws/install/interbotix_xs_msgs/share/interbotix_xs_msgs/local_setup.sh
[1.590s] -- Up-to-date symlink: /home/rika/interbotix_ws/install/interbotix_xs_msgs/share/interbotix_xs_msgs/local_setup.zsh
[1.590s] -- Up-to-date symlink: /home/rika/interbotix_ws/install/interbotix_xs_msgs/share/interbotix_xs_msgs/local_setup.dsv
[1.591s] -- Symlinking: /home/rika/interbotix_ws/install/interbotix_xs_msgs/share/interbotix_xs_msgs/package.dsv
[1.598s] -- Up-to-date symlink: /home/rika/interbotix_ws/install/interbotix_xs_msgs/share/ament_index/resource_index/packages/interbotix_xs_msgs
[1.598s] -- Up-to-date symlink: /home/rika/interbotix_ws/install/interbotix_xs_msgs/share/interbotix_xs_msgs/cmake/rosidl_cmake-extras.cmake
[1.598s] -- Up-to-date symlink: /home/rika/interbotix_ws/install/interbotix_xs_msgs/share/interbotix_xs_msgs/cmake/ament_cmake_export_dependencies-extras.cmake
[1.598s] -- Up-to-date symlink: /home/rika/interbotix_ws/install/interbotix_xs_msgs/share/interbotix_xs_msgs/cmake/ament_cmake_export_include_directories-extras.cmake
[1.598s] -- Up-to-date symlink: /home/rika/interbotix_ws/install/interbotix_xs_msgs/share/interbotix_xs_msgs/cmake/ament_cmake_export_libraries-extras.cmake
[1.598s] -- Up-to-date symlink: /home/rika/interbotix_ws/install/interbotix_xs_msgs/share/interbotix_xs_msgs/cmake/ament_cmake_export_targets-extras.cmake
[1.598s] -- Up-to-date symlink: /home/rika/interbotix_ws/install/interbotix_xs_msgs/share/interbotix_xs_msgs/cmake/rosidl_cmake_export_typesupport_targets-extras.cmake
[1.599s] -- Up-to-date symlink: /home/rika/interbotix_ws/install/interbotix_xs_msgs/share/interbotix_xs_msgs/cmake/rosidl_cmake_export_typesupport_libraries-extras.cmake
[1.599s] -- Up-to-date symlink: /home/rika/interbotix_ws/install/interbotix_xs_msgs/share/interbotix_xs_msgs/cmake/interbotix_xs_msgsConfig.cmake
[1.599s] -- Up-to-date symlink: /home/rika/interbotix_ws/install/interbotix_xs_msgs/share/interbotix_xs_msgs/cmake/interbotix_xs_msgsConfig-version.cmake
[1.599s] -- Up-to-date symlink: /home/rika/interbotix_ws/install/interbotix_xs_msgs/share/interbotix_xs_msgs/package.xml
[1.599s] -- Up-to-date: /home/rika/interbotix_ws/install/interbotix_xs_msgs/lib/libinterbotix_xs_msgs__rosidl_generator_c.so
[1.599s] -- Up-to-date: /home/rika/interbotix_ws/install/interbotix_xs_msgs/lib/libinterbotix_xs_msgs__rosidl_typesupport_fastrtps_c.so
[1.599s] -- Up-to-date: /home/rika/interbotix_ws/install/interbotix_xs_msgs/lib/libinterbotix_xs_msgs__rosidl_typesupport_introspection_c.so
[1.599s] -- Up-to-date: /home/rika/interbotix_ws/install/interbotix_xs_msgs/lib/libinterbotix_xs_msgs__rosidl_typesupport_c.so
[1.600s] -- Up-to-date: /home/rika/interbotix_ws/install/interbotix_xs_msgs/lib/libinterbotix_xs_msgs__rosidl_typesupport_fastrtps_cpp.so
[1.600s] -- Up-to-date: /home/rika/interbotix_ws/install/interbotix_xs_msgs/lib/libinterbotix_xs_msgs__rosidl_typesupport_introspection_cpp.so
[1.600s] -- Up-to-date: /home/rika/interbotix_ws/install/interbotix_xs_msgs/lib/libinterbotix_xs_msgs__rosidl_typesupport_cpp.so
[1.626s] Listing '/home/rika/interbotix_ws/install/interbotix_xs_msgs/local/lib/python3.10/dist-packages/interbotix_xs_msgs'...
[1.626s] Compiling '/home/rika/interbotix_ws/install/interbotix_xs_msgs/local/lib/python3.10/dist-packages/interbotix_xs_msgs/__init__.py'...
[1.626s] Listing '/home/rika/interbotix_ws/install/interbotix_xs_msgs/local/lib/python3.10/dist-packages/interbotix_xs_msgs/msg'...
[1.626s] Listing '/home/rika/interbotix_ws/install/interbotix_xs_msgs/local/lib/python3.10/dist-packages/interbotix_xs_msgs/srv'...
[1.632s] -- Up-to-date: /home/rika/interbotix_ws/install/interbotix_xs_msgs/lib/libinterbotix_xs_msgs__rosidl_generator_py.so
[1.632s] -- Up-to-date: /home/rika/interbotix_ws/install/interbotix_xs_msgs/share/interbotix_xs_msgs/cmake/export_interbotix_xs_msgs__rosidl_generator_cExport.cmake
[1.632s] -- Up-to-date: /home/rika/interbotix_ws/install/interbotix_xs_msgs/share/interbotix_xs_msgs/cmake/export_interbotix_xs_msgs__rosidl_generator_cExport-noconfig.cmake
[1.632s] -- Up-to-date: /home/rika/interbotix_ws/install/interbotix_xs_msgs/share/interbotix_xs_msgs/cmake/export_interbotix_xs_msgs__rosidl_typesupport_fastrtps_cExport.cmake
[1.632s] -- Up-to-date: /home/rika/interbotix_ws/install/interbotix_xs_msgs/share/interbotix_xs_msgs/cmake/export_interbotix_xs_msgs__rosidl_typesupport_fastrtps_cExport-noconfig.cmake
[1.632s] -- Up-to-date: /home/rika/interbotix_ws/install/interbotix_xs_msgs/share/interbotix_xs_msgs/cmake/interbotix_xs_msgs__rosidl_typesupport_introspection_cExport.cmake
[1.633s] -- Up-to-date: /home/rika/interbotix_ws/install/interbotix_xs_msgs/share/interbotix_xs_msgs/cmake/interbotix_xs_msgs__rosidl_typesupport_introspection_cExport-noconfig.cmake
[1.633s] -- Up-to-date: /home/rika/interbotix_ws/install/interbotix_xs_msgs/share/interbotix_xs_msgs/cmake/interbotix_xs_msgs__rosidl_typesupport_cExport.cmake
[1.633s] -- Up-to-date: /home/rika/interbotix_ws/install/interbotix_xs_msgs/share/interbotix_xs_msgs/cmake/interbotix_xs_msgs__rosidl_typesupport_cExport-noconfig.cmake
[1.633s] -- Up-to-date: /home/rika/interbotix_ws/install/interbotix_xs_msgs/share/interbotix_xs_msgs/cmake/export_interbotix_xs_msgs__rosidl_generator_cppExport.cmake
[1.633s] -- Up-to-date: /home/rika/interbotix_ws/install/interbotix_xs_msgs/share/interbotix_xs_msgs/cmake/export_interbotix_xs_msgs__rosidl_typesupport_fastrtps_cppExport.cmake
[1.633s] -- Up-to-date: /home/rika/interbotix_ws/install/interbotix_xs_msgs/share/interbotix_xs_msgs/cmake/export_interbotix_xs_msgs__rosidl_typesupport_fastrtps_cppExport-noconfig.cmake
[1.633s] -- Up-to-date: /home/rika/interbotix_ws/install/interbotix_xs_msgs/share/interbotix_xs_msgs/cmake/interbotix_xs_msgs__rosidl_typesupport_introspection_cppExport.cmake
[1.633s] -- Up-to-date: /home/rika/interbotix_ws/install/interbotix_xs_msgs/share/interbotix_xs_msgs/cmake/interbotix_xs_msgs__rosidl_typesupport_introspection_cppExport-noconfig.cmake
[1.633s] -- Up-to-date: /home/rika/interbotix_ws/install/interbotix_xs_msgs/share/interbotix_xs_msgs/cmake/interbotix_xs_msgs__rosidl_typesupport_cppExport.cmake
[1.633s] -- Up-to-date: /home/rika/interbotix_ws/install/interbotix_xs_msgs/share/interbotix_xs_msgs/cmake/interbotix_xs_msgs__rosidl_typesupport_cppExport-noconfig.cmake
[1.633s] -- Up-to-date: /home/rika/interbotix_ws/install/interbotix_xs_msgs/share/interbotix_xs_msgs/cmake/export_interbotix_xs_msgs__rosidl_generator_pyExport.cmake
[1.633s] -- Up-to-date: /home/rika/interbotix_ws/install/interbotix_xs_msgs/share/interbotix_xs_msgs/cmake/export_interbotix_xs_msgs__rosidl_generator_pyExport-noconfig.cmake
[1.635s] Invoked command in '/home/rika/interbotix_ws/build/interbotix_xs_msgs' returned '0': CMAKE_PREFIX_PATH=/home/rika/rika_ws/install/bimanual_pkg:/home/rika/interbotix_ws/install/interbotix_xs_modules:/home/rika/interbotix_ws/install/interbotix_perception_modules:/home/rika/interbotix_ws/install/dual_arm_control:/home/rika/interbotix_ws/install/interbotix_common_modules:/opt/ros/humble:${CMAKE_PREFIX_PATH} /usr/bin/cmake --install /home/rika/interbotix_ws/build/interbotix_xs_msgs
