[0.010s] Invoking command in '/home/rika/interbotix_ws/build/interbotix_xs_sdk': CMAKE_PREFIX_PATH=/home/rika/interbotix_ws/install/interbotix_xs_driver:/home/rika/interbotix_ws/install/interbotix_xs_msgs:/home/rika/interbotix_ws/install/dynamixel_workbench_toolbox:/home/rika/interbotix_ws/install/interbotix_ros_xsarms_examples:/home/rika/interbotix_ws/install/interbotix_xsarm_moveit_interface:/home/rika/interbotix_ws/install/interbotix_moveit_interface:/home/rika/interbotix_ws/install/moveit_visual_tools:/home/rika/interbotix_ws/install/interbotix_ros_xsarms:/home/rika/interbotix_ws/install/interbotix_xsarm_moveit:/home/rika/interbotix_ws/install/interbotix_xsarm_sim:/home/rika/interbotix_ws/install/interbotix_xsarm_ros_control:/home/rika/interbotix_ws/install/interbotix_xsarm_puppet:/home/rika/interbotix_ws/install/interbotix_xsarm_perception:/home/rika/interbotix_ws/install/interbotix_xsarm_joy:/home/rika/interbotix_ws/install/interbotix_xsarm_gravity_compensation:/home/rika/interbotix_ws/install/interbotix_xsarm_dual:/home/rika/interbotix_ws/install/interbotix_xsarm_control:/home/rika/interbotix_ws/install/interbotix_xsarm_descriptions:/home/rika/interbotix_ws/install/interbotix_xs_toolbox:/home/rika/interbotix_ws/install/interbotix_xs_rviz:/home/rika/interbotix_ws/install/interbotix_ros_xseries:/home/rika/interbotix_ws/install/interbotix_xs_sdk:/home/rika/interbotix_ws/install/interbotix_xs_ros_control:/home/rika/interbotix_ws/install/interbotix_perception_toolbox:/home/rika/interbotix_ws/install/interbotix_common_toolbox:/home/rika/interbotix_ws/install/interbotix_gravity_compensation:/home/rika/interbotix_ws/install/interbotix_tf_tools:/home/rika/interbotix_ws/install/interbotix_perception_pipelines:/home/rika/interbotix_ws/install/interbotix_perception_msgs:/home/rika/interbotix_ws/install/interbotix_moveit_interface_msgs:/home/rika/interbotix_ws/install/interbotix_common_sim:/home/rika/apriltag_ws/install/apriltag_ros:/home/rika/interbotix_ws/install/interbotix_xs_modules:/home/rika/interbotix_ws/install/interbotix_perception_modules:/home/rika/interbotix_ws/install/interbotix_common_modules:/opt/ros/humble LD_LIBRARY_PATH=/home/rika/interbotix_ws/install/interbotix_xs_driver/lib:/home/rika/interbotix_ws/install/interbotix_xs_msgs/lib:/home/rika/interbotix_ws/install/dynamixel_workbench_toolbox/lib:/home/rika/interbotix_ws/install/moveit_visual_tools/lib:/home/rika/interbotix_ws/install/interbotix_xs_rviz/lib:/home/rika/interbotix_ws/install/interbotix_xs_ros_control/lib:/home/rika/interbotix_ws/install/interbotix_tf_tools/lib:/home/rika/interbotix_ws/install/interbotix_perception_msgs/lib:/home/rika/interbotix_ws/install/interbotix_moveit_interface_msgs/lib:/home/rika/apriltag_ws/install/apriltag_ros/lib:/opt/ros/humble/opt/rviz_ogre_vendor/lib:/opt/ros/humble/lib/x86_64-linux-gnu:/opt/ros/humble/lib /usr/bin/cmake /home/rika/interbotix_ws/src/interbotix_ros_core/interbotix_ros_xseries/interbotix_xs_sdk -DAMENT_CMAKE_SYMLINK_INSTALL=1 -DCMAKE_INSTALL_PREFIX=/home/rika/interbotix_ws/install/interbotix_xs_sdk
[0.050s] -- The C compiler identification is GNU 11.4.0
[0.089s] -- The CXX compiler identification is GNU 11.4.0
[0.094s] -- Detecting C compiler ABI info
[0.140s] -- Detecting C compiler ABI info - done
[0.145s] -- Check for working C compiler: /usr/bin/cc - skipped
[0.146s] -- Detecting C compile features
[0.146s] -- Detecting C compile features - done
[0.148s] -- Detecting CXX compiler ABI info
[0.202s] -- Detecting CXX compiler ABI info - done
[0.207s] -- Check for working CXX compiler: /usr/bin/c++ - skipped
[0.208s] -- Detecting CXX compile features
[0.208s] -- Detecting CXX compile features - done
[0.210s] -- Found ament_cmake: 1.3.11 (/opt/ros/humble/share/ament_cmake/cmake)
[0.324s] -- Found Python3: /usr/bin/python3 (found version "3.10.12") found components: Interpreter 
[0.372s] -- Override CMake install command with custom implementation using symlinks instead of copying resources
[0.400s] -- Found ament_index_cpp: 1.4.0 (/opt/ros/humble/share/ament_index_cpp/cmake)
[0.402s] -- Found rclcpp: 16.0.12 (/opt/ros/humble/share/rclcpp/cmake)
[0.430s] -- Found rosidl_generator_c: 3.1.6 (/opt/ros/humble/share/rosidl_generator_c/cmake)
[0.434s] -- Found rosidl_adapter: 3.1.6 (/opt/ros/humble/share/rosidl_adapter/cmake)
[0.440s] -- Found rosidl_generator_cpp: 3.1.6 (/opt/ros/humble/share/rosidl_generator_cpp/cmake)
[0.450s] -- Using all available rosidl_typesupport_c: rosidl_typesupport_fastrtps_c;rosidl_typesupport_introspection_c
[0.462s] -- Using all available rosidl_typesupport_cpp: rosidl_typesupport_fastrtps_cpp;rosidl_typesupport_introspection_cpp
[0.495s] -- Found rmw_implementation_cmake: 6.1.2 (/opt/ros/humble/share/rmw_implementation_cmake/cmake)
[0.497s] -- Found rmw_fastrtps_cpp: 6.2.7 (/opt/ros/humble/share/rmw_fastrtps_cpp/cmake)
[0.554s] -- Found OpenSSL: /usr/lib/x86_64-linux-gnu/libcrypto.so (found version "3.0.2")  
[0.572s] -- Found FastRTPS: /opt/ros/humble/include  
[0.601s] -- Using RMW implementation 'rmw_fastrtps_cpp' as default
[0.607s] -- Looking for pthread.h
[0.655s] -- Looking for pthread.h - found
[0.655s] -- Performing Test CMAKE_HAVE_LIBC_PTHREAD
[0.703s] -- Performing Test CMAKE_HAVE_LIBC_PTHREAD - Success
[0.704s] -- Found Threads: TRUE  
[0.740s] -- Found rclpy: 3.3.16 (/opt/ros/humble/share/rclpy/cmake)
[0.742s] -- Found sensor_msgs: 4.9.0 (/opt/ros/humble/share/sensor_msgs/cmake)
[0.764s] -- Found urdf: 2.6.1 (/opt/ros/humble/share/urdf/cmake)
[0.790s] -- Found interbotix_xs_msgs: 0.0.0 (/home/rika/interbotix_ws/install/interbotix_xs_msgs/share/interbotix_xs_msgs/cmake)
[0.814s] -- Found interbotix_xs_driver: 0.3.7 (/home/rika/interbotix_ws/install/interbotix_xs_driver/share/interbotix_xs_driver/cmake)
[0.823s] -- Found ament_lint_auto: 0.12.12 (/opt/ros/humble/share/ament_lint_auto/cmake)
[0.893s] -- Added test 'copyright' to check source files copyright and LICENSE
[0.895s] -- Added test 'cppcheck' to perform static code analysis on C / C++ code
[0.895s] -- Configured cppcheck include dirs: /home/rika/interbotix_ws/src/interbotix_ros_core/interbotix_ros_xseries/interbotix_xs_sdk/include
[0.895s] -- Configured cppcheck exclude dirs and/or files: 
[0.896s] -- Added test 'cpplint' to check C / C++ code against the Google style
[0.896s] -- Configured cpplint exclude dirs and/or files: 
[0.897s] -- Added test 'flake8' to check Python code syntax and style conventions
[0.897s] -- Added test 'lint_cmake' to check CMake code style
[0.898s] -- Added test 'pep257' to check Python code against some of the docstring style conventions in PEP 257
[0.899s] -- Added test 'uncrustify' to check C / C++ code style
[0.899s] -- Configured uncrustify additional arguments: 
[0.899s] -- Added test 'xmllint' to check XML markup files
[0.901s] -- Configuring done
[0.910s] -- Generating done
[0.912s] -- Build files have been written to: /home/rika/interbotix_ws/build/interbotix_xs_sdk
[0.919s] Invoked command in '/home/rika/interbotix_ws/build/interbotix_xs_sdk' returned '0': CMAKE_PREFIX_PATH=/home/rika/interbotix_ws/install/interbotix_xs_driver:/home/rika/interbotix_ws/install/interbotix_xs_msgs:/home/rika/interbotix_ws/install/dynamixel_workbench_toolbox:/home/rika/interbotix_ws/install/interbotix_ros_xsarms_examples:/home/rika/interbotix_ws/install/interbotix_xsarm_moveit_interface:/home/rika/interbotix_ws/install/interbotix_moveit_interface:/home/rika/interbotix_ws/install/moveit_visual_tools:/home/rika/interbotix_ws/install/interbotix_ros_xsarms:/home/rika/interbotix_ws/install/interbotix_xsarm_moveit:/home/rika/interbotix_ws/install/interbotix_xsarm_sim:/home/rika/interbotix_ws/install/interbotix_xsarm_ros_control:/home/rika/interbotix_ws/install/interbotix_xsarm_puppet:/home/rika/interbotix_ws/install/interbotix_xsarm_perception:/home/rika/interbotix_ws/install/interbotix_xsarm_joy:/home/rika/interbotix_ws/install/interbotix_xsarm_gravity_compensation:/home/rika/interbotix_ws/install/interbotix_xsarm_dual:/home/rika/interbotix_ws/install/interbotix_xsarm_control:/home/rika/interbotix_ws/install/interbotix_xsarm_descriptions:/home/rika/interbotix_ws/install/interbotix_xs_toolbox:/home/rika/interbotix_ws/install/interbotix_xs_rviz:/home/rika/interbotix_ws/install/interbotix_ros_xseries:/home/rika/interbotix_ws/install/interbotix_xs_sdk:/home/rika/interbotix_ws/install/interbotix_xs_ros_control:/home/rika/interbotix_ws/install/interbotix_perception_toolbox:/home/rika/interbotix_ws/install/interbotix_common_toolbox:/home/rika/interbotix_ws/install/interbotix_gravity_compensation:/home/rika/interbotix_ws/install/interbotix_tf_tools:/home/rika/interbotix_ws/install/interbotix_perception_pipelines:/home/rika/interbotix_ws/install/interbotix_perception_msgs:/home/rika/interbotix_ws/install/interbotix_moveit_interface_msgs:/home/rika/interbotix_ws/install/interbotix_common_sim:/home/rika/apriltag_ws/install/apriltag_ros:/home/rika/interbotix_ws/install/interbotix_xs_modules:/home/rika/interbotix_ws/install/interbotix_perception_modules:/home/rika/interbotix_ws/install/interbotix_common_modules:/opt/ros/humble LD_LIBRARY_PATH=/home/rika/interbotix_ws/install/interbotix_xs_driver/lib:/home/rika/interbotix_ws/install/interbotix_xs_msgs/lib:/home/rika/interbotix_ws/install/dynamixel_workbench_toolbox/lib:/home/rika/interbotix_ws/install/moveit_visual_tools/lib:/home/rika/interbotix_ws/install/interbotix_xs_rviz/lib:/home/rika/interbotix_ws/install/interbotix_xs_ros_control/lib:/home/rika/interbotix_ws/install/interbotix_tf_tools/lib:/home/rika/interbotix_ws/install/interbotix_perception_msgs/lib:/home/rika/interbotix_ws/install/interbotix_moveit_interface_msgs/lib:/home/rika/apriltag_ws/install/apriltag_ros/lib:/opt/ros/humble/opt/rviz_ogre_vendor/lib:/opt/ros/humble/lib/x86_64-linux-gnu:/opt/ros/humble/lib /usr/bin/cmake /home/rika/interbotix_ws/src/interbotix_ros_core/interbotix_ros_xseries/interbotix_xs_sdk -DAMENT_CMAKE_SYMLINK_INSTALL=1 -DCMAKE_INSTALL_PREFIX=/home/rika/interbotix_ws/install/interbotix_xs_sdk
[0.920s] Invoking command in '/home/rika/interbotix_ws/build/interbotix_xs_sdk': CMAKE_PREFIX_PATH=/home/rika/interbotix_ws/install/interbotix_xs_driver:/home/rika/interbotix_ws/install/interbotix_xs_msgs:/home/rika/interbotix_ws/install/dynamixel_workbench_toolbox:/home/rika/interbotix_ws/install/interbotix_ros_xsarms_examples:/home/rika/interbotix_ws/install/interbotix_xsarm_moveit_interface:/home/rika/interbotix_ws/install/interbotix_moveit_interface:/home/rika/interbotix_ws/install/moveit_visual_tools:/home/rika/interbotix_ws/install/interbotix_ros_xsarms:/home/rika/interbotix_ws/install/interbotix_xsarm_moveit:/home/rika/interbotix_ws/install/interbotix_xsarm_sim:/home/rika/interbotix_ws/install/interbotix_xsarm_ros_control:/home/rika/interbotix_ws/install/interbotix_xsarm_puppet:/home/rika/interbotix_ws/install/interbotix_xsarm_perception:/home/rika/interbotix_ws/install/interbotix_xsarm_joy:/home/rika/interbotix_ws/install/interbotix_xsarm_gravity_compensation:/home/rika/interbotix_ws/install/interbotix_xsarm_dual:/home/rika/interbotix_ws/install/interbotix_xsarm_control:/home/rika/interbotix_ws/install/interbotix_xsarm_descriptions:/home/rika/interbotix_ws/install/interbotix_xs_toolbox:/home/rika/interbotix_ws/install/interbotix_xs_rviz:/home/rika/interbotix_ws/install/interbotix_ros_xseries:/home/rika/interbotix_ws/install/interbotix_xs_sdk:/home/rika/interbotix_ws/install/interbotix_xs_ros_control:/home/rika/interbotix_ws/install/interbotix_perception_toolbox:/home/rika/interbotix_ws/install/interbotix_common_toolbox:/home/rika/interbotix_ws/install/interbotix_gravity_compensation:/home/rika/interbotix_ws/install/interbotix_tf_tools:/home/rika/interbotix_ws/install/interbotix_perception_pipelines:/home/rika/interbotix_ws/install/interbotix_perception_msgs:/home/rika/interbotix_ws/install/interbotix_moveit_interface_msgs:/home/rika/interbotix_ws/install/interbotix_common_sim:/home/rika/apriltag_ws/install/apriltag_ros:/home/rika/interbotix_ws/install/interbotix_xs_modules:/home/rika/interbotix_ws/install/interbotix_perception_modules:/home/rika/interbotix_ws/install/interbotix_common_modules:/opt/ros/humble LD_LIBRARY_PATH=/home/rika/interbotix_ws/install/interbotix_xs_driver/lib:/home/rika/interbotix_ws/install/interbotix_xs_msgs/lib:/home/rika/interbotix_ws/install/dynamixel_workbench_toolbox/lib:/home/rika/interbotix_ws/install/moveit_visual_tools/lib:/home/rika/interbotix_ws/install/interbotix_xs_rviz/lib:/home/rika/interbotix_ws/install/interbotix_xs_ros_control/lib:/home/rika/interbotix_ws/install/interbotix_tf_tools/lib:/home/rika/interbotix_ws/install/interbotix_perception_msgs/lib:/home/rika/interbotix_ws/install/interbotix_moveit_interface_msgs/lib:/home/rika/apriltag_ws/install/apriltag_ros/lib:/opt/ros/humble/opt/rviz_ogre_vendor/lib:/opt/ros/humble/lib/x86_64-linux-gnu:/opt/ros/humble/lib /usr/bin/cmake --build /home/rika/interbotix_ws/build/interbotix_xs_sdk -- -j12 -l12
[0.955s] [ 66%] [32mBuilding CXX object CMakeFiles/xs_sdk.dir/src/xs_sdk_obj.cpp.o[0m
[0.956s] [ 66%] [32mBuilding CXX object CMakeFiles/xs_sdk.dir/src/xs_sdk.cpp.o[0m
[15.620s] [100%] [32m[1mLinking CXX executable xs_sdk[0m
[16.390s] [100%] Built target xs_sdk
[16.398s] Invoked command in '/home/rika/interbotix_ws/build/interbotix_xs_sdk' returned '0': CMAKE_PREFIX_PATH=/home/rika/interbotix_ws/install/interbotix_xs_driver:/home/rika/interbotix_ws/install/interbotix_xs_msgs:/home/rika/interbotix_ws/install/dynamixel_workbench_toolbox:/home/rika/interbotix_ws/install/interbotix_ros_xsarms_examples:/home/rika/interbotix_ws/install/interbotix_xsarm_moveit_interface:/home/rika/interbotix_ws/install/interbotix_moveit_interface:/home/rika/interbotix_ws/install/moveit_visual_tools:/home/rika/interbotix_ws/install/interbotix_ros_xsarms:/home/rika/interbotix_ws/install/interbotix_xsarm_moveit:/home/rika/interbotix_ws/install/interbotix_xsarm_sim:/home/rika/interbotix_ws/install/interbotix_xsarm_ros_control:/home/rika/interbotix_ws/install/interbotix_xsarm_puppet:/home/rika/interbotix_ws/install/interbotix_xsarm_perception:/home/rika/interbotix_ws/install/interbotix_xsarm_joy:/home/rika/interbotix_ws/install/interbotix_xsarm_gravity_compensation:/home/rika/interbotix_ws/install/interbotix_xsarm_dual:/home/rika/interbotix_ws/install/interbotix_xsarm_control:/home/rika/interbotix_ws/install/interbotix_xsarm_descriptions:/home/rika/interbotix_ws/install/interbotix_xs_toolbox:/home/rika/interbotix_ws/install/interbotix_xs_rviz:/home/rika/interbotix_ws/install/interbotix_ros_xseries:/home/rika/interbotix_ws/install/interbotix_xs_sdk:/home/rika/interbotix_ws/install/interbotix_xs_ros_control:/home/rika/interbotix_ws/install/interbotix_perception_toolbox:/home/rika/interbotix_ws/install/interbotix_common_toolbox:/home/rika/interbotix_ws/install/interbotix_gravity_compensation:/home/rika/interbotix_ws/install/interbotix_tf_tools:/home/rika/interbotix_ws/install/interbotix_perception_pipelines:/home/rika/interbotix_ws/install/interbotix_perception_msgs:/home/rika/interbotix_ws/install/interbotix_moveit_interface_msgs:/home/rika/interbotix_ws/install/interbotix_common_sim:/home/rika/apriltag_ws/install/apriltag_ros:/home/rika/interbotix_ws/install/interbotix_xs_modules:/home/rika/interbotix_ws/install/interbotix_perception_modules:/home/rika/interbotix_ws/install/interbotix_common_modules:/opt/ros/humble LD_LIBRARY_PATH=/home/rika/interbotix_ws/install/interbotix_xs_driver/lib:/home/rika/interbotix_ws/install/interbotix_xs_msgs/lib:/home/rika/interbotix_ws/install/dynamixel_workbench_toolbox/lib:/home/rika/interbotix_ws/install/moveit_visual_tools/lib:/home/rika/interbotix_ws/install/interbotix_xs_rviz/lib:/home/rika/interbotix_ws/install/interbotix_xs_ros_control/lib:/home/rika/interbotix_ws/install/interbotix_tf_tools/lib:/home/rika/interbotix_ws/install/interbotix_perception_msgs/lib:/home/rika/interbotix_ws/install/interbotix_moveit_interface_msgs/lib:/home/rika/apriltag_ws/install/apriltag_ros/lib:/opt/ros/humble/opt/rviz_ogre_vendor/lib:/opt/ros/humble/lib/x86_64-linux-gnu:/opt/ros/humble/lib /usr/bin/cmake --build /home/rika/interbotix_ws/build/interbotix_xs_sdk -- -j12 -l12
[16.399s] Invoking command in '/home/rika/interbotix_ws/build/interbotix_xs_sdk': CMAKE_PREFIX_PATH=/home/rika/interbotix_ws/install/interbotix_xs_driver:/home/rika/interbotix_ws/install/interbotix_xs_msgs:/home/rika/interbotix_ws/install/dynamixel_workbench_toolbox:/home/rika/interbotix_ws/install/interbotix_ros_xsarms_examples:/home/rika/interbotix_ws/install/interbotix_xsarm_moveit_interface:/home/rika/interbotix_ws/install/interbotix_moveit_interface:/home/rika/interbotix_ws/install/moveit_visual_tools:/home/rika/interbotix_ws/install/interbotix_ros_xsarms:/home/rika/interbotix_ws/install/interbotix_xsarm_moveit:/home/rika/interbotix_ws/install/interbotix_xsarm_sim:/home/rika/interbotix_ws/install/interbotix_xsarm_ros_control:/home/rika/interbotix_ws/install/interbotix_xsarm_puppet:/home/rika/interbotix_ws/install/interbotix_xsarm_perception:/home/rika/interbotix_ws/install/interbotix_xsarm_joy:/home/rika/interbotix_ws/install/interbotix_xsarm_gravity_compensation:/home/rika/interbotix_ws/install/interbotix_xsarm_dual:/home/rika/interbotix_ws/install/interbotix_xsarm_control:/home/rika/interbotix_ws/install/interbotix_xsarm_descriptions:/home/rika/interbotix_ws/install/interbotix_xs_toolbox:/home/rika/interbotix_ws/install/interbotix_xs_rviz:/home/rika/interbotix_ws/install/interbotix_ros_xseries:/home/rika/interbotix_ws/install/interbotix_xs_sdk:/home/rika/interbotix_ws/install/interbotix_xs_ros_control:/home/rika/interbotix_ws/install/interbotix_perception_toolbox:/home/rika/interbotix_ws/install/interbotix_common_toolbox:/home/rika/interbotix_ws/install/interbotix_gravity_compensation:/home/rika/interbotix_ws/install/interbotix_tf_tools:/home/rika/interbotix_ws/install/interbotix_perception_pipelines:/home/rika/interbotix_ws/install/interbotix_perception_msgs:/home/rika/interbotix_ws/install/interbotix_moveit_interface_msgs:/home/rika/interbotix_ws/install/interbotix_common_sim:/home/rika/apriltag_ws/install/apriltag_ros:/home/rika/interbotix_ws/install/interbotix_xs_modules:/home/rika/interbotix_ws/install/interbotix_perception_modules:/home/rika/interbotix_ws/install/interbotix_common_modules:/opt/ros/humble LD_LIBRARY_PATH=/home/rika/interbotix_ws/install/interbotix_xs_driver/lib:/home/rika/interbotix_ws/install/interbotix_xs_msgs/lib:/home/rika/interbotix_ws/install/dynamixel_workbench_toolbox/lib:/home/rika/interbotix_ws/install/moveit_visual_tools/lib:/home/rika/interbotix_ws/install/interbotix_xs_rviz/lib:/home/rika/interbotix_ws/install/interbotix_xs_ros_control/lib:/home/rika/interbotix_ws/install/interbotix_tf_tools/lib:/home/rika/interbotix_ws/install/interbotix_perception_msgs/lib:/home/rika/interbotix_ws/install/interbotix_moveit_interface_msgs/lib:/home/rika/apriltag_ws/install/apriltag_ros/lib:/opt/ros/humble/opt/rviz_ogre_vendor/lib:/opt/ros/humble/lib/x86_64-linux-gnu:/opt/ros/humble/lib /usr/bin/cmake --install /home/rika/interbotix_ws/build/interbotix_xs_sdk
[16.404s] -- Install configuration: ""
[16.404s] -- Execute custom install script
[16.404s] -- Symlinking: /home/rika/interbotix_ws/install/interbotix_xs_sdk/lib/interbotix_xs_sdk/xs_sdk
[16.410s] -- Symlinking: /home/rika/interbotix_ws/install/interbotix_xs_sdk/lib/interbotix_xs_sdk/xs_sdk_sim.py
[16.416s] -- Symlinking: /home/rika/interbotix_ws/install/interbotix_xs_sdk/share/interbotix_xs_sdk//config/mode_configs_template.yaml
[16.423s] -- Symlinking: /home/rika/interbotix_ws/install/interbotix_xs_sdk/share/interbotix_xs_sdk//config/motor_configs_template.yaml
[16.429s] -- Symlinking: /home/rika/interbotix_ws/install/interbotix_xs_sdk/share/ament_index/resource_index/package_run_dependencies/interbotix_xs_sdk
[16.435s] -- Symlinking: /home/rika/interbotix_ws/install/interbotix_xs_sdk/share/ament_index/resource_index/parent_prefix_path/interbotix_xs_sdk
[16.441s] -- Symlinking: /home/rika/interbotix_ws/install/interbotix_xs_sdk/share/interbotix_xs_sdk/environment/ament_prefix_path.sh
[16.447s] -- Symlinking: /home/rika/interbotix_ws/install/interbotix_xs_sdk/share/interbotix_xs_sdk/environment/ament_prefix_path.dsv
[16.454s] -- Symlinking: /home/rika/interbotix_ws/install/interbotix_xs_sdk/share/interbotix_xs_sdk/environment/path.sh
[16.460s] -- Symlinking: /home/rika/interbotix_ws/install/interbotix_xs_sdk/share/interbotix_xs_sdk/environment/path.dsv
[16.466s] -- Symlinking: /home/rika/interbotix_ws/install/interbotix_xs_sdk/share/interbotix_xs_sdk/local_setup.bash
[16.472s] -- Symlinking: /home/rika/interbotix_ws/install/interbotix_xs_sdk/share/interbotix_xs_sdk/local_setup.sh
[16.478s] -- Symlinking: /home/rika/interbotix_ws/install/interbotix_xs_sdk/share/interbotix_xs_sdk/local_setup.zsh
[16.484s] -- Symlinking: /home/rika/interbotix_ws/install/interbotix_xs_sdk/share/interbotix_xs_sdk/local_setup.dsv
[16.491s] -- Symlinking: /home/rika/interbotix_ws/install/interbotix_xs_sdk/share/interbotix_xs_sdk/package.dsv
[16.497s] -- Symlinking: /home/rika/interbotix_ws/install/interbotix_xs_sdk/share/ament_index/resource_index/packages/interbotix_xs_sdk
[16.503s] -- Symlinking: /home/rika/interbotix_ws/install/interbotix_xs_sdk/share/interbotix_xs_sdk/cmake/interbotix_xs_sdkConfig.cmake
[16.508s] -- Symlinking: /home/rika/interbotix_ws/install/interbotix_xs_sdk/share/interbotix_xs_sdk/cmake/interbotix_xs_sdkConfig-version.cmake
[16.515s] -- Symlinking: /home/rika/interbotix_ws/install/interbotix_xs_sdk/share/interbotix_xs_sdk/package.xml
[16.523s] Invoked command in '/home/rika/interbotix_ws/build/interbotix_xs_sdk' returned '0': CMAKE_PREFIX_PATH=/home/rika/interbotix_ws/install/interbotix_xs_driver:/home/rika/interbotix_ws/install/interbotix_xs_msgs:/home/rika/interbotix_ws/install/dynamixel_workbench_toolbox:/home/rika/interbotix_ws/install/interbotix_ros_xsarms_examples:/home/rika/interbotix_ws/install/interbotix_xsarm_moveit_interface:/home/rika/interbotix_ws/install/interbotix_moveit_interface:/home/rika/interbotix_ws/install/moveit_visual_tools:/home/rika/interbotix_ws/install/interbotix_ros_xsarms:/home/rika/interbotix_ws/install/interbotix_xsarm_moveit:/home/rika/interbotix_ws/install/interbotix_xsarm_sim:/home/rika/interbotix_ws/install/interbotix_xsarm_ros_control:/home/rika/interbotix_ws/install/interbotix_xsarm_puppet:/home/rika/interbotix_ws/install/interbotix_xsarm_perception:/home/rika/interbotix_ws/install/interbotix_xsarm_joy:/home/rika/interbotix_ws/install/interbotix_xsarm_gravity_compensation:/home/rika/interbotix_ws/install/interbotix_xsarm_dual:/home/rika/interbotix_ws/install/interbotix_xsarm_control:/home/rika/interbotix_ws/install/interbotix_xsarm_descriptions:/home/rika/interbotix_ws/install/interbotix_xs_toolbox:/home/rika/interbotix_ws/install/interbotix_xs_rviz:/home/rika/interbotix_ws/install/interbotix_ros_xseries:/home/rika/interbotix_ws/install/interbotix_xs_sdk:/home/rika/interbotix_ws/install/interbotix_xs_ros_control:/home/rika/interbotix_ws/install/interbotix_perception_toolbox:/home/rika/interbotix_ws/install/interbotix_common_toolbox:/home/rika/interbotix_ws/install/interbotix_gravity_compensation:/home/rika/interbotix_ws/install/interbotix_tf_tools:/home/rika/interbotix_ws/install/interbotix_perception_pipelines:/home/rika/interbotix_ws/install/interbotix_perception_msgs:/home/rika/interbotix_ws/install/interbotix_moveit_interface_msgs:/home/rika/interbotix_ws/install/interbotix_common_sim:/home/rika/apriltag_ws/install/apriltag_ros:/home/rika/interbotix_ws/install/interbotix_xs_modules:/home/rika/interbotix_ws/install/interbotix_perception_modules:/home/rika/interbotix_ws/install/interbotix_common_modules:/opt/ros/humble LD_LIBRARY_PATH=/home/rika/interbotix_ws/install/interbotix_xs_driver/lib:/home/rika/interbotix_ws/install/interbotix_xs_msgs/lib:/home/rika/interbotix_ws/install/dynamixel_workbench_toolbox/lib:/home/rika/interbotix_ws/install/moveit_visual_tools/lib:/home/rika/interbotix_ws/install/interbotix_xs_rviz/lib:/home/rika/interbotix_ws/install/interbotix_xs_ros_control/lib:/home/rika/interbotix_ws/install/interbotix_tf_tools/lib:/home/rika/interbotix_ws/install/interbotix_perception_msgs/lib:/home/rika/interbotix_ws/install/interbotix_moveit_interface_msgs/lib:/home/rika/apriltag_ws/install/apriltag_ros/lib:/opt/ros/humble/opt/rviz_ogre_vendor/lib:/opt/ros/humble/lib/x86_64-linux-gnu:/opt/ros/humble/lib /usr/bin/cmake --install /home/rika/interbotix_ws/build/interbotix_xs_sdk
