[0.199s] Invoking command in '/home/rika/interbotix_ws/build/moveit_visual_tools': CMAKE_PREFIX_PATH=/home/rika/interbotix_ws/install/interbotix_moveit_interface:/home/rika/interbotix_ws/install/moveit_visual_tools:/home/rika/interbotix_ws/install/interbotix_ros_xsarms:/home/rika/interbotix_ws/install/interbotix_xsarm_moveit:/home/rika/interbotix_ws/install/interbotix_xsarm_sim:/home/rika/interbotix_ws/install/interbotix_xsarm_ros_control:/home/rika/interbotix_ws/install/interbotix_xsarm_perception:/home/rika/interbotix_ws/install/interbotix_xsarm_control:/home/rika/interbotix_ws/install/interbotix_xsarm_descriptions:/home/rika/interbotix_ws/install/interbotix_xs_toolbox:/home/rika/interbotix_ws/install/interbotix_xs_rviz:/home/rika/interbotix_ws/install/interbotix_xs_modules:/home/rika/interbotix_ws/install/interbotix_ros_xseries:/home/rika/interbotix_ws/install/interbotix_xs_sdk:/home/rika/interbotix_ws/install/interbotix_xs_ros_control:/home/rika/interbotix_ws/install/interbotix_perception_toolbox:/home/rika/interbotix_ws/install/interbotix_perception_modules:/home/rika/interbotix_ws/install/interbotix_common_toolbox:/home/rika/interbotix_ws/install/interbotix_gravity_compensation:/home/rika/interbotix_ws/install/dual_arm_control:/home/rika/interbotix_ws/install/interbotix_xs_msgs:/home/rika/interbotix_ws/install/interbotix_xs_driver:/home/rika/interbotix_ws/install/interbotix_tf_tools:/home/rika/interbotix_ws/install/interbotix_perception_pipelines:/home/rika/interbotix_ws/install/interbotix_perception_msgs:/home/rika/interbotix_ws/install/interbotix_moveit_interface_msgs:/home/rika/interbotix_ws/install/interbotix_common_sim:/home/rika/interbotix_ws/install/interbotix_common_modules:/home/rika/interbotix_ws/install/dynamixel_workbench_toolbox:/home/rika/rika_ws/install/bimanual_pkg:/opt/ros/humble:${CMAKE_PREFIX_PATH} /usr/bin/cmake --build /home/rika/interbotix_ws/build/moveit_visual_tools -- -j12 -l12
[0.322s] [ 16%] [32mBuilding CXX object CMakeFiles/moveit_visual_tools.dir/src/moveit_visual_tools.cpp.o[0m
[0.332s] [ 33%] [32mBuilding CXX object CMakeFiles/moveit_visual_tools.dir/src/imarker_end_effector.cpp.o[0m
[0.332s] [ 50%] [32mBuilding CXX object CMakeFiles/moveit_visual_tools.dir/src/imarker_robot_state.cpp.o[0m
[20.566s] [ 66%] [32m[1mLinking CXX shared library libmoveit_visual_tools.so[0m
[20.856s] [ 66%] Built target moveit_visual_tools
[20.892s] [ 83%] [32m[1mLinking CXX executable moveit_visual_tools_demo[0m
[21.195s] [100%] Built target moveit_visual_tools_demo
[21.204s] Invoked command in '/home/rika/interbotix_ws/build/moveit_visual_tools' returned '0': CMAKE_PREFIX_PATH=/home/rika/interbotix_ws/install/interbotix_moveit_interface:/home/rika/interbotix_ws/install/moveit_visual_tools:/home/rika/interbotix_ws/install/interbotix_ros_xsarms:/home/rika/interbotix_ws/install/interbotix_xsarm_moveit:/home/rika/interbotix_ws/install/interbotix_xsarm_sim:/home/rika/interbotix_ws/install/interbotix_xsarm_ros_control:/home/rika/interbotix_ws/install/interbotix_xsarm_perception:/home/rika/interbotix_ws/install/interbotix_xsarm_control:/home/rika/interbotix_ws/install/interbotix_xsarm_descriptions:/home/rika/interbotix_ws/install/interbotix_xs_toolbox:/home/rika/interbotix_ws/install/interbotix_xs_rviz:/home/rika/interbotix_ws/install/interbotix_xs_modules:/home/rika/interbotix_ws/install/interbotix_ros_xseries:/home/rika/interbotix_ws/install/interbotix_xs_sdk:/home/rika/interbotix_ws/install/interbotix_xs_ros_control:/home/rika/interbotix_ws/install/interbotix_perception_toolbox:/home/rika/interbotix_ws/install/interbotix_perception_modules:/home/rika/interbotix_ws/install/interbotix_common_toolbox:/home/rika/interbotix_ws/install/interbotix_gravity_compensation:/home/rika/interbotix_ws/install/dual_arm_control:/home/rika/interbotix_ws/install/interbotix_xs_msgs:/home/rika/interbotix_ws/install/interbotix_xs_driver:/home/rika/interbotix_ws/install/interbotix_tf_tools:/home/rika/interbotix_ws/install/interbotix_perception_pipelines:/home/rika/interbotix_ws/install/interbotix_perception_msgs:/home/rika/interbotix_ws/install/interbotix_moveit_interface_msgs:/home/rika/interbotix_ws/install/interbotix_common_sim:/home/rika/interbotix_ws/install/interbotix_common_modules:/home/rika/interbotix_ws/install/dynamixel_workbench_toolbox:/home/rika/rika_ws/install/bimanual_pkg:/opt/ros/humble:${CMAKE_PREFIX_PATH} /usr/bin/cmake --build /home/rika/interbotix_ws/build/moveit_visual_tools -- -j12 -l12
[21.206s] Invoking command in '/home/rika/interbotix_ws/build/moveit_visual_tools': CMAKE_PREFIX_PATH=/home/rika/interbotix_ws/install/interbotix_moveit_interface:/home/rika/interbotix_ws/install/moveit_visual_tools:/home/rika/interbotix_ws/install/interbotix_ros_xsarms:/home/rika/interbotix_ws/install/interbotix_xsarm_moveit:/home/rika/interbotix_ws/install/interbotix_xsarm_sim:/home/rika/interbotix_ws/install/interbotix_xsarm_ros_control:/home/rika/interbotix_ws/install/interbotix_xsarm_perception:/home/rika/interbotix_ws/install/interbotix_xsarm_control:/home/rika/interbotix_ws/install/interbotix_xsarm_descriptions:/home/rika/interbotix_ws/install/interbotix_xs_toolbox:/home/rika/interbotix_ws/install/interbotix_xs_rviz:/home/rika/interbotix_ws/install/interbotix_xs_modules:/home/rika/interbotix_ws/install/interbotix_ros_xseries:/home/rika/interbotix_ws/install/interbotix_xs_sdk:/home/rika/interbotix_ws/install/interbotix_xs_ros_control:/home/rika/interbotix_ws/install/interbotix_perception_toolbox:/home/rika/interbotix_ws/install/interbotix_perception_modules:/home/rika/interbotix_ws/install/interbotix_common_toolbox:/home/rika/interbotix_ws/install/interbotix_gravity_compensation:/home/rika/interbotix_ws/install/dual_arm_control:/home/rika/interbotix_ws/install/interbotix_xs_msgs:/home/rika/interbotix_ws/install/interbotix_xs_driver:/home/rika/interbotix_ws/install/interbotix_tf_tools:/home/rika/interbotix_ws/install/interbotix_perception_pipelines:/home/rika/interbotix_ws/install/interbotix_perception_msgs:/home/rika/interbotix_ws/install/interbotix_moveit_interface_msgs:/home/rika/interbotix_ws/install/interbotix_common_sim:/home/rika/interbotix_ws/install/interbotix_common_modules:/home/rika/interbotix_ws/install/dynamixel_workbench_toolbox:/home/rika/rika_ws/install/bimanual_pkg:/opt/ros/humble:${CMAKE_PREFIX_PATH} /usr/bin/cmake --install /home/rika/interbotix_ws/build/moveit_visual_tools
[21.212s] -- Install configuration: "Release"
[21.212s] -- Execute custom install script
[21.212s] -- Up-to-date symlink: /home/rika/interbotix_ws/install/moveit_visual_tools/share/moveit_visual_tools/environment/library_path.sh
[21.213s] -- Up-to-date symlink: /home/rika/interbotix_ws/install/moveit_visual_tools/share/moveit_visual_tools/environment/library_path.dsv
[21.213s] -- Up-to-date symlink: /home/rika/interbotix_ws/install/moveit_visual_tools/lib/moveit_visual_tools/moveit_visual_tools_demo
[21.213s] -- Up-to-date symlink: /home/rika/interbotix_ws/install/moveit_visual_tools/include/moveit_visual_tools/imarker_end_effector.h
[21.213s] -- Up-to-date symlink: /home/rika/interbotix_ws/install/moveit_visual_tools/include/moveit_visual_tools/imarker_robot_state.h
[21.213s] -- Up-to-date symlink: /home/rika/interbotix_ws/install/moveit_visual_tools/include/moveit_visual_tools/moveit_visual_tools.h
[21.214s] -- Up-to-date symlink: /home/rika/interbotix_ws/install/moveit_visual_tools/share/moveit_visual_tools/launch/demo.rviz
[21.214s] -- Up-to-date symlink: /home/rika/interbotix_ws/install/moveit_visual_tools/share/moveit_visual_tools/launch/demo_rviz.launch.py
[21.214s] -- Up-to-date symlink: /home/rika/interbotix_ws/install/moveit_visual_tools/share/moveit_visual_tools/resources/demo.png
[21.214s] -- Up-to-date symlink: /home/rika/interbotix_ws/install/moveit_visual_tools/share/moveit_visual_tools/resources/demo_mesh.stl
[21.214s] -- Up-to-date symlink: /home/rika/interbotix_ws/install/moveit_visual_tools/share/moveit_visual_tools/resources/rrbot.srdf
[21.214s] -- Up-to-date symlink: /home/rika/interbotix_ws/install/moveit_visual_tools/share/moveit_visual_tools/resources/rrbot.urdf
[21.214s] -- Up-to-date symlink: /home/rika/interbotix_ws/install/moveit_visual_tools/share/moveit_visual_tools/resources/screenshot.png
[21.214s] -- Up-to-date symlink: /home/rika/interbotix_ws/install/moveit_visual_tools/share/ament_index/resource_index/package_run_dependencies/moveit_visual_tools
[21.215s] -- Up-to-date symlink: /home/rika/interbotix_ws/install/moveit_visual_tools/share/ament_index/resource_index/parent_prefix_path/moveit_visual_tools
[21.215s] -- Up-to-date symlink: /home/rika/interbotix_ws/install/moveit_visual_tools/share/moveit_visual_tools/environment/ament_prefix_path.sh
[21.215s] -- Up-to-date symlink: /home/rika/interbotix_ws/install/moveit_visual_tools/share/moveit_visual_tools/environment/ament_prefix_path.dsv
[21.215s] -- Up-to-date symlink: /home/rika/interbotix_ws/install/moveit_visual_tools/share/moveit_visual_tools/environment/path.sh
[21.215s] -- Up-to-date symlink: /home/rika/interbotix_ws/install/moveit_visual_tools/share/moveit_visual_tools/environment/path.dsv
[21.215s] -- Up-to-date symlink: /home/rika/interbotix_ws/install/moveit_visual_tools/share/moveit_visual_tools/local_setup.bash
[21.215s] -- Up-to-date symlink: /home/rika/interbotix_ws/install/moveit_visual_tools/share/moveit_visual_tools/local_setup.sh
[21.215s] -- Up-to-date symlink: /home/rika/interbotix_ws/install/moveit_visual_tools/share/moveit_visual_tools/local_setup.zsh
[21.215s] -- Up-to-date symlink: /home/rika/interbotix_ws/install/moveit_visual_tools/share/moveit_visual_tools/local_setup.dsv
[21.216s] -- Up-to-date symlink: /home/rika/interbotix_ws/install/moveit_visual_tools/share/moveit_visual_tools/package.dsv
[21.216s] -- Up-to-date symlink: /home/rika/interbotix_ws/install/moveit_visual_tools/share/ament_index/resource_index/packages/moveit_visual_tools
[21.216s] -- Up-to-date symlink: /home/rika/interbotix_ws/install/moveit_visual_tools/share/moveit_visual_tools/cmake/ament_cmake_export_targets-extras.cmake
[21.216s] -- Up-to-date symlink: /home/rika/interbotix_ws/install/moveit_visual_tools/share/moveit_visual_tools/cmake/ament_cmake_export_dependencies-extras.cmake
[21.216s] -- Up-to-date symlink: /home/rika/interbotix_ws/install/moveit_visual_tools/share/moveit_visual_tools/cmake/moveit_visual_toolsConfig.cmake
[21.216s] -- Up-to-date symlink: /home/rika/interbotix_ws/install/moveit_visual_tools/share/moveit_visual_tools/cmake/moveit_visual_toolsConfig-version.cmake
[21.216s] -- Up-to-date symlink: /home/rika/interbotix_ws/install/moveit_visual_tools/share/moveit_visual_tools/package.xml
[21.217s] -- Installing: /home/rika/interbotix_ws/install/moveit_visual_tools/lib/libmoveit_visual_tools.so
[21.217s] -- Set runtime path of "/home/rika/interbotix_ws/install/moveit_visual_tools/lib/libmoveit_visual_tools.so" to ""
[21.217s] -- Up-to-date: /home/rika/interbotix_ws/install/moveit_visual_tools/share/moveit_visual_tools/cmake/export_moveit_visual_toolsExport.cmake
[21.217s] -- Up-to-date: /home/rika/interbotix_ws/install/moveit_visual_tools/share/moveit_visual_tools/cmake/export_moveit_visual_toolsExport-release.cmake
[21.220s] Invoked command in '/home/rika/interbotix_ws/build/moveit_visual_tools' returned '0': CMAKE_PREFIX_PATH=/home/rika/interbotix_ws/install/interbotix_moveit_interface:/home/rika/interbotix_ws/install/moveit_visual_tools:/home/rika/interbotix_ws/install/interbotix_ros_xsarms:/home/rika/interbotix_ws/install/interbotix_xsarm_moveit:/home/rika/interbotix_ws/install/interbotix_xsarm_sim:/home/rika/interbotix_ws/install/interbotix_xsarm_ros_control:/home/rika/interbotix_ws/install/interbotix_xsarm_perception:/home/rika/interbotix_ws/install/interbotix_xsarm_control:/home/rika/interbotix_ws/install/interbotix_xsarm_descriptions:/home/rika/interbotix_ws/install/interbotix_xs_toolbox:/home/rika/interbotix_ws/install/interbotix_xs_rviz:/home/rika/interbotix_ws/install/interbotix_xs_modules:/home/rika/interbotix_ws/install/interbotix_ros_xseries:/home/rika/interbotix_ws/install/interbotix_xs_sdk:/home/rika/interbotix_ws/install/interbotix_xs_ros_control:/home/rika/interbotix_ws/install/interbotix_perception_toolbox:/home/rika/interbotix_ws/install/interbotix_perception_modules:/home/rika/interbotix_ws/install/interbotix_common_toolbox:/home/rika/interbotix_ws/install/interbotix_gravity_compensation:/home/rika/interbotix_ws/install/dual_arm_control:/home/rika/interbotix_ws/install/interbotix_xs_msgs:/home/rika/interbotix_ws/install/interbotix_xs_driver:/home/rika/interbotix_ws/install/interbotix_tf_tools:/home/rika/interbotix_ws/install/interbotix_perception_pipelines:/home/rika/interbotix_ws/install/interbotix_perception_msgs:/home/rika/interbotix_ws/install/interbotix_moveit_interface_msgs:/home/rika/interbotix_ws/install/interbotix_common_sim:/home/rika/interbotix_ws/install/interbotix_common_modules:/home/rika/interbotix_ws/install/dynamixel_workbench_toolbox:/home/rika/rika_ws/install/bimanual_pkg:/opt/ros/humble:${CMAKE_PREFIX_PATH} /usr/bin/cmake --install /home/rika/interbotix_ws/build/moveit_visual_tools
