[0.182s] Invoking command in '/home/rika/interbotix_ws/build/interbotix_common_sim': CMAKE_PREFIX_PATH=${CMAKE_PREFIX_PATH}:/home/rika/interbotix_ws/install/interbotix_xs_modules:/home/rika/interbotix_ws/install/interbotix_perception_modules:/home/rika/interbotix_ws/install/interbotix_common_modules:/opt/ros/humble /usr/bin/cmake /home/rika/interbotix_ws/src/interbotix_ros_toolboxes/interbotix_common_toolbox/interbotix_common_sim -DAMENT_CMAKE_SYMLINK_INSTALL=1 -DCMAKE_INSTALL_PREFIX=/home/rika/interbotix_ws/install/interbotix_common_sim
[0.222s] -- The C compiler identification is GNU 11.4.0
[0.260s] -- The CXX compiler identification is GNU 11.4.0
[0.267s] -- Detecting C compiler ABI info
[0.317s] -- Detecting C compiler ABI info - done
[0.326s] -- Check for working C compiler: /usr/bin/cc - skipped
[0.327s] -- Detecting C compile features
[0.327s] -- Detecting C compile features - done
[0.330s] -- Detecting CXX compiler ABI info
[0.399s] -- Detecting CXX compiler ABI info - done
[0.407s] -- Check for working CXX compiler: /usr/bin/c++ - skipped
[0.407s] -- Detecting CXX compile features
[0.408s] -- Detecting CXX compile features - done
[0.409s] -- Found ament_cmake: 1.3.11 (/opt/ros/humble/share/ament_cmake/cmake)
[0.530s] -- Found Python3: /usr/bin/python3 (found version "3.10.12") found components: Interpreter 
[0.582s] -- Override CMake install command with custom implementation using symlinks instead of copying resources
[0.610s] -- Found ament_lint_auto: 0.12.12 (/opt/ros/humble/share/ament_lint_auto/cmake)
[0.674s] -- Configuring done
[0.675s] -- Generating done
[0.676s] -- Build files have been written to: /home/rika/interbotix_ws/build/interbotix_common_sim
[0.680s] Invoked command in '/home/rika/interbotix_ws/build/interbotix_common_sim' returned '0': CMAKE_PREFIX_PATH=${CMAKE_PREFIX_PATH}:/home/rika/interbotix_ws/install/interbotix_xs_modules:/home/rika/interbotix_ws/install/interbotix_perception_modules:/home/rika/interbotix_ws/install/interbotix_common_modules:/opt/ros/humble /usr/bin/cmake /home/rika/interbotix_ws/src/interbotix_ros_toolboxes/interbotix_common_toolbox/interbotix_common_sim -DAMENT_CMAKE_SYMLINK_INSTALL=1 -DCMAKE_INSTALL_PREFIX=/home/rika/interbotix_ws/install/interbotix_common_sim
[0.681s] Invoking command in '/home/rika/interbotix_ws/build/interbotix_common_sim': CMAKE_PREFIX_PATH=${CMAKE_PREFIX_PATH}:/home/rika/interbotix_ws/install/interbotix_xs_modules:/home/rika/interbotix_ws/install/interbotix_perception_modules:/home/rika/interbotix_ws/install/interbotix_common_modules:/opt/ros/humble /usr/bin/cmake --build /home/rika/interbotix_ws/build/interbotix_common_sim -- -j12 -l12
[0.707s] Invoked command in '/home/rika/interbotix_ws/build/interbotix_common_sim' returned '0': CMAKE_PREFIX_PATH=${CMAKE_PREFIX_PATH}:/home/rika/interbotix_ws/install/interbotix_xs_modules:/home/rika/interbotix_ws/install/interbotix_perception_modules:/home/rika/interbotix_ws/install/interbotix_common_modules:/opt/ros/humble /usr/bin/cmake --build /home/rika/interbotix_ws/build/interbotix_common_sim -- -j12 -l12
[0.715s] Invoking command in '/home/rika/interbotix_ws/build/interbotix_common_sim': CMAKE_PREFIX_PATH=${CMAKE_PREFIX_PATH}:/home/rika/interbotix_ws/install/interbotix_xs_modules:/home/rika/interbotix_ws/install/interbotix_perception_modules:/home/rika/interbotix_ws/install/interbotix_common_modules:/opt/ros/humble /usr/bin/cmake --install /home/rika/interbotix_ws/build/interbotix_common_sim
[0.720s] -- Install configuration: ""
[0.720s] -- Execute custom install script
[0.721s] -- Symlinking: /home/rika/interbotix_ws/install/interbotix_common_sim/share/interbotix_common_sim/models/RealSenseD415/RealSenseD415.sdf
[0.729s] -- Symlinking: /home/rika/interbotix_ws/install/interbotix_common_sim/share/interbotix_common_sim/models/RealSenseD415/camera.stl
[0.735s] -- Symlinking: /home/rika/interbotix_ws/install/interbotix_common_sim/share/interbotix_common_sim/models/RealSenseD415/model.config
[0.741s] -- Symlinking: /home/rika/interbotix_ws/install/interbotix_common_sim/share/interbotix_common_sim/models/TrossenRoboticsOfficeBuilding/TrossenRoboticsOfficeBuilding.sdf
[0.749s] -- Symlinking: /home/rika/interbotix_ws/install/interbotix_common_sim/share/interbotix_common_sim/models/TrossenRoboticsOfficeBuilding/model.config
[0.756s] -- Symlinking: /home/rika/interbotix_ws/install/interbotix_common_sim/share/interbotix_common_sim/models/VisionKit/VisionKit.sdf
[0.764s] -- Symlinking: /home/rika/interbotix_ws/install/interbotix_common_sim/share/interbotix_common_sim/models/VisionKit/model.config
[0.770s] -- Symlinking: /home/rika/interbotix_ws/install/interbotix_common_sim/share/interbotix_common_sim/models/VisionKit/stand.stl
[0.776s] -- Symlinking: /home/rika/interbotix_ws/install/interbotix_common_sim/share/interbotix_common_sim/worlds/interbotix.world
[0.783s] -- Symlinking: /home/rika/interbotix_ws/install/interbotix_common_sim/share/interbotix_common_sim/worlds/vision_kit.world
[0.791s] -- Symlinking: /home/rika/interbotix_ws/install/interbotix_common_sim/share/interbotix_common_sim/media/interbotix_black.png
[0.798s] -- Symlinking: /home/rika/interbotix_ws/install/interbotix_common_sim/share/interbotix_common_sim/media/materials/scripts/interbotix_black.material
[0.806s] -- Symlinking: /home/rika/interbotix_ws/install/interbotix_common_sim/share/interbotix_common_sim/media/materials/scripts/interbotix_texture.gazebo
[0.814s] -- Symlinking: /home/rika/interbotix_ws/install/interbotix_common_sim/share/interbotix_common_sim/media/materials/textures/interbotix_black.png
[0.823s] -- Symlinking: /home/rika/interbotix_ws/install/interbotix_common_sim/share/ament_index/resource_index/package_run_dependencies/interbotix_common_sim
[0.832s] -- Symlinking: /home/rika/interbotix_ws/install/interbotix_common_sim/share/ament_index/resource_index/parent_prefix_path/interbotix_common_sim
[0.841s] -- Symlinking: /home/rika/interbotix_ws/install/interbotix_common_sim/share/interbotix_common_sim/environment/ament_prefix_path.sh
[0.850s] -- Symlinking: /home/rika/interbotix_ws/install/interbotix_common_sim/share/interbotix_common_sim/environment/ament_prefix_path.dsv
[0.857s] -- Symlinking: /home/rika/interbotix_ws/install/interbotix_common_sim/share/interbotix_common_sim/environment/path.sh
[0.862s] -- Symlinking: /home/rika/interbotix_ws/install/interbotix_common_sim/share/interbotix_common_sim/environment/path.dsv
[0.871s] -- Symlinking: /home/rika/interbotix_ws/install/interbotix_common_sim/share/interbotix_common_sim/local_setup.bash
[0.879s] -- Symlinking: /home/rika/interbotix_ws/install/interbotix_common_sim/share/interbotix_common_sim/local_setup.sh
[0.885s] -- Symlinking: /home/rika/interbotix_ws/install/interbotix_common_sim/share/interbotix_common_sim/local_setup.zsh
[0.895s] -- Symlinking: /home/rika/interbotix_ws/install/interbotix_common_sim/share/interbotix_common_sim/local_setup.dsv
[0.905s] -- Symlinking: /home/rika/interbotix_ws/install/interbotix_common_sim/share/interbotix_common_sim/package.dsv
[0.913s] -- Symlinking: /home/rika/interbotix_ws/install/interbotix_common_sim/share/ament_index/resource_index/packages/interbotix_common_sim
[0.922s] -- Symlinking: /home/rika/interbotix_ws/install/interbotix_common_sim/share/interbotix_common_sim/cmake/interbotix_common_simConfig.cmake
[0.932s] -- Symlinking: /home/rika/interbotix_ws/install/interbotix_common_sim/share/interbotix_common_sim/cmake/interbotix_common_simConfig-version.cmake
[0.940s] -- Symlinking: /home/rika/interbotix_ws/install/interbotix_common_sim/share/interbotix_common_sim/package.xml
[0.949s] Invoked command in '/home/rika/interbotix_ws/build/interbotix_common_sim' returned '0': CMAKE_PREFIX_PATH=${CMAKE_PREFIX_PATH}:/home/rika/interbotix_ws/install/interbotix_xs_modules:/home/rika/interbotix_ws/install/interbotix_perception_modules:/home/rika/interbotix_ws/install/interbotix_common_modules:/opt/ros/humble /usr/bin/cmake --install /home/rika/interbotix_ws/build/interbotix_common_sim
