running develop
running egg_info
creating my_bimanual_pkg.egg-info
writing my_bimanual_pkg.egg-info/PKG-INFO
writing dependency_links to my_bimanual_pkg.egg-info/dependency_links.txt
writing entry points to my_bimanual_pkg.egg-info/entry_points.txt
writing requirements to my_bimanual_pkg.egg-info/requires.txt
writing top-level names to my_bimanual_pkg.egg-info/top_level.txt
writing manifest file 'my_bimanual_pkg.egg-info/SOURCES.txt'
reading manifest file 'my_bimanual_pkg.egg-info/SOURCES.txt'
writing manifest file 'my_bimanual_pkg.egg-info/SOURCES.txt'
running build_ext
Creating /home/rika/interbotix_ws/install/my_bimanual_pkg/lib/python3.10/site-packages/my-bimanual-pkg.egg-link (link to .)
Installing bimanual_move script to /home/rika/interbotix_ws/install/my_bimanual_pkg/lib/my_bimanual_pkg

Installed /home/rika/interbotix_ws/build/my_bimanual_pkg
running symlink_data
creating /home/rika/interbotix_ws/install/my_bimanual_pkg/share/ament_index
creating /home/rika/interbotix_ws/install/my_bimanual_pkg/share/ament_index/resource_index
creating /home/rika/interbotix_ws/install/my_bimanual_pkg/share/ament_index/resource_index/packages
symbolically linking /home/rika/interbotix_ws/build/my_bimanual_pkg/resource/my_bimanual_pkg -> /home/rika/interbotix_ws/install/my_bimanual_pkg/share/ament_index/resource_index/packages
symbolically linking /home/rika/interbotix_ws/build/my_bimanual_pkg/package.xml -> /home/rika/interbotix_ws/install/my_bimanual_pkg/share/my_bimanual_pkg
