[0.199s] Invoking command in '/home/rika/interbotix_ws/build/moveit_visual_tools': CMAKE_PREFIX_PATH=/home/rika/rika_ws/install/bimanual_pkg:/home/rika/interbotix_ws/install/interbotix_xs_modules:/home/rika/interbotix_ws/install/interbotix_perception_modules:/home/rika/interbotix_ws/install/dual_arm_control:/home/rika/interbotix_ws/install/interbotix_common_modules:/opt/ros/humble:${CMAKE_PREFIX_PATH} /usr/bin/cmake --build /home/rika/interbotix_ws/build/moveit_visual_tools -- -j12 -l12
[0.281s] [ 66%] Built target moveit_visual_tools
[0.314s] [100%] Built target moveit_visual_tools_demo
[0.328s] Invoked command in '/home/rika/interbotix_ws/build/moveit_visual_tools' returned '0': CMAKE_PREFIX_PATH=/home/rika/rika_ws/install/bimanual_pkg:/home/rika/interbotix_ws/install/interbotix_xs_modules:/home/rika/interbotix_ws/install/interbotix_perception_modules:/home/rika/interbotix_ws/install/dual_arm_control:/home/rika/interbotix_ws/install/interbotix_common_modules:/opt/ros/humble:${CMAKE_PREFIX_PATH} /usr/bin/cmake --build /home/rika/interbotix_ws/build/moveit_visual_tools -- -j12 -l12
[0.329s] Invoking command in '/home/rika/interbotix_ws/build/moveit_visual_tools': CMAKE_PREFIX_PATH=/home/rika/rika_ws/install/bimanual_pkg:/home/rika/interbotix_ws/install/interbotix_xs_modules:/home/rika/interbotix_ws/install/interbotix_perception_modules:/home/rika/interbotix_ws/install/dual_arm_control:/home/rika/interbotix_ws/install/interbotix_common_modules:/opt/ros/humble:${CMAKE_PREFIX_PATH} /usr/bin/cmake --install /home/rika/interbotix_ws/build/moveit_visual_tools
[0.336s] -- Install configuration: "Release"
[0.336s] -- Execute custom install script
[0.336s] -- Up-to-date symlink: /home/rika/interbotix_ws/install/moveit_visual_tools/share/moveit_visual_tools/environment/library_path.sh
[0.339s] -- Up-to-date symlink: /home/rika/interbotix_ws/install/moveit_visual_tools/share/moveit_visual_tools/environment/library_path.dsv
[0.339s] -- Up-to-date symlink: /home/rika/interbotix_ws/install/moveit_visual_tools/lib/moveit_visual_tools/moveit_visual_tools_demo
[0.339s] -- Up-to-date symlink: /home/rika/interbotix_ws/install/moveit_visual_tools/include/moveit_visual_tools/imarker_end_effector.h
[0.339s] -- Up-to-date symlink: /home/rika/interbotix_ws/install/moveit_visual_tools/include/moveit_visual_tools/imarker_robot_state.h
[0.339s] -- Up-to-date symlink: /home/rika/interbotix_ws/install/moveit_visual_tools/include/moveit_visual_tools/moveit_visual_tools.h
[0.341s] -- Up-to-date symlink: /home/rika/interbotix_ws/install/moveit_visual_tools/share/moveit_visual_tools/launch/demo.rviz
[0.341s] -- Up-to-date symlink: /home/rika/interbotix_ws/install/moveit_visual_tools/share/moveit_visual_tools/launch/demo_rviz.launch.py
[0.341s] -- Up-to-date symlink: /home/rika/interbotix_ws/install/moveit_visual_tools/share/moveit_visual_tools/resources/demo.png
[0.341s] -- Up-to-date symlink: /home/rika/interbotix_ws/install/moveit_visual_tools/share/moveit_visual_tools/resources/demo_mesh.stl
[0.341s] -- Up-to-date symlink: /home/rika/interbotix_ws/install/moveit_visual_tools/share/moveit_visual_tools/resources/rrbot.srdf
[0.341s] -- Up-to-date symlink: /home/rika/interbotix_ws/install/moveit_visual_tools/share/moveit_visual_tools/resources/rrbot.urdf
[0.341s] -- Up-to-date symlink: /home/rika/interbotix_ws/install/moveit_visual_tools/share/moveit_visual_tools/resources/screenshot.png
[0.342s] -- Up-to-date symlink: /home/rika/interbotix_ws/install/moveit_visual_tools/share/ament_index/resource_index/package_run_dependencies/moveit_visual_tools
[0.342s] -- Up-to-date symlink: /home/rika/interbotix_ws/install/moveit_visual_tools/share/ament_index/resource_index/parent_prefix_path/moveit_visual_tools
[0.342s] -- Up-to-date symlink: /home/rika/interbotix_ws/install/moveit_visual_tools/share/moveit_visual_tools/environment/ament_prefix_path.sh
[0.342s] -- Up-to-date symlink: /home/rika/interbotix_ws/install/moveit_visual_tools/share/moveit_visual_tools/environment/ament_prefix_path.dsv
[0.342s] -- Up-to-date symlink: /home/rika/interbotix_ws/install/moveit_visual_tools/share/moveit_visual_tools/environment/path.sh
[0.342s] -- Up-to-date symlink: /home/rika/interbotix_ws/install/moveit_visual_tools/share/moveit_visual_tools/environment/path.dsv
[0.342s] -- Up-to-date symlink: /home/rika/interbotix_ws/install/moveit_visual_tools/share/moveit_visual_tools/local_setup.bash
[0.342s] -- Up-to-date symlink: /home/rika/interbotix_ws/install/moveit_visual_tools/share/moveit_visual_tools/local_setup.sh
[0.342s] -- Up-to-date symlink: /home/rika/interbotix_ws/install/moveit_visual_tools/share/moveit_visual_tools/local_setup.zsh
[0.342s] -- Up-to-date symlink: /home/rika/interbotix_ws/install/moveit_visual_tools/share/moveit_visual_tools/local_setup.dsv
[0.342s] -- Symlinking: /home/rika/interbotix_ws/install/moveit_visual_tools/share/moveit_visual_tools/package.dsv
[0.347s] -- Up-to-date symlink: /home/rika/interbotix_ws/install/moveit_visual_tools/share/ament_index/resource_index/packages/moveit_visual_tools
[0.347s] -- Up-to-date symlink: /home/rika/interbotix_ws/install/moveit_visual_tools/share/moveit_visual_tools/cmake/ament_cmake_export_targets-extras.cmake
[0.347s] -- Up-to-date symlink: /home/rika/interbotix_ws/install/moveit_visual_tools/share/moveit_visual_tools/cmake/ament_cmake_export_dependencies-extras.cmake
[0.347s] -- Up-to-date symlink: /home/rika/interbotix_ws/install/moveit_visual_tools/share/moveit_visual_tools/cmake/moveit_visual_toolsConfig.cmake
[0.347s] -- Up-to-date symlink: /home/rika/interbotix_ws/install/moveit_visual_tools/share/moveit_visual_tools/cmake/moveit_visual_toolsConfig-version.cmake
[0.348s] -- Up-to-date symlink: /home/rika/interbotix_ws/install/moveit_visual_tools/share/moveit_visual_tools/package.xml
[0.349s] -- Up-to-date: /home/rika/interbotix_ws/install/moveit_visual_tools/lib/libmoveit_visual_tools.so
[0.349s] -- Up-to-date: /home/rika/interbotix_ws/install/moveit_visual_tools/share/moveit_visual_tools/cmake/export_moveit_visual_toolsExport.cmake
[0.350s] -- Up-to-date: /home/rika/interbotix_ws/install/moveit_visual_tools/share/moveit_visual_tools/cmake/export_moveit_visual_toolsExport-release.cmake
[0.366s] Invoked command in '/home/rika/interbotix_ws/build/moveit_visual_tools' returned '0': CMAKE_PREFIX_PATH=/home/rika/rika_ws/install/bimanual_pkg:/home/rika/interbotix_ws/install/interbotix_xs_modules:/home/rika/interbotix_ws/install/interbotix_perception_modules:/home/rika/interbotix_ws/install/dual_arm_control:/home/rika/interbotix_ws/install/interbotix_common_modules:/opt/ros/humble:${CMAKE_PREFIX_PATH} /usr/bin/cmake --install /home/rika/interbotix_ws/build/moveit_visual_tools
