[0.543s] Invoking command in '/home/rika/interbotix_ws/build/interbotix_common_modules': PYTHONPATH=/home/rika/interbotix_ws/build/interbotix_common_modules/prefix_override:/usr/lib/python3/dist-packages/colcon_core/task/python/colcon_distutils_commands:/home/rika/interbotix_ws/install/interbotix_common_modules/lib/python3.10/site-packages:${PYTHONPATH} /usr/bin/python3 -W ignore:setup.py install is deprecated -W ignore:easy_install command is deprecated setup.py develop --uninstall --editable --build-directory /home/rika/interbotix_ws/build/interbotix_common_modules/build
[0.746s] running develop
[0.862s] Removing /home/rika/interbotix_ws/install/interbotix_common_modules/lib/python3.10/site-packages/interbotix-common-modules.egg-link (link to .)
[0.889s] Invoked command in '/home/rika/interbotix_ws/build/interbotix_common_modules' returned '0': PYTHONPATH=/home/rika/interbotix_ws/build/interbotix_common_modules/prefix_override:/usr/lib/python3/dist-packages/colcon_core/task/python/colcon_distutils_commands:/home/rika/interbotix_ws/install/interbotix_common_modules/lib/python3.10/site-packages:${PYTHONPATH} /usr/bin/python3 -W ignore:setup.py install is deprecated -W ignore:easy_install command is deprecated setup.py develop --uninstall --editable --build-directory /home/rika/interbotix_ws/build/interbotix_common_modules/build
[0.891s] Invoking command in '/home/rika/interbotix_ws/src/interbotix_ros_toolboxes/interbotix_common_toolbox/interbotix_common_modules': PYTHONPATH=/home/rika/interbotix_ws/build/interbotix_common_modules/prefix_override:/usr/lib/python3/dist-packages/colcon_core/task/python/colcon_distutils_commands:/home/rika/interbotix_ws/install/interbotix_common_modules/lib/python3.10/site-packages:${PYTHONPATH} /usr/bin/python3 -W ignore:setup.py install is deprecated -W ignore:easy_install command is deprecated setup.py egg_info --egg-base ../../../../build/interbotix_common_modules build --build-base /home/rika/interbotix_ws/build/interbotix_common_modules/build install --record /home/rika/interbotix_ws/build/interbotix_common_modules/install.log --single-version-externally-managed install_data --force
[1.107s] running egg_info
[1.108s] writing ../../../../build/interbotix_common_modules/interbotix_common_modules.egg-info/PKG-INFO
[1.108s] writing dependency_links to ../../../../build/interbotix_common_modules/interbotix_common_modules.egg-info/dependency_links.txt
[1.108s] writing entry points to ../../../../build/interbotix_common_modules/interbotix_common_modules.egg-info/entry_points.txt
[1.108s] writing requirements to ../../../../build/interbotix_common_modules/interbotix_common_modules.egg-info/requires.txt
[1.108s] writing top-level names to ../../../../build/interbotix_common_modules/interbotix_common_modules.egg-info/top_level.txt
[1.110s] reading manifest file '../../../../build/interbotix_common_modules/interbotix_common_modules.egg-info/SOURCES.txt'
[1.111s] writing manifest file '../../../../build/interbotix_common_modules/interbotix_common_modules.egg-info/SOURCES.txt'
[1.111s] running build
[1.111s] running build_py
[1.111s] creating /home/rika/interbotix_ws/build/interbotix_common_modules/build
[1.111s] creating /home/rika/interbotix_ws/build/interbotix_common_modules/build/lib
[1.111s] creating /home/rika/interbotix_ws/build/interbotix_common_modules/build/lib/interbotix_common_modules
[1.111s] copying interbotix_common_modules/__init__.py -> /home/rika/interbotix_ws/build/interbotix_common_modules/build/lib/interbotix_common_modules
[1.111s] creating /home/rika/interbotix_ws/build/interbotix_common_modules/build/lib/interbotix_common_modules/py_common
[1.111s] copying interbotix_common_modules/py_common/__init__.py -> /home/rika/interbotix_ws/build/interbotix_common_modules/build/lib/interbotix_common_modules/py_common
[1.111s] copying interbotix_common_modules/py_common/params.py -> /home/rika/interbotix_ws/build/interbotix_common_modules/build/lib/interbotix_common_modules/py_common
[1.111s] creating /home/rika/interbotix_ws/build/interbotix_common_modules/build/lib/interbotix_common_modules/common_robot
[1.111s] copying interbotix_common_modules/common_robot/exceptions.py -> /home/rika/interbotix_ws/build/interbotix_common_modules/build/lib/interbotix_common_modules/common_robot
[1.111s] copying interbotix_common_modules/common_robot/__init__.py -> /home/rika/interbotix_ws/build/interbotix_common_modules/build/lib/interbotix_common_modules/common_robot
[1.111s] copying interbotix_common_modules/common_robot/robot.py -> /home/rika/interbotix_ws/build/interbotix_common_modules/build/lib/interbotix_common_modules/common_robot
[1.111s] creating /home/rika/interbotix_ws/build/interbotix_common_modules/build/lib/interbotix_common_modules/angle_manipulation
[1.111s] copying interbotix_common_modules/angle_manipulation/angle_manipulation.py -> /home/rika/interbotix_ws/build/interbotix_common_modules/build/lib/interbotix_common_modules/angle_manipulation
[1.111s] copying interbotix_common_modules/angle_manipulation/__init__.py -> /home/rika/interbotix_ws/build/interbotix_common_modules/build/lib/interbotix_common_modules/angle_manipulation
[1.112s] creating /home/rika/interbotix_ws/build/interbotix_common_modules/build/lib/interbotix_common_modules/launch
[1.112s] copying interbotix_common_modules/launch/and_condition.py -> /home/rika/interbotix_ws/build/interbotix_common_modules/build/lib/interbotix_common_modules/launch
[1.112s] copying interbotix_common_modules/launch/__init__.py -> /home/rika/interbotix_ws/build/interbotix_common_modules/build/lib/interbotix_common_modules/launch
[1.112s] copying interbotix_common_modules/launch/or_condition.py -> /home/rika/interbotix_ws/build/interbotix_common_modules/build/lib/interbotix_common_modules/launch
[1.112s] running install
[1.112s] running install_lib
[1.112s] creating /home/rika/interbotix_ws/install/interbotix_common_modules/lib/python3.10/site-packages/interbotix_common_modules
[1.113s] creating /home/rika/interbotix_ws/install/interbotix_common_modules/lib/python3.10/site-packages/interbotix_common_modules/py_common
[1.113s] copying /home/rika/interbotix_ws/build/interbotix_common_modules/build/lib/interbotix_common_modules/py_common/__init__.py -> /home/rika/interbotix_ws/install/interbotix_common_modules/lib/python3.10/site-packages/interbotix_common_modules/py_common
[1.113s] copying /home/rika/interbotix_ws/build/interbotix_common_modules/build/lib/interbotix_common_modules/py_common/params.py -> /home/rika/interbotix_ws/install/interbotix_common_modules/lib/python3.10/site-packages/interbotix_common_modules/py_common
[1.113s] creating /home/rika/interbotix_ws/install/interbotix_common_modules/lib/python3.10/site-packages/interbotix_common_modules/common_robot
[1.113s] copying /home/rika/interbotix_ws/build/interbotix_common_modules/build/lib/interbotix_common_modules/common_robot/exceptions.py -> /home/rika/interbotix_ws/install/interbotix_common_modules/lib/python3.10/site-packages/interbotix_common_modules/common_robot
[1.113s] copying /home/rika/interbotix_ws/build/interbotix_common_modules/build/lib/interbotix_common_modules/common_robot/__init__.py -> /home/rika/interbotix_ws/install/interbotix_common_modules/lib/python3.10/site-packages/interbotix_common_modules/common_robot
[1.113s] copying /home/rika/interbotix_ws/build/interbotix_common_modules/build/lib/interbotix_common_modules/common_robot/robot.py -> /home/rika/interbotix_ws/install/interbotix_common_modules/lib/python3.10/site-packages/interbotix_common_modules/common_robot
[1.113s] creating /home/rika/interbotix_ws/install/interbotix_common_modules/lib/python3.10/site-packages/interbotix_common_modules/angle_manipulation
[1.113s] copying /home/rika/interbotix_ws/build/interbotix_common_modules/build/lib/interbotix_common_modules/angle_manipulation/angle_manipulation.py -> /home/rika/interbotix_ws/install/interbotix_common_modules/lib/python3.10/site-packages/interbotix_common_modules/angle_manipulation
[1.113s] copying /home/rika/interbotix_ws/build/interbotix_common_modules/build/lib/interbotix_common_modules/angle_manipulation/__init__.py -> /home/rika/interbotix_ws/install/interbotix_common_modules/lib/python3.10/site-packages/interbotix_common_modules/angle_manipulation
[1.113s] copying /home/rika/interbotix_ws/build/interbotix_common_modules/build/lib/interbotix_common_modules/__init__.py -> /home/rika/interbotix_ws/install/interbotix_common_modules/lib/python3.10/site-packages/interbotix_common_modules
[1.113s] creating /home/rika/interbotix_ws/install/interbotix_common_modules/lib/python3.10/site-packages/interbotix_common_modules/launch
[1.113s] copying /home/rika/interbotix_ws/build/interbotix_common_modules/build/lib/interbotix_common_modules/launch/and_condition.py -> /home/rika/interbotix_ws/install/interbotix_common_modules/lib/python3.10/site-packages/interbotix_common_modules/launch
[1.113s] copying /home/rika/interbotix_ws/build/interbotix_common_modules/build/lib/interbotix_common_modules/launch/__init__.py -> /home/rika/interbotix_ws/install/interbotix_common_modules/lib/python3.10/site-packages/interbotix_common_modules/launch
[1.113s] copying /home/rika/interbotix_ws/build/interbotix_common_modules/build/lib/interbotix_common_modules/launch/or_condition.py -> /home/rika/interbotix_ws/install/interbotix_common_modules/lib/python3.10/site-packages/interbotix_common_modules/launch
[1.114s] byte-compiling /home/rika/interbotix_ws/install/interbotix_common_modules/lib/python3.10/site-packages/interbotix_common_modules/py_common/__init__.py to __init__.cpython-310.pyc
[1.114s] byte-compiling /home/rika/interbotix_ws/install/interbotix_common_modules/lib/python3.10/site-packages/interbotix_common_modules/py_common/params.py to params.cpython-310.pyc
[1.114s] byte-compiling /home/rika/interbotix_ws/install/interbotix_common_modules/lib/python3.10/site-packages/interbotix_common_modules/common_robot/exceptions.py to exceptions.cpython-310.pyc
[1.114s] byte-compiling /home/rika/interbotix_ws/install/interbotix_common_modules/lib/python3.10/site-packages/interbotix_common_modules/common_robot/__init__.py to __init__.cpython-310.pyc
[1.114s] byte-compiling /home/rika/interbotix_ws/install/interbotix_common_modules/lib/python3.10/site-packages/interbotix_common_modules/common_robot/robot.py to robot.cpython-310.pyc
[1.115s] byte-compiling /home/rika/interbotix_ws/install/interbotix_common_modules/lib/python3.10/site-packages/interbotix_common_modules/angle_manipulation/angle_manipulation.py to angle_manipulation.cpython-310.pyc
[1.116s] byte-compiling /home/rika/interbotix_ws/install/interbotix_common_modules/lib/python3.10/site-packages/interbotix_common_modules/angle_manipulation/__init__.py to __init__.cpython-310.pyc
[1.116s] byte-compiling /home/rika/interbotix_ws/install/interbotix_common_modules/lib/python3.10/site-packages/interbotix_common_modules/__init__.py to __init__.cpython-310.pyc
[1.116s] byte-compiling /home/rika/interbotix_ws/install/interbotix_common_modules/lib/python3.10/site-packages/interbotix_common_modules/launch/and_condition.py to and_condition.cpython-310.pyc
[1.117s] byte-compiling /home/rika/interbotix_ws/install/interbotix_common_modules/lib/python3.10/site-packages/interbotix_common_modules/launch/__init__.py to __init__.cpython-310.pyc
[1.117s] byte-compiling /home/rika/interbotix_ws/install/interbotix_common_modules/lib/python3.10/site-packages/interbotix_common_modules/launch/or_condition.py to or_condition.cpython-310.pyc
[1.117s] running install_data
[1.117s] copying resource/interbotix_common_modules -> /home/rika/interbotix_ws/install/interbotix_common_modules/share/ament_index/resource_index/packages
[1.117s] copying package.xml -> /home/rika/interbotix_ws/install/interbotix_common_modules/share/interbotix_common_modules
[1.117s] running install_egg_info
[1.119s] Copying ../../../../build/interbotix_common_modules/interbotix_common_modules.egg-info to /home/rika/interbotix_ws/install/interbotix_common_modules/lib/python3.10/site-packages/interbotix_common_modules-0.0.0-py3.10.egg-info
[1.119s] running install_scripts
[1.133s] writing list of installed files to '/home/rika/interbotix_ws/build/interbotix_common_modules/install.log'
[1.152s] Invoked command in '/home/rika/interbotix_ws/src/interbotix_ros_toolboxes/interbotix_common_toolbox/interbotix_common_modules' returned '0': PYTHONPATH=/home/rika/interbotix_ws/build/interbotix_common_modules/prefix_override:/usr/lib/python3/dist-packages/colcon_core/task/python/colcon_distutils_commands:/home/rika/interbotix_ws/install/interbotix_common_modules/lib/python3.10/site-packages:${PYTHONPATH} /usr/bin/python3 -W ignore:setup.py install is deprecated -W ignore:easy_install command is deprecated setup.py egg_info --egg-base ../../../../build/interbotix_common_modules build --build-base /home/rika/interbotix_ws/build/interbotix_common_modules/build install --record /home/rika/interbotix_ws/build/interbotix_common_modules/install.log --single-version-externally-managed install_data --force
