running develop
Removing /home/rika/interbotix_ws/install/interbotix_xs_modules/lib/python3.10/site-packages/interbotix-xs-modules.egg-link (link to .)
running egg_info
writing ../../../../build/interbotix_xs_modules/interbotix_xs_modules.egg-info/PKG-INFO
writing dependency_links to ../../../../build/interbotix_xs_modules/interbotix_xs_modules.egg-info/dependency_links.txt
writing entry points to ../../../../build/interbotix_xs_modules/interbotix_xs_modules.egg-info/entry_points.txt
writing requirements to ../../../../build/interbotix_xs_modules/interbotix_xs_modules.egg-info/requires.txt
writing top-level names to ../../../../build/interbotix_xs_modules/interbotix_xs_modules.egg-info/top_level.txt
reading manifest file '../../../../build/interbotix_xs_modules/interbotix_xs_modules.egg-info/SOURCES.txt'
writing manifest file '../../../../build/interbotix_xs_modules/interbotix_xs_modules.egg-info/SOURCES.txt'
running build
running build_py
creating /home/rika/interbotix_ws/build/interbotix_xs_modules/build
creating /home/rika/interbotix_ws/build/interbotix_xs_modules/build/lib
creating /home/rika/interbotix_ws/build/interbotix_xs_modules/build/lib/interbotix_xs_modules
copying interbotix_xs_modules/__init__.py -> /home/rika/interbotix_ws/build/interbotix_xs_modules/build/lib/interbotix_xs_modules
creating /home/rika/interbotix_ws/build/interbotix_xs_modules/build/lib/interbotix_xs_modules/xs_launch
copying interbotix_xs_modules/xs_launch/__init__.py -> /home/rika/interbotix_ws/build/interbotix_xs_modules/build/lib/interbotix_xs_modules/xs_launch
copying interbotix_xs_modules/xs_launch/xs_launch.py -> /home/rika/interbotix_ws/build/interbotix_xs_modules/build/lib/interbotix_xs_modules/xs_launch
creating /home/rika/interbotix_ws/build/interbotix_xs_modules/build/lib/interbotix_xs_modules/xs_common
copying interbotix_xs_modules/xs_common/xs_common.py -> /home/rika/interbotix_ws/build/interbotix_xs_modules/build/lib/interbotix_xs_modules/xs_common
copying interbotix_xs_modules/xs_common/__init__.py -> /home/rika/interbotix_ws/build/interbotix_xs_modules/build/lib/interbotix_xs_modules/xs_common
creating /home/rika/interbotix_ws/build/interbotix_xs_modules/build/lib/interbotix_xs_modules/xs_robot
copying interbotix_xs_modules/xs_robot/mr_descriptions.py -> /home/rika/interbotix_ws/build/interbotix_xs_modules/build/lib/interbotix_xs_modules/xs_robot
copying interbotix_xs_modules/xs_robot/arm.py -> /home/rika/interbotix_ws/build/interbotix_xs_modules/build/lib/interbotix_xs_modules/xs_robot
copying interbotix_xs_modules/xs_robot/mobile_base.py -> /home/rika/interbotix_ws/build/interbotix_xs_modules/build/lib/interbotix_xs_modules/xs_robot
copying interbotix_xs_modules/xs_robot/locobot.py -> /home/rika/interbotix_ws/build/interbotix_xs_modules/build/lib/interbotix_xs_modules/xs_robot
copying interbotix_xs_modules/xs_robot/core.py -> /home/rika/interbotix_ws/build/interbotix_xs_modules/build/lib/interbotix_xs_modules/xs_robot
copying interbotix_xs_modules/xs_robot/turret.py -> /home/rika/interbotix_ws/build/interbotix_xs_modules/build/lib/interbotix_xs_modules/xs_robot
copying interbotix_xs_modules/xs_robot/kobuki.py -> /home/rika/interbotix_ws/build/interbotix_xs_modules/build/lib/interbotix_xs_modules/xs_robot
copying interbotix_xs_modules/xs_robot/gripper.py -> /home/rika/interbotix_ws/build/interbotix_xs_modules/build/lib/interbotix_xs_modules/xs_robot
copying interbotix_xs_modules/xs_robot/slate.py -> /home/rika/interbotix_ws/build/interbotix_xs_modules/build/lib/interbotix_xs_modules/xs_robot
copying interbotix_xs_modules/xs_robot/__init__.py -> /home/rika/interbotix_ws/build/interbotix_xs_modules/build/lib/interbotix_xs_modules/xs_robot
copying interbotix_xs_modules/xs_robot/create3.py -> /home/rika/interbotix_ws/build/interbotix_xs_modules/build/lib/interbotix_xs_modules/xs_robot
copying interbotix_xs_modules/xs_robot/hexapod.py -> /home/rika/interbotix_ws/build/interbotix_xs_modules/build/lib/interbotix_xs_modules/xs_robot
copying interbotix_xs_modules/xs_robot/gravity_compensation.py -> /home/rika/interbotix_ws/build/interbotix_xs_modules/build/lib/interbotix_xs_modules/xs_robot
running install
running install_lib
creating /home/rika/interbotix_ws/install/interbotix_xs_modules/lib/python3.10/site-packages/interbotix_xs_modules
creating /home/rika/interbotix_ws/install/interbotix_xs_modules/lib/python3.10/site-packages/interbotix_xs_modules/xs_launch
copying /home/rika/interbotix_ws/build/interbotix_xs_modules/build/lib/interbotix_xs_modules/xs_launch/__init__.py -> /home/rika/interbotix_ws/install/interbotix_xs_modules/lib/python3.10/site-packages/interbotix_xs_modules/xs_launch
copying /home/rika/interbotix_ws/build/interbotix_xs_modules/build/lib/interbotix_xs_modules/xs_launch/xs_launch.py -> /home/rika/interbotix_ws/install/interbotix_xs_modules/lib/python3.10/site-packages/interbotix_xs_modules/xs_launch
creating /home/rika/interbotix_ws/install/interbotix_xs_modules/lib/python3.10/site-packages/interbotix_xs_modules/xs_common
copying /home/rika/interbotix_ws/build/interbotix_xs_modules/build/lib/interbotix_xs_modules/xs_common/xs_common.py -> /home/rika/interbotix_ws/install/interbotix_xs_modules/lib/python3.10/site-packages/interbotix_xs_modules/xs_common
copying /home/rika/interbotix_ws/build/interbotix_xs_modules/build/lib/interbotix_xs_modules/xs_common/__init__.py -> /home/rika/interbotix_ws/install/interbotix_xs_modules/lib/python3.10/site-packages/interbotix_xs_modules/xs_common
copying /home/rika/interbotix_ws/build/interbotix_xs_modules/build/lib/interbotix_xs_modules/__init__.py -> /home/rika/interbotix_ws/install/interbotix_xs_modules/lib/python3.10/site-packages/interbotix_xs_modules
creating /home/rika/interbotix_ws/install/interbotix_xs_modules/lib/python3.10/site-packages/interbotix_xs_modules/xs_robot
copying /home/rika/interbotix_ws/build/interbotix_xs_modules/build/lib/interbotix_xs_modules/xs_robot/mr_descriptions.py -> /home/rika/interbotix_ws/install/interbotix_xs_modules/lib/python3.10/site-packages/interbotix_xs_modules/xs_robot
copying /home/rika/interbotix_ws/build/interbotix_xs_modules/build/lib/interbotix_xs_modules/xs_robot/arm.py -> /home/rika/interbotix_ws/install/interbotix_xs_modules/lib/python3.10/site-packages/interbotix_xs_modules/xs_robot
copying /home/rika/interbotix_ws/build/interbotix_xs_modules/build/lib/interbotix_xs_modules/xs_robot/mobile_base.py -> /home/rika/interbotix_ws/install/interbotix_xs_modules/lib/python3.10/site-packages/interbotix_xs_modules/xs_robot
copying /home/rika/interbotix_ws/build/interbotix_xs_modules/build/lib/interbotix_xs_modules/xs_robot/locobot.py -> /home/rika/interbotix_ws/install/interbotix_xs_modules/lib/python3.10/site-packages/interbotix_xs_modules/xs_robot
copying /home/rika/interbotix_ws/build/interbotix_xs_modules/build/lib/interbotix_xs_modules/xs_robot/core.py -> /home/rika/interbotix_ws/install/interbotix_xs_modules/lib/python3.10/site-packages/interbotix_xs_modules/xs_robot
copying /home/rika/interbotix_ws/build/interbotix_xs_modules/build/lib/interbotix_xs_modules/xs_robot/turret.py -> /home/rika/interbotix_ws/install/interbotix_xs_modules/lib/python3.10/site-packages/interbotix_xs_modules/xs_robot
copying /home/rika/interbotix_ws/build/interbotix_xs_modules/build/lib/interbotix_xs_modules/xs_robot/kobuki.py -> /home/rika/interbotix_ws/install/interbotix_xs_modules/lib/python3.10/site-packages/interbotix_xs_modules/xs_robot
copying /home/rika/interbotix_ws/build/interbotix_xs_modules/build/lib/interbotix_xs_modules/xs_robot/gripper.py -> /home/rika/interbotix_ws/install/interbotix_xs_modules/lib/python3.10/site-packages/interbotix_xs_modules/xs_robot
copying /home/rika/interbotix_ws/build/interbotix_xs_modules/build/lib/interbotix_xs_modules/xs_robot/slate.py -> /home/rika/interbotix_ws/install/interbotix_xs_modules/lib/python3.10/site-packages/interbotix_xs_modules/xs_robot
copying /home/rika/interbotix_ws/build/interbotix_xs_modules/build/lib/interbotix_xs_modules/xs_robot/__init__.py -> /home/rika/interbotix_ws/install/interbotix_xs_modules/lib/python3.10/site-packages/interbotix_xs_modules/xs_robot
copying /home/rika/interbotix_ws/build/interbotix_xs_modules/build/lib/interbotix_xs_modules/xs_robot/create3.py -> /home/rika/interbotix_ws/install/interbotix_xs_modules/lib/python3.10/site-packages/interbotix_xs_modules/xs_robot
copying /home/rika/interbotix_ws/build/interbotix_xs_modules/build/lib/interbotix_xs_modules/xs_robot/hexapod.py -> /home/rika/interbotix_ws/install/interbotix_xs_modules/lib/python3.10/site-packages/interbotix_xs_modules/xs_robot
copying /home/rika/interbotix_ws/build/interbotix_xs_modules/build/lib/interbotix_xs_modules/xs_robot/gravity_compensation.py -> /home/rika/interbotix_ws/install/interbotix_xs_modules/lib/python3.10/site-packages/interbotix_xs_modules/xs_robot
byte-compiling /home/rika/interbotix_ws/install/interbotix_xs_modules/lib/python3.10/site-packages/interbotix_xs_modules/xs_launch/__init__.py to __init__.cpython-310.pyc
byte-compiling /home/rika/interbotix_ws/install/interbotix_xs_modules/lib/python3.10/site-packages/interbotix_xs_modules/xs_launch/xs_launch.py to xs_launch.cpython-310.pyc
byte-compiling /home/rika/interbotix_ws/install/interbotix_xs_modules/lib/python3.10/site-packages/interbotix_xs_modules/xs_common/xs_common.py to xs_common.cpython-310.pyc
byte-compiling /home/rika/interbotix_ws/install/interbotix_xs_modules/lib/python3.10/site-packages/interbotix_xs_modules/xs_common/__init__.py to __init__.cpython-310.pyc
byte-compiling /home/rika/interbotix_ws/install/interbotix_xs_modules/lib/python3.10/site-packages/interbotix_xs_modules/__init__.py to __init__.cpython-310.pyc
byte-compiling /home/rika/interbotix_ws/install/interbotix_xs_modules/lib/python3.10/site-packages/interbotix_xs_modules/xs_robot/mr_descriptions.py to mr_descriptions.cpython-310.pyc
byte-compiling /home/rika/interbotix_ws/install/interbotix_xs_modules/lib/python3.10/site-packages/interbotix_xs_modules/xs_robot/arm.py to arm.cpython-310.pyc
byte-compiling /home/rika/interbotix_ws/install/interbotix_xs_modules/lib/python3.10/site-packages/interbotix_xs_modules/xs_robot/mobile_base.py to mobile_base.cpython-310.pyc
byte-compiling /home/rika/interbotix_ws/install/interbotix_xs_modules/lib/python3.10/site-packages/interbotix_xs_modules/xs_robot/locobot.py to locobot.cpython-310.pyc
byte-compiling /home/rika/interbotix_ws/install/interbotix_xs_modules/lib/python3.10/site-packages/interbotix_xs_modules/xs_robot/core.py to core.cpython-310.pyc
byte-compiling /home/rika/interbotix_ws/install/interbotix_xs_modules/lib/python3.10/site-packages/interbotix_xs_modules/xs_robot/turret.py to turret.cpython-310.pyc
byte-compiling /home/rika/interbotix_ws/install/interbotix_xs_modules/lib/python3.10/site-packages/interbotix_xs_modules/xs_robot/kobuki.py to kobuki.cpython-310.pyc
byte-compiling /home/rika/interbotix_ws/install/interbotix_xs_modules/lib/python3.10/site-packages/interbotix_xs_modules/xs_robot/gripper.py to gripper.cpython-310.pyc
byte-compiling /home/rika/interbotix_ws/install/interbotix_xs_modules/lib/python3.10/site-packages/interbotix_xs_modules/xs_robot/slate.py to slate.cpython-310.pyc
byte-compiling /home/rika/interbotix_ws/install/interbotix_xs_modules/lib/python3.10/site-packages/interbotix_xs_modules/xs_robot/__init__.py to __init__.cpython-310.pyc
byte-compiling /home/rika/interbotix_ws/install/interbotix_xs_modules/lib/python3.10/site-packages/interbotix_xs_modules/xs_robot/create3.py to create3.cpython-310.pyc
byte-compiling /home/rika/interbotix_ws/install/interbotix_xs_modules/lib/python3.10/site-packages/interbotix_xs_modules/xs_robot/hexapod.py to hexapod.cpython-310.pyc
byte-compiling /home/rika/interbotix_ws/install/interbotix_xs_modules/lib/python3.10/site-packages/interbotix_xs_modules/xs_robot/gravity_compensation.py to gravity_compensation.cpython-310.pyc
running install_data
copying resource/interbotix_xs_modules -> /home/rika/interbotix_ws/install/interbotix_xs_modules/share/ament_index/resource_index/packages
copying package.xml -> /home/rika/interbotix_ws/install/interbotix_xs_modules/share/interbotix_xs_modules
running install_egg_info
Copying ../../../../build/interbotix_xs_modules/interbotix_xs_modules.egg-info to /home/rika/interbotix_ws/install/interbotix_xs_modules/lib/python3.10/site-packages/interbotix_xs_modules-0.0.0-py3.10.egg-info
running install_scripts
writing list of installed files to '/home/rika/interbotix_ws/build/interbotix_xs_modules/install.log'
