[ 10%] Built target interbotix_perception_msgs__rosidl_generator_c
[ 12%] Built target interbotix_perception_msgs__cpp
[ 12%] Built target ament_cmake_python_symlink_interbotix_perception_msgs
[ 25%] Built target interbotix_perception_msgs__rosidl_typesupport_fastrtps_c
[ 34%] Built target interbotix_perception_msgs__rosidl_typesupport_c
[ 45%] Built target interbotix_perception_msgs__rosidl_typesupport_introspection_c
[ 56%] Built target interbotix_perception_msgs__rosidl_typesupport_cpp
[ 67%] Built target interbotix_perception_msgs__rosidl_typesupport_introspection_cpp
[ 78%] Built target interbotix_perception_msgs__rosidl_typesupport_fastrtps_cpp
[ 78%] Built target interbotix_perception_msgs
[ 80%] Built target interbotix_perception_msgs__py
[ 89%] Built target interbotix_perception_msgs__rosidl_generator_py
[ 96%] Built target interbotix_perception_msgs__rosidl_typesupport_fastrtps_c__pyext
[ 96%] Built target interbotix_perception_msgs__rosidl_typesupport_introspection_c__pyext
[100%] Built target interbotix_perception_msgs__rosidl_typesupport_c__pyext
running egg_info
writing interbotix_perception_msgs.egg-info/PKG-INFO
writing dependency_links to interbotix_perception_msgs.egg-info/dependency_links.txt
writing top-level names to interbotix_perception_msgs.egg-info/top_level.txt
reading manifest file 'interbotix_perception_msgs.egg-info/SOURCES.txt'
writing manifest file 'interbotix_perception_msgs.egg-info/SOURCES.txt'
[100%] Built target ament_cmake_python_build_interbotix_perception_msgs_egg
