[0.233s] Invoking command in '/home/rika/interbotix_ws/build/interbotix_perception_msgs': CMAKE_PREFIX_PATH=/home/rika/rika_ws/install/bimanual_pkg:/home/rika/interbotix_ws/install/interbotix_xs_modules:/home/rika/interbotix_ws/install/interbotix_perception_modules:/home/rika/interbotix_ws/install/dual_arm_control:/home/rika/interbotix_ws/install/interbotix_common_modules:/opt/ros/humble:${CMAKE_PREFIX_PATH} /usr/bin/cmake --build /home/rika/interbotix_ws/build/interbotix_perception_msgs -- -j12 -l12
[0.290s] [ 10%] Built target interbotix_perception_msgs__rosidl_generator_c
[0.300s] [ 12%] Built target interbotix_perception_msgs__cpp
[0.303s] [ 12%] Built target ament_cmake_python_symlink_interbotix_perception_msgs
[0.334s] [ 25%] Built target interbotix_perception_msgs__rosidl_typesupport_fastrtps_c
[0.335s] [ 34%] Built target interbotix_perception_msgs__rosidl_typesupport_c
[0.340s] [ 45%] Built target interbotix_perception_msgs__rosidl_typesupport_introspection_c
[0.341s] [ 56%] Built target interbotix_perception_msgs__rosidl_typesupport_cpp
[0.353s] [ 67%] Built target interbotix_perception_msgs__rosidl_typesupport_introspection_cpp
[0.353s] [ 78%] Built target interbotix_perception_msgs__rosidl_typesupport_fastrtps_cpp
[0.371s] [ 78%] Built target interbotix_perception_msgs
[0.392s] [ 80%] Built target interbotix_perception_msgs__py
[0.415s] [ 89%] Built target interbotix_perception_msgs__rosidl_generator_py
[0.439s] [ 96%] Built target interbotix_perception_msgs__rosidl_typesupport_fastrtps_c__pyext
[0.439s] [ 96%] Built target interbotix_perception_msgs__rosidl_typesupport_introspection_c__pyext
[0.439s] [100%] Built target interbotix_perception_msgs__rosidl_typesupport_c__pyext
[0.563s] running egg_info
[0.563s] writing interbotix_perception_msgs.egg-info/PKG-INFO
[0.563s] writing dependency_links to interbotix_perception_msgs.egg-info/dependency_links.txt
[0.564s] writing top-level names to interbotix_perception_msgs.egg-info/top_level.txt
[0.565s] reading manifest file 'interbotix_perception_msgs.egg-info/SOURCES.txt'
[0.566s] writing manifest file 'interbotix_perception_msgs.egg-info/SOURCES.txt'
[0.590s] [100%] Built target ament_cmake_python_build_interbotix_perception_msgs_egg
