running egg_info
writing ../../../../build/interbotix_perception_modules/interbotix_perception_modules.egg-info/PKG-INFO
writing dependency_links to ../../../../build/interbotix_perception_modules/interbotix_perception_modules.egg-info/dependency_links.txt
writing entry points to ../../../../build/interbotix_perception_modules/interbotix_perception_modules.egg-info/entry_points.txt
writing requirements to ../../../../build/interbotix_perception_modules/interbotix_perception_modules.egg-info/requires.txt
writing top-level names to ../../../../build/interbotix_perception_modules/interbotix_perception_modules.egg-info/top_level.txt
reading manifest file '../../../../build/interbotix_perception_modules/interbotix_perception_modules.egg-info/SOURCES.txt'
writing manifest file '../../../../build/interbotix_perception_modules/interbotix_perception_modules.egg-info/SOURCES.txt'
running build
running build_py
running install
running install_lib
running install_data
copying resource/interbotix_perception_modules -> /home/rika/interbotix_ws/install/interbotix_perception_modules/share/ament_index/resource_index/packages
copying package.xml -> /home/rika/interbotix_ws/install/interbotix_perception_modules/share/interbotix_perception_modules
copying launch/apriltag.launch.py -> /home/rika/interbotix_ws/install/interbotix_perception_modules/share/interbotix_perception_modules/launch
copying launch/armtag.launch.py -> /home/rika/interbotix_ws/install/interbotix_perception_modules/share/interbotix_perception_modules/launch
copying launch/pc_filter.launch.py -> /home/rika/interbotix_ws/install/interbotix_perception_modules/share/interbotix_perception_modules/launch
copying launch/picture_snapper.launch.py -> /home/rika/interbotix_ws/install/interbotix_perception_modules/share/interbotix_perception_modules/launch
copying config/tags.yaml -> /home/rika/interbotix_ws/install/interbotix_perception_modules/share/interbotix_perception_modules/config
copying config/filter_params.yaml -> /home/rika/interbotix_ws/install/interbotix_perception_modules/share/interbotix_perception_modules/config
copying src/ui/pointcloudtunergui.ui -> /home/rika/interbotix_ws/install/interbotix_perception_modules/share/interbotix_perception_modules/ui
copying src/ui/armtagtunergui.ui -> /home/rika/interbotix_ws/install/interbotix_perception_modules/share/interbotix_perception_modules/ui
running install_egg_info
removing '/home/rika/interbotix_ws/install/interbotix_perception_modules/lib/python3.10/site-packages/interbotix_perception_modules-0.0.0-py3.10.egg-info' (and everything under it)
Copying ../../../../build/interbotix_perception_modules/interbotix_perception_modules.egg-info to /home/rika/interbotix_ws/install/interbotix_perception_modules/lib/python3.10/site-packages/interbotix_perception_modules-0.0.0-py3.10.egg-info
running install_scripts
Installing armtag_tuner_gui script to /home/rika/interbotix_ws/install/interbotix_perception_modules/lib/interbotix_perception_modules
Installing picture_snapper script to /home/rika/interbotix_ws/install/interbotix_perception_modules/lib/interbotix_perception_modules
Installing pointcloud_tuner_gui script to /home/rika/interbotix_ws/install/interbotix_perception_modules/lib/interbotix_perception_modules
writing list of installed files to '/home/rika/interbotix_ws/build/interbotix_perception_modules/install.log'
