[0.215s] Invoking command in '/home/rika/interbotix_ws/build/interbotix_moveit_interface_msgs': CMAKE_PREFIX_PATH=/home/rika/rika_ws/install/bimanual_pkg:/home/rika/interbotix_ws/install/interbotix_xs_modules:/home/rika/interbotix_ws/install/interbotix_perception_modules:/home/rika/interbotix_ws/install/dual_arm_control:/home/rika/interbotix_ws/install/interbotix_common_modules:/opt/ros/humble:${CMAKE_PREFIX_PATH} /usr/bin/cmake /home/rika/interbotix_ws/src/interbotix_ros_toolboxes/interbotix_common_toolbox/interbotix_moveit_interface_msgs -DCMAKE_INSTALL_PREFIX=/home/rika/interbotix_ws/install/interbotix_moveit_interface_msgs
[0.225s] -- Found rosidl_default_generators: 1.2.0 (/opt/ros/humble/share/rosidl_default_generators/cmake)
[0.225s] -- Found ament_cmake_core: 1.3.11 (/opt/ros/humble/share/ament_cmake_core/cmake)
[0.331s] -- Override CMake install command with custom implementation using symlinks instead of copying resources
[0.339s] -- Using all available rosidl_typesupport_c: rosidl_typesupport_fastrtps_c;rosidl_typesupport_introspection_c
[0.342s] -- Found rosidl_adapter: 3.1.6 (/opt/ros/humble/share/rosidl_adapter/cmake)
[0.382s] -- Using all available rosidl_typesupport_cpp: rosidl_typesupport_fastrtps_cpp;rosidl_typesupport_introspection_cpp
[0.410s] -- Found std_msgs: 4.9.0 (/opt/ros/humble/share/std_msgs/cmake)
[0.437s] -- Found geometry_msgs: 4.9.0 (/opt/ros/humble/share/geometry_msgs/cmake)
[0.726s] -- Found ament_cmake_ros: 0.10.0 (/opt/ros/humble/share/ament_cmake_ros/cmake)
[0.956s] -- Using all available rosidl_typesupport_c: rosidl_typesupport_fastrtps_c;rosidl_typesupport_introspection_c
[1.250s] -- Using all available rosidl_typesupport_cpp: rosidl_typesupport_fastrtps_cpp;rosidl_typesupport_introspection_cpp
[1.267s] -- Found python_cmake_module: 0.10.0 (/opt/ros/humble/share/python_cmake_module/cmake)
[1.286s] -- Using PYTHON_EXECUTABLE: /usr/bin/python3
[1.286s] -- Using PYTHON_INCLUDE_DIRS: /usr/include/python3.10
[1.286s] -- Using PYTHON_LIBRARIES: /usr/lib/x86_64-linux-gnu/libpython3.10.so
[1.346s] -- Found ament_lint_auto: 0.12.12 (/opt/ros/humble/share/ament_lint_auto/cmake)
[1.359s] -- Configuring done
[1.395s] -- Generating done
[1.408s] -- Build files have been written to: /home/rika/interbotix_ws/build/interbotix_moveit_interface_msgs
[1.415s] Invoked command in '/home/rika/interbotix_ws/build/interbotix_moveit_interface_msgs' returned '0': CMAKE_PREFIX_PATH=/home/rika/rika_ws/install/bimanual_pkg:/home/rika/interbotix_ws/install/interbotix_xs_modules:/home/rika/interbotix_ws/install/interbotix_perception_modules:/home/rika/interbotix_ws/install/dual_arm_control:/home/rika/interbotix_ws/install/interbotix_common_modules:/opt/ros/humble:${CMAKE_PREFIX_PATH} /usr/bin/cmake /home/rika/interbotix_ws/src/interbotix_ros_toolboxes/interbotix_common_toolbox/interbotix_moveit_interface_msgs -DCMAKE_INSTALL_PREFIX=/home/rika/interbotix_ws/install/interbotix_moveit_interface_msgs
[1.416s] Invoking command in '/home/rika/interbotix_ws/build/interbotix_moveit_interface_msgs': CMAKE_PREFIX_PATH=/home/rika/rika_ws/install/bimanual_pkg:/home/rika/interbotix_ws/install/interbotix_xs_modules:/home/rika/interbotix_ws/install/interbotix_perception_modules:/home/rika/interbotix_ws/install/dual_arm_control:/home/rika/interbotix_ws/install/interbotix_common_modules:/opt/ros/humble:${CMAKE_PREFIX_PATH} /usr/bin/cmake --build /home/rika/interbotix_ws/build/interbotix_moveit_interface_msgs -- -j12 -l12
[1.445s] [35m[1mConsolidate compiler generated dependencies of target interbotix_moveit_interface_msgs__rosidl_generator_c[0m
[1.452s] [  6%] Built target interbotix_moveit_interface_msgs__cpp
[1.452s] [ 12%] Built target interbotix_moveit_interface_msgs__rosidl_generator_c
[1.459s] [ 12%] Built target ament_cmake_python_symlink_interbotix_moveit_interface_msgs
[1.460s] [35m[1mConsolidate compiler generated dependencies of target interbotix_moveit_interface_msgs__rosidl_typesupport_cpp[0m
[1.461s] [35m[1mConsolidate compiler generated dependencies of target interbotix_moveit_interface_msgs__rosidl_typesupport_fastrtps_c[0m
[1.462s] [35m[1mConsolidate compiler generated dependencies of target interbotix_moveit_interface_msgs__rosidl_typesupport_c[0m
[1.463s] [35m[1mConsolidate compiler generated dependencies of target interbotix_moveit_interface_msgs__rosidl_typesupport_introspection_cpp[0m
[1.463s] [35m[1mConsolidate compiler generated dependencies of target interbotix_moveit_interface_msgs__rosidl_typesupport_introspection_c[0m
[1.463s] [35m[1mConsolidate compiler generated dependencies of target interbotix_moveit_interface_msgs__rosidl_typesupport_fastrtps_cpp[0m
[1.472s] [ 32%] Built target interbotix_moveit_interface_msgs__rosidl_typesupport_c
[1.472s] [ 32%] Built target interbotix_moveit_interface_msgs__rosidl_typesupport_cpp
[1.472s] [ 48%] Built target interbotix_moveit_interface_msgs__rosidl_typesupport_fastrtps_c
[1.473s] [ 51%] Built target interbotix_moveit_interface_msgs__rosidl_typesupport_introspection_c
[1.473s] [ 61%] Built target interbotix_moveit_interface_msgs__rosidl_typesupport_introspection_cpp
[1.473s] [ 70%] Built target interbotix_moveit_interface_msgs__rosidl_typesupport_fastrtps_cpp
[1.489s] [ 70%] Built target interbotix_moveit_interface_msgs
[1.507s] [ 74%] Built target interbotix_moveit_interface_msgs__py
[1.516s] [35m[1mConsolidate compiler generated dependencies of target interbotix_moveit_interface_msgs__rosidl_generator_py[0m
[1.530s] [ 80%] Built target interbotix_moveit_interface_msgs__rosidl_generator_py
[1.543s] [35m[1mConsolidate compiler generated dependencies of target interbotix_moveit_interface_msgs__rosidl_typesupport_introspection_c__pyext[0m
[1.543s] [35m[1mConsolidate compiler generated dependencies of target interbotix_moveit_interface_msgs__rosidl_typesupport_fastrtps_c__pyext[0m
[1.543s] [35m[1mConsolidate compiler generated dependencies of target interbotix_moveit_interface_msgs__rosidl_typesupport_c__pyext[0m
[1.551s] [ 87%] Built target interbotix_moveit_interface_msgs__rosidl_typesupport_introspection_c__pyext
[1.552s] [ 93%] Built target interbotix_moveit_interface_msgs__rosidl_typesupport_fastrtps_c__pyext
[1.554s] [100%] Built target interbotix_moveit_interface_msgs__rosidl_typesupport_c__pyext
[1.710s] running egg_info
[1.710s] writing interbotix_moveit_interface_msgs.egg-info/PKG-INFO
[1.711s] writing dependency_links to interbotix_moveit_interface_msgs.egg-info/dependency_links.txt
[1.711s] writing top-level names to interbotix_moveit_interface_msgs.egg-info/top_level.txt
[1.713s] reading manifest file 'interbotix_moveit_interface_msgs.egg-info/SOURCES.txt'
[1.714s] writing manifest file 'interbotix_moveit_interface_msgs.egg-info/SOURCES.txt'
[1.739s] [100%] Built target ament_cmake_python_build_interbotix_moveit_interface_msgs_egg
[1.750s] Invoked command in '/home/rika/interbotix_ws/build/interbotix_moveit_interface_msgs' returned '0': CMAKE_PREFIX_PATH=/home/rika/rika_ws/install/bimanual_pkg:/home/rika/interbotix_ws/install/interbotix_xs_modules:/home/rika/interbotix_ws/install/interbotix_perception_modules:/home/rika/interbotix_ws/install/dual_arm_control:/home/rika/interbotix_ws/install/interbotix_common_modules:/opt/ros/humble:${CMAKE_PREFIX_PATH} /usr/bin/cmake --build /home/rika/interbotix_ws/build/interbotix_moveit_interface_msgs -- -j12 -l12
[1.754s] Invoking command in '/home/rika/interbotix_ws/build/interbotix_moveit_interface_msgs': CMAKE_PREFIX_PATH=/home/rika/rika_ws/install/bimanual_pkg:/home/rika/interbotix_ws/install/interbotix_xs_modules:/home/rika/interbotix_ws/install/interbotix_perception_modules:/home/rika/interbotix_ws/install/dual_arm_control:/home/rika/interbotix_ws/install/interbotix_common_modules:/opt/ros/humble:${CMAKE_PREFIX_PATH} /usr/bin/cmake --install /home/rika/interbotix_ws/build/interbotix_moveit_interface_msgs
[1.760s] -- Install configuration: ""
[1.760s] -- Execute custom install script
[1.760s] -- Up-to-date symlink: /home/rika/interbotix_ws/install/interbotix_moveit_interface_msgs/share/ament_index/resource_index/rosidl_interfaces/interbotix_moveit_interface_msgs
[1.760s] -- Up-to-date symlink: /home/rika/interbotix_ws/install/interbotix_moveit_interface_msgs/include/interbotix_moveit_interface_msgs/interbotix_moveit_interface_msgs/msg/rosidl_generator_c__visibility_control.h
[1.760s] -- Up-to-date symlink: /home/rika/interbotix_ws/install/interbotix_moveit_interface_msgs/include/interbotix_moveit_interface_msgs/interbotix_moveit_interface_msgs/srv/detail/move_it_plan__functions.h
[1.761s] -- Up-to-date symlink: /home/rika/interbotix_ws/install/interbotix_moveit_interface_msgs/include/interbotix_moveit_interface_msgs/interbotix_moveit_interface_msgs/srv/detail/move_it_plan__struct.h
[1.761s] -- Up-to-date symlink: /home/rika/interbotix_ws/install/interbotix_moveit_interface_msgs/include/interbotix_moveit_interface_msgs/interbotix_moveit_interface_msgs/srv/detail/move_it_plan__type_support.h
[1.761s] -- Up-to-date symlink: /home/rika/interbotix_ws/install/interbotix_moveit_interface_msgs/include/interbotix_moveit_interface_msgs/interbotix_moveit_interface_msgs/srv/move_it_plan.h
[1.761s] -- Up-to-date symlink: /home/rika/interbotix_ws/install/interbotix_moveit_interface_msgs/share/interbotix_moveit_interface_msgs/environment/library_path.sh
[1.761s] -- Up-to-date symlink: /home/rika/interbotix_ws/install/interbotix_moveit_interface_msgs/share/interbotix_moveit_interface_msgs/environment/library_path.dsv
[1.761s] -- Up-to-date symlink: /home/rika/interbotix_ws/install/interbotix_moveit_interface_msgs/include/interbotix_moveit_interface_msgs/interbotix_moveit_interface_msgs/msg/rosidl_typesupport_fastrtps_c__visibility_control.h
[1.761s] -- Up-to-date symlink: /home/rika/interbotix_ws/install/interbotix_moveit_interface_msgs/include/interbotix_moveit_interface_msgs/interbotix_moveit_interface_msgs/srv/detail/move_it_plan__rosidl_typesupport_fastrtps_c.h
[1.761s] -- Up-to-date symlink: /home/rika/interbotix_ws/install/interbotix_moveit_interface_msgs/include/interbotix_moveit_interface_msgs/interbotix_moveit_interface_msgs/msg/rosidl_typesupport_introspection_c__visibility_control.h
[1.761s] -- Up-to-date symlink: /home/rika/interbotix_ws/install/interbotix_moveit_interface_msgs/include/interbotix_moveit_interface_msgs/interbotix_moveit_interface_msgs/srv/detail/move_it_plan__rosidl_typesupport_introspection_c.h
[1.762s] -- Up-to-date symlink: /home/rika/interbotix_ws/install/interbotix_moveit_interface_msgs/include/interbotix_moveit_interface_msgs/interbotix_moveit_interface_msgs/msg/rosidl_generator_cpp__visibility_control.hpp
[1.762s] -- Up-to-date symlink: /home/rika/interbotix_ws/install/interbotix_moveit_interface_msgs/include/interbotix_moveit_interface_msgs/interbotix_moveit_interface_msgs/srv/detail/move_it_plan__builder.hpp
[1.762s] -- Up-to-date symlink: /home/rika/interbotix_ws/install/interbotix_moveit_interface_msgs/include/interbotix_moveit_interface_msgs/interbotix_moveit_interface_msgs/srv/detail/move_it_plan__struct.hpp
[1.762s] -- Up-to-date symlink: /home/rika/interbotix_ws/install/interbotix_moveit_interface_msgs/include/interbotix_moveit_interface_msgs/interbotix_moveit_interface_msgs/srv/detail/move_it_plan__traits.hpp
[1.762s] -- Up-to-date symlink: /home/rika/interbotix_ws/install/interbotix_moveit_interface_msgs/include/interbotix_moveit_interface_msgs/interbotix_moveit_interface_msgs/srv/detail/move_it_plan__type_support.hpp
[1.762s] -- Up-to-date symlink: /home/rika/interbotix_ws/install/interbotix_moveit_interface_msgs/include/interbotix_moveit_interface_msgs/interbotix_moveit_interface_msgs/srv/move_it_plan.hpp
[1.762s] -- Up-to-date symlink: /home/rika/interbotix_ws/install/interbotix_moveit_interface_msgs/include/interbotix_moveit_interface_msgs/interbotix_moveit_interface_msgs/msg/rosidl_typesupport_fastrtps_cpp__visibility_control.h
[1.762s] -- Up-to-date symlink: /home/rika/interbotix_ws/install/interbotix_moveit_interface_msgs/include/interbotix_moveit_interface_msgs/interbotix_moveit_interface_msgs/srv/detail/move_it_plan__rosidl_typesupport_fastrtps_cpp.hpp
[1.763s] -- Up-to-date symlink: /home/rika/interbotix_ws/install/interbotix_moveit_interface_msgs/include/interbotix_moveit_interface_msgs/interbotix_moveit_interface_msgs/srv/detail/move_it_plan__rosidl_typesupport_introspection_cpp.hpp
[1.763s] -- Up-to-date symlink: /home/rika/interbotix_ws/install/interbotix_moveit_interface_msgs/share/interbotix_moveit_interface_msgs/environment/pythonpath.sh
[1.763s] -- Up-to-date symlink: /home/rika/interbotix_ws/install/interbotix_moveit_interface_msgs/share/interbotix_moveit_interface_msgs/environment/pythonpath.dsv
[1.763s] -- Up-to-date symlink: /home/rika/interbotix_ws/install/interbotix_moveit_interface_msgs/local/lib/python3.10/dist-packages/interbotix_moveit_interface_msgs-0.0.0-py3.10.egg-info/PKG-INFO
[1.763s] -- Up-to-date symlink: /home/rika/interbotix_ws/install/interbotix_moveit_interface_msgs/local/lib/python3.10/dist-packages/interbotix_moveit_interface_msgs-0.0.0-py3.10.egg-info/SOURCES.txt
[1.763s] -- Up-to-date symlink: /home/rika/interbotix_ws/install/interbotix_moveit_interface_msgs/local/lib/python3.10/dist-packages/interbotix_moveit_interface_msgs-0.0.0-py3.10.egg-info/dependency_links.txt
[1.763s] -- Up-to-date symlink: /home/rika/interbotix_ws/install/interbotix_moveit_interface_msgs/local/lib/python3.10/dist-packages/interbotix_moveit_interface_msgs-0.0.0-py3.10.egg-info/top_level.txt
[1.764s] -- Up-to-date symlink: /home/rika/interbotix_ws/install/interbotix_moveit_interface_msgs/local/lib/python3.10/dist-packages/interbotix_moveit_interface_msgs/__init__.py
[1.764s] -- Up-to-date symlink: /home/rika/interbotix_ws/install/interbotix_moveit_interface_msgs/local/lib/python3.10/dist-packages/interbotix_moveit_interface_msgs/_interbotix_moveit_interface_msgs_s.ep.rosidl_typesupport_c.c
[1.764s] -- Up-to-date symlink: /home/rika/interbotix_ws/install/interbotix_moveit_interface_msgs/local/lib/python3.10/dist-packages/interbotix_moveit_interface_msgs/_interbotix_moveit_interface_msgs_s.ep.rosidl_typesupport_fastrtps_c.c
[1.764s] -- Up-to-date symlink: /home/rika/interbotix_ws/install/interbotix_moveit_interface_msgs/local/lib/python3.10/dist-packages/interbotix_moveit_interface_msgs/_interbotix_moveit_interface_msgs_s.ep.rosidl_typesupport_introspection_c.c
[1.764s] -- Up-to-date symlink: /home/rika/interbotix_ws/install/interbotix_moveit_interface_msgs/local/lib/python3.10/dist-packages/interbotix_moveit_interface_msgs/interbotix_moveit_interface_msgs_s__rosidl_typesupport_c.cpython-310-x86_64-linux-gnu.so
[1.764s] -- Up-to-date symlink: /home/rika/interbotix_ws/install/interbotix_moveit_interface_msgs/local/lib/python3.10/dist-packages/interbotix_moveit_interface_msgs/interbotix_moveit_interface_msgs_s__rosidl_typesupport_fastrtps_c.cpython-310-x86_64-linux-gnu.so
[1.764s] -- Up-to-date symlink: /home/rika/interbotix_ws/install/interbotix_moveit_interface_msgs/local/lib/python3.10/dist-packages/interbotix_moveit_interface_msgs/interbotix_moveit_interface_msgs_s__rosidl_typesupport_introspection_c.cpython-310-x86_64-linux-gnu.so
[1.764s] -- Up-to-date symlink: /home/rika/interbotix_ws/install/interbotix_moveit_interface_msgs/local/lib/python3.10/dist-packages/interbotix_moveit_interface_msgs/libinterbotix_moveit_interface_msgs__rosidl_generator_py.so
[1.764s] -- Up-to-date symlink: /home/rika/interbotix_ws/install/interbotix_moveit_interface_msgs/local/lib/python3.10/dist-packages/interbotix_moveit_interface_msgs/srv/__init__.py
[1.764s] -- Up-to-date symlink: /home/rika/interbotix_ws/install/interbotix_moveit_interface_msgs/local/lib/python3.10/dist-packages/interbotix_moveit_interface_msgs/srv/_move_it_plan.py
[1.764s] -- Up-to-date symlink: /home/rika/interbotix_ws/install/interbotix_moveit_interface_msgs/local/lib/python3.10/dist-packages/interbotix_moveit_interface_msgs/srv/_move_it_plan_s.c
[1.764s] -- Up-to-date symlink: /home/rika/interbotix_ws/install/interbotix_moveit_interface_msgs/local/lib/python3.10/dist-packages/interbotix_moveit_interface_msgs/interbotix_moveit_interface_msgs_s__rosidl_typesupport_fastrtps_c.cpython-310-x86_64-linux-gnu.so
[1.764s] -- Up-to-date symlink: /home/rika/interbotix_ws/install/interbotix_moveit_interface_msgs/local/lib/python3.10/dist-packages/interbotix_moveit_interface_msgs/interbotix_moveit_interface_msgs_s__rosidl_typesupport_introspection_c.cpython-310-x86_64-linux-gnu.so
[1.765s] -- Up-to-date symlink: /home/rika/interbotix_ws/install/interbotix_moveit_interface_msgs/local/lib/python3.10/dist-packages/interbotix_moveit_interface_msgs/interbotix_moveit_interface_msgs_s__rosidl_typesupport_c.cpython-310-x86_64-linux-gnu.so
[1.765s] -- Up-to-date symlink: /home/rika/interbotix_ws/install/interbotix_moveit_interface_msgs/share/interbotix_moveit_interface_msgs/srv/MoveItPlan.idl
[1.765s] -- Up-to-date symlink: /home/rika/interbotix_ws/install/interbotix_moveit_interface_msgs/share/interbotix_moveit_interface_msgs/srv/MoveItPlan.srv
[1.765s] -- Up-to-date symlink: /home/rika/interbotix_ws/install/interbotix_moveit_interface_msgs/share/interbotix_moveit_interface_msgs/srv/MoveItPlan_Request.msg
[1.765s] -- Up-to-date symlink: /home/rika/interbotix_ws/install/interbotix_moveit_interface_msgs/share/interbotix_moveit_interface_msgs/srv/MoveItPlan_Response.msg
[1.765s] -- Up-to-date symlink: /home/rika/interbotix_ws/install/interbotix_moveit_interface_msgs/share/ament_index/resource_index/package_run_dependencies/interbotix_moveit_interface_msgs
[1.765s] -- Up-to-date symlink: /home/rika/interbotix_ws/install/interbotix_moveit_interface_msgs/share/ament_index/resource_index/parent_prefix_path/interbotix_moveit_interface_msgs
[1.765s] -- Up-to-date symlink: /home/rika/interbotix_ws/install/interbotix_moveit_interface_msgs/share/interbotix_moveit_interface_msgs/environment/ament_prefix_path.sh
[1.765s] -- Up-to-date symlink: /home/rika/interbotix_ws/install/interbotix_moveit_interface_msgs/share/interbotix_moveit_interface_msgs/environment/ament_prefix_path.dsv
[1.766s] -- Up-to-date symlink: /home/rika/interbotix_ws/install/interbotix_moveit_interface_msgs/share/interbotix_moveit_interface_msgs/environment/path.sh
[1.766s] -- Up-to-date symlink: /home/rika/interbotix_ws/install/interbotix_moveit_interface_msgs/share/interbotix_moveit_interface_msgs/environment/path.dsv
[1.766s] -- Up-to-date symlink: /home/rika/interbotix_ws/install/interbotix_moveit_interface_msgs/share/interbotix_moveit_interface_msgs/local_setup.bash
[1.766s] -- Up-to-date symlink: /home/rika/interbotix_ws/install/interbotix_moveit_interface_msgs/share/interbotix_moveit_interface_msgs/local_setup.sh
[1.766s] -- Up-to-date symlink: /home/rika/interbotix_ws/install/interbotix_moveit_interface_msgs/share/interbotix_moveit_interface_msgs/local_setup.zsh
[1.766s] -- Up-to-date symlink: /home/rika/interbotix_ws/install/interbotix_moveit_interface_msgs/share/interbotix_moveit_interface_msgs/local_setup.dsv
[1.766s] -- Symlinking: /home/rika/interbotix_ws/install/interbotix_moveit_interface_msgs/share/interbotix_moveit_interface_msgs/package.dsv
[1.772s] -- Up-to-date symlink: /home/rika/interbotix_ws/install/interbotix_moveit_interface_msgs/share/ament_index/resource_index/packages/interbotix_moveit_interface_msgs
[1.773s] -- Up-to-date symlink: /home/rika/interbotix_ws/install/interbotix_moveit_interface_msgs/share/interbotix_moveit_interface_msgs/cmake/rosidl_cmake-extras.cmake
[1.773s] -- Up-to-date symlink: /home/rika/interbotix_ws/install/interbotix_moveit_interface_msgs/share/interbotix_moveit_interface_msgs/cmake/ament_cmake_export_dependencies-extras.cmake
[1.773s] -- Up-to-date symlink: /home/rika/interbotix_ws/install/interbotix_moveit_interface_msgs/share/interbotix_moveit_interface_msgs/cmake/ament_cmake_export_include_directories-extras.cmake
[1.773s] -- Up-to-date symlink: /home/rika/interbotix_ws/install/interbotix_moveit_interface_msgs/share/interbotix_moveit_interface_msgs/cmake/ament_cmake_export_libraries-extras.cmake
[1.773s] -- Up-to-date symlink: /home/rika/interbotix_ws/install/interbotix_moveit_interface_msgs/share/interbotix_moveit_interface_msgs/cmake/ament_cmake_export_targets-extras.cmake
[1.773s] -- Up-to-date symlink: /home/rika/interbotix_ws/install/interbotix_moveit_interface_msgs/share/interbotix_moveit_interface_msgs/cmake/rosidl_cmake_export_typesupport_targets-extras.cmake
[1.773s] -- Up-to-date symlink: /home/rika/interbotix_ws/install/interbotix_moveit_interface_msgs/share/interbotix_moveit_interface_msgs/cmake/rosidl_cmake_export_typesupport_libraries-extras.cmake
[1.773s] -- Up-to-date symlink: /home/rika/interbotix_ws/install/interbotix_moveit_interface_msgs/share/interbotix_moveit_interface_msgs/cmake/interbotix_moveit_interface_msgsConfig.cmake
[1.773s] -- Up-to-date symlink: /home/rika/interbotix_ws/install/interbotix_moveit_interface_msgs/share/interbotix_moveit_interface_msgs/cmake/interbotix_moveit_interface_msgsConfig-version.cmake
[1.773s] -- Up-to-date symlink: /home/rika/interbotix_ws/install/interbotix_moveit_interface_msgs/share/interbotix_moveit_interface_msgs/package.xml
[1.774s] -- Up-to-date: /home/rika/interbotix_ws/install/interbotix_moveit_interface_msgs/lib/libinterbotix_moveit_interface_msgs__rosidl_generator_c.so
[1.774s] -- Up-to-date: /home/rika/interbotix_ws/install/interbotix_moveit_interface_msgs/lib/libinterbotix_moveit_interface_msgs__rosidl_typesupport_fastrtps_c.so
[1.775s] -- Up-to-date: /home/rika/interbotix_ws/install/interbotix_moveit_interface_msgs/lib/libinterbotix_moveit_interface_msgs__rosidl_typesupport_introspection_c.so
[1.775s] -- Up-to-date: /home/rika/interbotix_ws/install/interbotix_moveit_interface_msgs/lib/libinterbotix_moveit_interface_msgs__rosidl_typesupport_c.so
[1.775s] -- Up-to-date: /home/rika/interbotix_ws/install/interbotix_moveit_interface_msgs/lib/libinterbotix_moveit_interface_msgs__rosidl_typesupport_fastrtps_cpp.so
[1.775s] -- Up-to-date: /home/rika/interbotix_ws/install/interbotix_moveit_interface_msgs/lib/libinterbotix_moveit_interface_msgs__rosidl_typesupport_introspection_cpp.so
[1.776s] -- Up-to-date: /home/rika/interbotix_ws/install/interbotix_moveit_interface_msgs/lib/libinterbotix_moveit_interface_msgs__rosidl_typesupport_cpp.so
[1.804s] Listing '/home/rika/interbotix_ws/install/interbotix_moveit_interface_msgs/local/lib/python3.10/dist-packages/interbotix_moveit_interface_msgs'...
[1.804s] Compiling '/home/rika/interbotix_ws/install/interbotix_moveit_interface_msgs/local/lib/python3.10/dist-packages/interbotix_moveit_interface_msgs/__init__.py'...
[1.804s] Listing '/home/rika/interbotix_ws/install/interbotix_moveit_interface_msgs/local/lib/python3.10/dist-packages/interbotix_moveit_interface_msgs/srv'...
[1.809s] -- Up-to-date: /home/rika/interbotix_ws/install/interbotix_moveit_interface_msgs/lib/libinterbotix_moveit_interface_msgs__rosidl_generator_py.so
[1.809s] -- Up-to-date: /home/rika/interbotix_ws/install/interbotix_moveit_interface_msgs/share/interbotix_moveit_interface_msgs/cmake/export_interbotix_moveit_interface_msgs__rosidl_generator_cExport.cmake
[1.809s] -- Up-to-date: /home/rika/interbotix_ws/install/interbotix_moveit_interface_msgs/share/interbotix_moveit_interface_msgs/cmake/export_interbotix_moveit_interface_msgs__rosidl_generator_cExport-noconfig.cmake
[1.809s] -- Up-to-date: /home/rika/interbotix_ws/install/interbotix_moveit_interface_msgs/share/interbotix_moveit_interface_msgs/cmake/export_interbotix_moveit_interface_msgs__rosidl_typesupport_fastrtps_cExport.cmake
[1.809s] -- Up-to-date: /home/rika/interbotix_ws/install/interbotix_moveit_interface_msgs/share/interbotix_moveit_interface_msgs/cmake/export_interbotix_moveit_interface_msgs__rosidl_typesupport_fastrtps_cExport-noconfig.cmake
[1.809s] -- Up-to-date: /home/rika/interbotix_ws/install/interbotix_moveit_interface_msgs/share/interbotix_moveit_interface_msgs/cmake/interbotix_moveit_interface_msgs__rosidl_typesupport_introspection_cExport.cmake
[1.809s] -- Up-to-date: /home/rika/interbotix_ws/install/interbotix_moveit_interface_msgs/share/interbotix_moveit_interface_msgs/cmake/interbotix_moveit_interface_msgs__rosidl_typesupport_introspection_cExport-noconfig.cmake
[1.809s] -- Up-to-date: /home/rika/interbotix_ws/install/interbotix_moveit_interface_msgs/share/interbotix_moveit_interface_msgs/cmake/interbotix_moveit_interface_msgs__rosidl_typesupport_cExport.cmake
[1.810s] -- Up-to-date: /home/rika/interbotix_ws/install/interbotix_moveit_interface_msgs/share/interbotix_moveit_interface_msgs/cmake/interbotix_moveit_interface_msgs__rosidl_typesupport_cExport-noconfig.cmake
[1.810s] -- Up-to-date: /home/rika/interbotix_ws/install/interbotix_moveit_interface_msgs/share/interbotix_moveit_interface_msgs/cmake/export_interbotix_moveit_interface_msgs__rosidl_generator_cppExport.cmake
[1.810s] -- Up-to-date: /home/rika/interbotix_ws/install/interbotix_moveit_interface_msgs/share/interbotix_moveit_interface_msgs/cmake/export_interbotix_moveit_interface_msgs__rosidl_typesupport_fastrtps_cppExport.cmake
[1.810s] -- Up-to-date: /home/rika/interbotix_ws/install/interbotix_moveit_interface_msgs/share/interbotix_moveit_interface_msgs/cmake/export_interbotix_moveit_interface_msgs__rosidl_typesupport_fastrtps_cppExport-noconfig.cmake
[1.810s] -- Up-to-date: /home/rika/interbotix_ws/install/interbotix_moveit_interface_msgs/share/interbotix_moveit_interface_msgs/cmake/interbotix_moveit_interface_msgs__rosidl_typesupport_introspection_cppExport.cmake
[1.810s] -- Up-to-date: /home/rika/interbotix_ws/install/interbotix_moveit_interface_msgs/share/interbotix_moveit_interface_msgs/cmake/interbotix_moveit_interface_msgs__rosidl_typesupport_introspection_cppExport-noconfig.cmake
[1.810s] -- Up-to-date: /home/rika/interbotix_ws/install/interbotix_moveit_interface_msgs/share/interbotix_moveit_interface_msgs/cmake/interbotix_moveit_interface_msgs__rosidl_typesupport_cppExport.cmake
[1.810s] -- Up-to-date: /home/rika/interbotix_ws/install/interbotix_moveit_interface_msgs/share/interbotix_moveit_interface_msgs/cmake/interbotix_moveit_interface_msgs__rosidl_typesupport_cppExport-noconfig.cmake
[1.810s] -- Up-to-date: /home/rika/interbotix_ws/install/interbotix_moveit_interface_msgs/share/interbotix_moveit_interface_msgs/cmake/export_interbotix_moveit_interface_msgs__rosidl_generator_pyExport.cmake
[1.810s] -- Up-to-date: /home/rika/interbotix_ws/install/interbotix_moveit_interface_msgs/share/interbotix_moveit_interface_msgs/cmake/export_interbotix_moveit_interface_msgs__rosidl_generator_pyExport-noconfig.cmake
[1.824s] Invoked command in '/home/rika/interbotix_ws/build/interbotix_moveit_interface_msgs' returned '0': CMAKE_PREFIX_PATH=/home/rika/rika_ws/install/bimanual_pkg:/home/rika/interbotix_ws/install/interbotix_xs_modules:/home/rika/interbotix_ws/install/interbotix_perception_modules:/home/rika/interbotix_ws/install/dual_arm_control:/home/rika/interbotix_ws/install/interbotix_common_modules:/opt/ros/humble:${CMAKE_PREFIX_PATH} /usr/bin/cmake --install /home/rika/interbotix_ws/build/interbotix_moveit_interface_msgs
