[0.841s] Invoking command in '/home/rika/interbotix_ws/src/interbotix_ros_toolboxes/interbotix_common_toolbox/interbotix_common_modules': PYTHONPATH=/home/rika/interbotix_ws/build/interbotix_common_modules/prefix_override:/usr/lib/python3/dist-packages/colcon_core/task/python/colcon_distutils_commands:/home/rika/interbotix_ws/install/interbotix_common_modules/lib/python3.10/site-packages:${PYTHONPATH} /usr/bin/python3 -W ignore:setup.py install is deprecated -W ignore:easy_install command is deprecated setup.py egg_info --egg-base ../../../../build/interbotix_common_modules build --build-base /home/rika/interbotix_ws/build/interbotix_common_modules/build install --record /home/rika/interbotix_ws/build/interbotix_common_modules/install.log --single-version-externally-managed install_data
[1.288s] running egg_info
[1.290s] writing ../../../../build/interbotix_common_modules/interbotix_common_modules.egg-info/PKG-INFO
[1.290s] writing dependency_links to ../../../../build/interbotix_common_modules/interbotix_common_modules.egg-info/dependency_links.txt
[1.290s] writing entry points to ../../../../build/interbotix_common_modules/interbotix_common_modules.egg-info/entry_points.txt
[1.291s] writing requirements to ../../../../build/interbotix_common_modules/interbotix_common_modules.egg-info/requires.txt
[1.291s] writing top-level names to ../../../../build/interbotix_common_modules/interbotix_common_modules.egg-info/top_level.txt
[1.294s] reading manifest file '../../../../build/interbotix_common_modules/interbotix_common_modules.egg-info/SOURCES.txt'
[1.297s] writing manifest file '../../../../build/interbotix_common_modules/interbotix_common_modules.egg-info/SOURCES.txt'
[1.298s] running build
[1.298s] running build_py
[1.300s] running install
[1.300s] running install_lib
[1.302s] running install_data
[1.302s] copying resource/interbotix_common_modules -> /home/rika/interbotix_ws/install/interbotix_common_modules/share/ament_index/resource_index/packages
[1.303s] copying package.xml -> /home/rika/interbotix_ws/install/interbotix_common_modules/share/interbotix_common_modules
[1.305s] running install_egg_info
[1.307s] removing '/home/rika/interbotix_ws/install/interbotix_common_modules/lib/python3.10/site-packages/interbotix_common_modules-0.0.0-py3.10.egg-info' (and everything under it)
[1.313s] Copying ../../../../build/interbotix_common_modules/interbotix_common_modules.egg-info to /home/rika/interbotix_ws/install/interbotix_common_modules/lib/python3.10/site-packages/interbotix_common_modules-0.0.0-py3.10.egg-info
[1.315s] running install_scripts
[1.340s] writing list of installed files to '/home/rika/interbotix_ws/build/interbotix_common_modules/install.log'
[1.376s] Invoked command in '/home/rika/interbotix_ws/src/interbotix_ros_toolboxes/interbotix_common_toolbox/interbotix_common_modules' returned '0': PYTHONPATH=/home/rika/interbotix_ws/build/interbotix_common_modules/prefix_override:/usr/lib/python3/dist-packages/colcon_core/task/python/colcon_distutils_commands:/home/rika/interbotix_ws/install/interbotix_common_modules/lib/python3.10/site-packages:${PYTHONPATH} /usr/bin/python3 -W ignore:setup.py install is deprecated -W ignore:easy_install command is deprecated setup.py egg_info --egg-base ../../../../build/interbotix_common_modules build --build-base /home/rika/interbotix_ws/build/interbotix_common_modules/build install --record /home/rika/interbotix_ws/build/interbotix_common_modules/install.log --single-version-externally-managed install_data
