[0.179s] Invoking command in '/home/rika/interbotix_ws/build/moveit_visual_tools': CMAKE_PREFIX_PATH=${CMAKE_PREFIX_PATH}:/home/rika/interbotix_ws/install/interbotix_xs_modules:/home/rika/interbotix_ws/install/interbotix_perception_modules:/home/rika/interbotix_ws/install/interbotix_common_modules:/opt/ros/humble /usr/bin/cmake /home/rika/interbotix_ws/src/moveit_visual_tools -DAMENT_CMAKE_SYMLINK_INSTALL=1 -DCMAKE_INSTALL_PREFIX=/home/rika/interbotix_ws/install/moveit_visual_tools
[0.215s] -- The C compiler identification is GNU 11.4.0
[0.259s] -- The CXX compiler identification is GNU 11.4.0
[0.266s] -- Detecting C compiler ABI info
[0.320s] -- Detecting C compiler ABI info - done
[0.325s] -- Check for working C compiler: /usr/bin/cc - skipped
[0.325s] -- Detecting C compile features
[0.326s] -- Detecting C compile features - done
[0.328s] -- Detecting CXX compiler ABI info
[0.385s] -- Detecting CXX compiler ABI info - done
[0.393s] -- Check for working CXX compiler: /usr/bin/c++ - skipped
[0.394s] -- Detecting CXX compile features
[0.394s] -- Detecting CXX compile features - done
[0.396s] -- Found moveit_common: 2.5.9 (/opt/ros/humble/share/moveit_common/cmake)
[0.398s] -- Found ament_cmake: 1.3.11 (/opt/ros/humble/share/ament_cmake/cmake)
[0.515s] -- Found Python3: /usr/bin/python3 (found version "3.10.12") found components: Interpreter 
[0.574s] -- Override CMake install command with custom implementation using symlinks instead of copying resources
[0.664s] [0mmoveit_visual_tools: You did not request a specific build type: Choosing 'Release' for maximum performance[0m
[0.676s] -- Found Boost: /usr/lib/x86_64-linux-gnu/cmake/Boost-1.74.0/BoostConfig.cmake (found version "1.74.0") found components: system 
[0.683s] -- Found geometry_msgs: 4.9.0 (/opt/ros/humble/share/geometry_msgs/cmake)
[0.720s] -- Found rosidl_generator_c: 3.1.6 (/opt/ros/humble/share/rosidl_generator_c/cmake)
[0.726s] -- Found rosidl_adapter: 3.1.6 (/opt/ros/humble/share/rosidl_adapter/cmake)
[0.735s] -- Found rosidl_generator_cpp: 3.1.6 (/opt/ros/humble/share/rosidl_generator_cpp/cmake)
[0.748s] -- Using all available rosidl_typesupport_c: rosidl_typesupport_fastrtps_c;rosidl_typesupport_introspection_c
[0.766s] -- Using all available rosidl_typesupport_cpp: rosidl_typesupport_fastrtps_cpp;rosidl_typesupport_introspection_cpp
[0.803s] -- Found graph_msgs: 0.2.0 (/opt/ros/humble/share/graph_msgs/cmake)
[0.817s] -- Found moveit_core: 2.5.9 (/opt/ros/humble/share/moveit_core/cmake)
[1.040s] -- Found Boost: /usr/lib/x86_64-linux-gnu/cmake/Boost-1.74.0/BoostConfig.cmake (found version "1.74.0") found components: chrono date_time filesystem iostreams program_options regex serialization system thread 
[1.080s] -- Found parameter_traits: 0.5.0 (/opt/ros/humble/share/parameter_traits/cmake)
[1.117s] -- Found rmw_implementation_cmake: 6.1.2 (/opt/ros/humble/share/rmw_implementation_cmake/cmake)
[1.120s] -- Found rmw_fastrtps_cpp: 6.2.7 (/opt/ros/humble/share/rmw_fastrtps_cpp/cmake)
[1.191s] -- Found OpenSSL: /usr/lib/x86_64-linux-gnu/libcrypto.so (found version "3.0.2")  
[1.217s] -- Found FastRTPS: /opt/ros/humble/include  
[1.248s] -- Using RMW implementation 'rmw_fastrtps_cpp' as default
[1.255s] -- Found Threads: TRUE  
[1.289s] -- Found rclcpp_lifecycle: 16.0.12 (/opt/ros/humble/share/rclcpp_lifecycle/cmake)
[1.307s] -- Found Boost: /usr/lib/x86_64-linux-gnu/cmake/Boost-1.74.0/BoostConfig.cmake (found version "1.74.0") found components: filesystem 
[1.369s] -- library: /usr/lib/x86_64-linux-gnu/libcurl.so
[1.417s] -- Found Eigen3: TRUE (found version "3.4.0") 
[1.417s] -- Ensuring Eigen3 include directory is part of orocos-kdl CMake target
[1.613s] -- Found moveit_ros_planning: 2.5.9 (/opt/ros/humble/share/moveit_ros_planning/cmake)
[1.618s] -- Found Boost: /usr/lib/x86_64-linux-gnu/cmake/Boost-1.74.0/BoostConfig.cmake (found version "1.74.0") found components: system filesystem date_time program_options thread chrono 
[1.638s] -- Found rviz_visual_tools: 4.1.4 (/opt/ros/humble/share/rviz_visual_tools/cmake)
[1.659s] -- Setting assimp_DIR to: '/opt/ros/humble/share/rviz_assimp_vendor/cmake/../../../opt/rviz_assimp_vendor/lib/cmake/assimp-4.1'
[1.665s] -- Setting OGRE_DIR to: '/opt/ros/humble/share/rviz_ogre_vendor/cmake/../../../opt/rviz_ogre_vendor/lib/OGRE/cmake'
[1.666s] -- Found OGRE
[1.666s] --   static     : OFF
[1.666s] --   components : HLMS;MeshLodGenerator;Overlay;Paging;Property;RTShaderSystem;Terrain;Volume
[1.666s] --   plugins    : Plugin_BSPSceneManager;Plugin_OctreeSceneManager;Plugin_PCZSceneManager;Plugin_ParticleFX;RenderSystem_GL;RenderSystem_GL3Plus;Codec_STBI
[1.666s] --   media      : /opt/ros/humble/opt/rviz_ogre_vendor/share/OGRE/Media
[1.666s] -- OGRE_LIBRARIES: OgreHLMS;OgreMeshLodGenerator;OgreOverlay;OgrePaging;OgreProperty;OgreRTShaderSystem;OgreTerrain;OgreVolume;OgreMain
[1.666s] -- OGRE_LIBRARY_DIRS: /opt/ros/humble/opt/rviz_ogre_vendor/lib
[1.666s] -- OGRE_PLUGINS: Plugin_BSPSceneManager;Plugin_OctreeSceneManager;Plugin_PCZSceneManager;Plugin_ParticleFX;RenderSystem_GL;RenderSystem_GL3Plus;Codec_STBI
[1.666s] -- OGRE_PLUGIN_DIR: /opt/ros/humble/opt/rviz_ogre_vendor/lib/OGRE
[1.666s] -- rviz_ogre_vendor::OgreOverlay for IMPORTED_LOCATION_RELEASE: /opt/ros/humble/opt/rviz_ogre_vendor/lib/libOgreOverlay.so
[1.666s] -- rviz_ogre_vendor::OgreOverlay for IMPORTED_LOCATION_DEBUG: /opt/ros/humble/opt/rviz_ogre_vendor/lib/libOgreOverlay.so
[1.666s] -- rviz_ogre_vendor::OgreMain for IMPORTED_LOCATION_RELEASE: /opt/ros/humble/opt/rviz_ogre_vendor/lib/libOgreMain.so
[1.666s] -- rviz_ogre_vendor::OgreMain for IMPORTED_LOCATION_DEBUG: /opt/ros/humble/opt/rviz_ogre_vendor/lib/libOgreMain.so
[1.683s] -- Found ZLIB: /usr/lib/x86_64-linux-gnu/libz.so (found version "1.2.11") 
[1.690s] -- Found OpenGL: /usr/lib/x86_64-linux-gnu/libOpenGL.so   
[1.783s] -- Found X11: /usr/include   
[1.785s] -- Looking for XOpenDisplay in /usr/lib/x86_64-linux-gnu/libX11.so;/usr/lib/x86_64-linux-gnu/libXext.so
[1.898s] -- Looking for XOpenDisplay in /usr/lib/x86_64-linux-gnu/libX11.so;/usr/lib/x86_64-linux-gnu/libXext.so - found
[1.898s] -- Looking for gethostbyname
[2.002s] -- Looking for gethostbyname - found
[2.003s] -- Looking for connect
[2.106s] -- Looking for connect - found
[2.106s] -- Looking for remove
[2.207s] -- Looking for remove - found
[2.207s] -- Looking for shmat
[2.347s] -- Looking for shmat - found
[2.347s] -- Looking for IceConnectionNumber in ICE
[2.491s] -- Looking for IceConnectionNumber in ICE - found
[2.686s] -- Found ament_lint_auto: 0.12.12 (/opt/ros/humble/share/ament_lint_auto/cmake)
[2.706s] -- Added test 'copyright' to check source files copyright and LICENSE
[2.706s] -- Added test 'flake8' to check Python code syntax and style conventions
[2.708s] -- Added test 'lint_cmake' to check CMake code style
[2.709s] -- Added test 'pep257' to check Python code against some of the docstring style conventions in PEP 257
[2.711s] -- Added test 'xmllint' to check XML markup files
[2.714s] -- Configuring done
[2.781s] -- Generating done
[2.807s] -- Build files have been written to: /home/rika/interbotix_ws/build/moveit_visual_tools
[2.841s] Invoked command in '/home/rika/interbotix_ws/build/moveit_visual_tools' returned '0': CMAKE_PREFIX_PATH=${CMAKE_PREFIX_PATH}:/home/rika/interbotix_ws/install/interbotix_xs_modules:/home/rika/interbotix_ws/install/interbotix_perception_modules:/home/rika/interbotix_ws/install/interbotix_common_modules:/opt/ros/humble /usr/bin/cmake /home/rika/interbotix_ws/src/moveit_visual_tools -DAMENT_CMAKE_SYMLINK_INSTALL=1 -DCMAKE_INSTALL_PREFIX=/home/rika/interbotix_ws/install/moveit_visual_tools
[2.850s] Invoking command in '/home/rika/interbotix_ws/build/moveit_visual_tools': CMAKE_PREFIX_PATH=${CMAKE_PREFIX_PATH}:/home/rika/interbotix_ws/install/interbotix_xs_modules:/home/rika/interbotix_ws/install/interbotix_perception_modules:/home/rika/interbotix_ws/install/interbotix_common_modules:/opt/ros/humble /usr/bin/cmake --build /home/rika/interbotix_ws/build/moveit_visual_tools -- -j12 -l12
[2.952s] [ 16%] [32mBuilding CXX object CMakeFiles/moveit_visual_tools.dir/src/moveit_visual_tools.cpp.o[0m
[2.954s] [ 33%] [32mBuilding CXX object CMakeFiles/moveit_visual_tools.dir/src/imarker_robot_state.cpp.o[0m
[2.962s] [ 50%] [32mBuilding CXX object CMakeFiles/moveit_visual_tools.dir/src/imarker_end_effector.cpp.o[0m
[20.474s] [ 66%] [32m[1mLinking CXX shared library libmoveit_visual_tools.so[0m
[20.734s] [ 66%] Built target moveit_visual_tools
[20.750s] [ 83%] [32mBuilding CXX object CMakeFiles/moveit_visual_tools_demo.dir/src/moveit_visual_tools_demo.cpp.o[0m
[29.095s] [100%] [32m[1mLinking CXX executable moveit_visual_tools_demo[0m
[29.348s] [100%] Built target moveit_visual_tools_demo
[29.355s] Invoked command in '/home/rika/interbotix_ws/build/moveit_visual_tools' returned '0': CMAKE_PREFIX_PATH=${CMAKE_PREFIX_PATH}:/home/rika/interbotix_ws/install/interbotix_xs_modules:/home/rika/interbotix_ws/install/interbotix_perception_modules:/home/rika/interbotix_ws/install/interbotix_common_modules:/opt/ros/humble /usr/bin/cmake --build /home/rika/interbotix_ws/build/moveit_visual_tools -- -j12 -l12
[29.356s] Invoking command in '/home/rika/interbotix_ws/build/moveit_visual_tools': CMAKE_PREFIX_PATH=${CMAKE_PREFIX_PATH}:/home/rika/interbotix_ws/install/interbotix_xs_modules:/home/rika/interbotix_ws/install/interbotix_perception_modules:/home/rika/interbotix_ws/install/interbotix_common_modules:/opt/ros/humble /usr/bin/cmake --install /home/rika/interbotix_ws/build/moveit_visual_tools
[29.361s] -- Install configuration: "Release"
[29.362s] -- Execute custom install script
[29.362s] -- Symlinking: /home/rika/interbotix_ws/install/moveit_visual_tools/share/moveit_visual_tools/environment/library_path.sh
[29.367s] -- Symlinking: /home/rika/interbotix_ws/install/moveit_visual_tools/share/moveit_visual_tools/environment/library_path.dsv
[29.373s] -- Symlinking: /home/rika/interbotix_ws/install/moveit_visual_tools/lib/moveit_visual_tools/moveit_visual_tools_demo
[29.379s] -- Symlinking: /home/rika/interbotix_ws/install/moveit_visual_tools/include/moveit_visual_tools/imarker_end_effector.h
[29.384s] -- Symlinking: /home/rika/interbotix_ws/install/moveit_visual_tools/include/moveit_visual_tools/imarker_robot_state.h
[29.390s] -- Symlinking: /home/rika/interbotix_ws/install/moveit_visual_tools/include/moveit_visual_tools/moveit_visual_tools.h
[29.396s] -- Symlinking: /home/rika/interbotix_ws/install/moveit_visual_tools/share/moveit_visual_tools/launch/demo.rviz
[29.402s] -- Symlinking: /home/rika/interbotix_ws/install/moveit_visual_tools/share/moveit_visual_tools/launch/demo_rviz.launch.py
[29.408s] -- Symlinking: /home/rika/interbotix_ws/install/moveit_visual_tools/share/moveit_visual_tools/resources/demo.png
[29.414s] -- Symlinking: /home/rika/interbotix_ws/install/moveit_visual_tools/share/moveit_visual_tools/resources/demo_mesh.stl
[29.420s] -- Symlinking: /home/rika/interbotix_ws/install/moveit_visual_tools/share/moveit_visual_tools/resources/rrbot.srdf
[29.426s] -- Symlinking: /home/rika/interbotix_ws/install/moveit_visual_tools/share/moveit_visual_tools/resources/rrbot.urdf
[29.432s] -- Symlinking: /home/rika/interbotix_ws/install/moveit_visual_tools/share/moveit_visual_tools/resources/screenshot.png
[29.438s] -- Symlinking: /home/rika/interbotix_ws/install/moveit_visual_tools/share/ament_index/resource_index/package_run_dependencies/moveit_visual_tools
[29.444s] -- Symlinking: /home/rika/interbotix_ws/install/moveit_visual_tools/share/ament_index/resource_index/parent_prefix_path/moveit_visual_tools
[29.450s] -- Symlinking: /home/rika/interbotix_ws/install/moveit_visual_tools/share/moveit_visual_tools/environment/ament_prefix_path.sh
[29.456s] -- Symlinking: /home/rika/interbotix_ws/install/moveit_visual_tools/share/moveit_visual_tools/environment/ament_prefix_path.dsv
[29.462s] -- Symlinking: /home/rika/interbotix_ws/install/moveit_visual_tools/share/moveit_visual_tools/environment/path.sh
[29.468s] -- Symlinking: /home/rika/interbotix_ws/install/moveit_visual_tools/share/moveit_visual_tools/environment/path.dsv
[29.476s] -- Symlinking: /home/rika/interbotix_ws/install/moveit_visual_tools/share/moveit_visual_tools/local_setup.bash
[29.482s] -- Symlinking: /home/rika/interbotix_ws/install/moveit_visual_tools/share/moveit_visual_tools/local_setup.sh
[29.488s] -- Symlinking: /home/rika/interbotix_ws/install/moveit_visual_tools/share/moveit_visual_tools/local_setup.zsh
[29.493s] -- Symlinking: /home/rika/interbotix_ws/install/moveit_visual_tools/share/moveit_visual_tools/local_setup.dsv
[29.499s] -- Symlinking: /home/rika/interbotix_ws/install/moveit_visual_tools/share/moveit_visual_tools/package.dsv
[29.505s] -- Symlinking: /home/rika/interbotix_ws/install/moveit_visual_tools/share/ament_index/resource_index/packages/moveit_visual_tools
[29.510s] -- Symlinking: /home/rika/interbotix_ws/install/moveit_visual_tools/share/moveit_visual_tools/cmake/ament_cmake_export_targets-extras.cmake
[29.515s] -- Symlinking: /home/rika/interbotix_ws/install/moveit_visual_tools/share/moveit_visual_tools/cmake/ament_cmake_export_dependencies-extras.cmake
[29.521s] -- Symlinking: /home/rika/interbotix_ws/install/moveit_visual_tools/share/moveit_visual_tools/cmake/moveit_visual_toolsConfig.cmake
[29.526s] -- Symlinking: /home/rika/interbotix_ws/install/moveit_visual_tools/share/moveit_visual_tools/cmake/moveit_visual_toolsConfig-version.cmake
[29.532s] -- Symlinking: /home/rika/interbotix_ws/install/moveit_visual_tools/share/moveit_visual_tools/package.xml
[29.538s] -- Installing: /home/rika/interbotix_ws/install/moveit_visual_tools/lib/libmoveit_visual_tools.so
[29.539s] -- Set runtime path of "/home/rika/interbotix_ws/install/moveit_visual_tools/lib/libmoveit_visual_tools.so" to ""
[29.539s] -- Installing: /home/rika/interbotix_ws/install/moveit_visual_tools/share/moveit_visual_tools/cmake/export_moveit_visual_toolsExport.cmake
[29.539s] -- Installing: /home/rika/interbotix_ws/install/moveit_visual_tools/share/moveit_visual_tools/cmake/export_moveit_visual_toolsExport-release.cmake
[29.541s] Invoked command in '/home/rika/interbotix_ws/build/moveit_visual_tools' returned '0': CMAKE_PREFIX_PATH=${CMAKE_PREFIX_PATH}:/home/rika/interbotix_ws/install/interbotix_xs_modules:/home/rika/interbotix_ws/install/interbotix_perception_modules:/home/rika/interbotix_ws/install/interbotix_common_modules:/opt/ros/humble /usr/bin/cmake --install /home/rika/interbotix_ws/build/moveit_visual_tools
