[  3%] Built target interbotix_moveit_interface_msgs__cpp
[ 12%] Built target interbotix_moveit_interface_msgs__rosidl_generator_c
[ 12%] Built target ament_cmake_python_symlink_interbotix_moveit_interface_msgs
[ 22%] Built target interbotix_moveit_interface_msgs__rosidl_typesupport_introspection_cpp
[ 32%] Built target interbotix_moveit_interface_msgs__rosidl_typesupport_cpp
[ 41%] Built target interbotix_moveit_interface_msgs__rosidl_typesupport_introspection_c
[ 51%] Built target interbotix_moveit_interface_msgs__rosidl_typesupport_fastrtps_c
[ 61%] Built target interbotix_moveit_interface_msgs__rosidl_typesupport_fastrtps_cpp
[ 70%] Built target interbotix_moveit_interface_msgs__rosidl_typesupport_c
[ 70%] Built target interbotix_moveit_interface_msgs
[ 74%] Built target interbotix_moveit_interface_msgs__py
[ 80%] Built target interbotix_moveit_interface_msgs__rosidl_generator_py
[ 87%] Built target interbotix_moveit_interface_msgs__rosidl_typesupport_c__pyext
[100%] Built target interbotix_moveit_interface_msgs__rosidl_typesupport_fastrtps_c__pyext
[100%] Built target interbotix_moveit_interface_msgs__rosidl_typesupport_introspection_c__pyext
running egg_info
writing interbotix_moveit_interface_msgs.egg-info/PKG-INFO
writing dependency_links to interbotix_moveit_interface_msgs.egg-info/dependency_links.txt
writing top-level names to interbotix_moveit_interface_msgs.egg-info/top_level.txt
reading manifest file 'interbotix_moveit_interface_msgs.egg-info/SOURCES.txt'
writing manifest file 'interbotix_moveit_interface_msgs.egg-info/SOURCES.txt'
[100%] Built target ament_cmake_python_build_interbotix_moveit_interface_msgs_egg
