[0.009s] Invoking command in '/home/rika/interbotix_ws/build/interbotix_xs_ros_control': CMAKE_PREFIX_PATH=/home/rika/interbotix_ws/install/interbotix_xs_msgs:/home/rika/interbotix_ws/install/interbotix_ros_xsarms_examples:/home/rika/interbotix_ws/install/interbotix_xsarm_moveit_interface:/home/rika/interbotix_ws/install/interbotix_moveit_interface:/home/rika/interbotix_ws/install/moveit_visual_tools:/home/rika/interbotix_ws/install/interbotix_ros_xsarms:/home/rika/interbotix_ws/install/interbotix_xsarm_moveit:/home/rika/interbotix_ws/install/interbotix_xsarm_sim:/home/rika/interbotix_ws/install/interbotix_xsarm_ros_control:/home/rika/interbotix_ws/install/interbotix_xsarm_puppet:/home/rika/interbotix_ws/install/interbotix_xsarm_perception:/home/rika/interbotix_ws/install/interbotix_xsarm_joy:/home/rika/interbotix_ws/install/interbotix_xsarm_gravity_compensation:/home/rika/interbotix_ws/install/interbotix_xsarm_dual:/home/rika/interbotix_ws/install/interbotix_xsarm_control:/home/rika/interbotix_ws/install/interbotix_xsarm_descriptions:/home/rika/interbotix_ws/install/interbotix_xs_toolbox:/home/rika/interbotix_ws/install/interbotix_xs_rviz:/home/rika/interbotix_ws/install/interbotix_ros_xseries:/home/rika/interbotix_ws/install/interbotix_xs_sdk:/home/rika/interbotix_ws/install/interbotix_xs_ros_control:/home/rika/interbotix_ws/install/interbotix_perception_toolbox:/home/rika/interbotix_ws/install/interbotix_common_toolbox:/home/rika/interbotix_ws/install/interbotix_gravity_compensation:/home/rika/interbotix_ws/install/interbotix_xs_driver:/home/rika/interbotix_ws/install/interbotix_tf_tools:/home/rika/interbotix_ws/install/interbotix_perception_pipelines:/home/rika/interbotix_ws/install/interbotix_perception_msgs:/home/rika/interbotix_ws/install/interbotix_moveit_interface_msgs:/home/rika/interbotix_ws/install/interbotix_common_sim:/home/rika/interbotix_ws/install/dynamixel_workbench_toolbox:/home/rika/apriltag_ws/install/apriltag_ros:/home/rika/interbotix_ws/install/interbotix_xs_modules:/home/rika/interbotix_ws/install/interbotix_perception_modules:/home/rika/interbotix_ws/install/interbotix_common_modules:/opt/ros/humble LD_LIBRARY_PATH=/home/rika/interbotix_ws/install/interbotix_xs_msgs/lib:/home/rika/interbotix_ws/install/moveit_visual_tools/lib:/home/rika/interbotix_ws/install/interbotix_xs_rviz/lib:/home/rika/interbotix_ws/install/interbotix_xs_ros_control/lib:/home/rika/interbotix_ws/install/interbotix_xs_driver/lib:/home/rika/interbotix_ws/install/interbotix_tf_tools/lib:/home/rika/interbotix_ws/install/interbotix_perception_msgs/lib:/home/rika/interbotix_ws/install/interbotix_moveit_interface_msgs/lib:/home/rika/interbotix_ws/install/dynamixel_workbench_toolbox/lib:/home/rika/apriltag_ws/install/apriltag_ros/lib:/opt/ros/humble/opt/rviz_ogre_vendor/lib:/opt/ros/humble/lib/x86_64-linux-gnu:/opt/ros/humble/lib /usr/bin/cmake /home/rika/interbotix_ws/src/interbotix_ros_toolboxes/interbotix_xs_toolbox/interbotix_xs_ros_control -DAMENT_CMAKE_SYMLINK_INSTALL=1 -DCMAKE_INSTALL_PREFIX=/home/rika/interbotix_ws/install/interbotix_xs_ros_control
[0.049s] -- The C compiler identification is GNU 11.4.0
[0.090s] -- The CXX compiler identification is GNU 11.4.0
[0.097s] -- Detecting C compiler ABI info
[0.147s] -- Detecting C compiler ABI info - done
[0.152s] -- Check for working C compiler: /usr/bin/cc - skipped
[0.152s] -- Detecting C compile features
[0.153s] -- Detecting C compile features - done
[0.155s] -- Detecting CXX compiler ABI info
[0.211s] -- Detecting CXX compiler ABI info - done
[0.219s] -- Check for working CXX compiler: /usr/bin/c++ - skipped
[0.219s] -- Detecting CXX compile features
[0.220s] -- Detecting CXX compile features - done
[0.223s] -- Found ament_cmake: 1.3.11 (/opt/ros/humble/share/ament_cmake/cmake)
[0.340s] -- Found Python3: /usr/bin/python3 (found version "3.10.12") found components: Interpreter 
[0.388s] -- Override CMake install command with custom implementation using symlinks instead of copying resources
[0.413s] -- Found hardware_interface: 2.51.0 (/opt/ros/humble/share/hardware_interface/cmake)
[0.442s] -- Found rosidl_generator_c: 3.1.6 (/opt/ros/humble/share/rosidl_generator_c/cmake)
[0.446s] -- Found rosidl_adapter: 3.1.6 (/opt/ros/humble/share/rosidl_adapter/cmake)
[0.453s] -- Found rosidl_generator_cpp: 3.1.6 (/opt/ros/humble/share/rosidl_generator_cpp/cmake)
[0.462s] -- Using all available rosidl_typesupport_c: rosidl_typesupport_fastrtps_c;rosidl_typesupport_introspection_c
[0.474s] -- Using all available rosidl_typesupport_cpp: rosidl_typesupport_fastrtps_cpp;rosidl_typesupport_introspection_cpp
[0.620s] -- Found rmw_implementation_cmake: 6.1.2 (/opt/ros/humble/share/rmw_implementation_cmake/cmake)
[0.623s] -- Found rmw_fastrtps_cpp: 6.2.7 (/opt/ros/humble/share/rmw_fastrtps_cpp/cmake)
[0.641s] -- Found TinyXML2 via Config file: TinyXML2_DIR-NOTFOUND
[0.679s] -- Found OpenSSL: /usr/lib/x86_64-linux-gnu/libcrypto.so (found version "3.0.2")  
[0.683s] -- Found TinyXML2 via Config file: TinyXML2_DIR-NOTFOUND
[0.699s] -- Found FastRTPS: /opt/ros/humble/include  
[0.702s] -- Found TinyXML2 via Config file: TinyXML2_DIR-NOTFOUND
[0.710s] -- Found TinyXML2 via Config file: TinyXML2_DIR-NOTFOUND
[0.719s] -- Using RMW implementation 'rmw_fastrtps_cpp' as default
[0.725s] -- Looking for pthread.h
[0.774s] -- Looking for pthread.h - found
[0.774s] -- Performing Test CMAKE_HAVE_LIBC_PTHREAD
[0.823s] -- Performing Test CMAKE_HAVE_LIBC_PTHREAD - Success
[0.824s] -- Found Threads: TRUE  
[0.860s] -- Found interbotix_xs_msgs: 0.0.0 (/home/rika/interbotix_ws/install/interbotix_xs_msgs/share/interbotix_xs_msgs/cmake)
[0.892s] -- Found ament_lint_auto: 0.12.12 (/opt/ros/humble/share/ament_lint_auto/cmake)
[0.960s] -- Found ros2_control_test_assets: 2.51.0 (/opt/ros/humble/share/ros2_control_test_assets/cmake)
[0.962s] -- Found gmock sources under '/opt/ros/humble/src/gmock_vendor': C++ tests using 'Google Mock' will be built
[0.966s] -- Found ament_cmake_gtest: 1.3.11 (/opt/ros/humble/share/ament_cmake_gtest/cmake)
[0.967s] -- Found gtest sources under '/opt/ros/humble/src/gtest_vendor': C++ tests using 'Google Test' will be built
[0.980s] -- Added test 'copyright' to check source files copyright and LICENSE
[0.981s] -- Added test 'cppcheck' to perform static code analysis on C / C++ code
[0.981s] -- Configured cppcheck include dirs: $<BUILD_INTERFACE:/home/rika/interbotix_ws/src/interbotix_ros_toolboxes/interbotix_xs_toolbox/interbotix_xs_ros_control/include>;/home/rika/interbotix_ws/src/interbotix_ros_toolboxes/interbotix_xs_toolbox/interbotix_xs_ros_control/include
[0.981s] -- Configured cppcheck exclude dirs and/or files: 
[0.982s] -- Added test 'cpplint' to check C / C++ code against the Google style
[0.982s] -- Configured cpplint exclude dirs and/or files: 
[0.982s] -- Added test 'lint_cmake' to check CMake code style
[0.983s] -- Added test 'uncrustify' to check C / C++ code style
[0.983s] -- Configured uncrustify additional arguments: 
[0.984s] -- Added test 'xmllint' to check XML markup files
[0.986s] -- Configuring done
[1.015s] -- Generating done
[1.021s] -- Build files have been written to: /home/rika/interbotix_ws/build/interbotix_xs_ros_control
[1.030s] Invoked command in '/home/rika/interbotix_ws/build/interbotix_xs_ros_control' returned '0': CMAKE_PREFIX_PATH=/home/rika/interbotix_ws/install/interbotix_xs_msgs:/home/rika/interbotix_ws/install/interbotix_ros_xsarms_examples:/home/rika/interbotix_ws/install/interbotix_xsarm_moveit_interface:/home/rika/interbotix_ws/install/interbotix_moveit_interface:/home/rika/interbotix_ws/install/moveit_visual_tools:/home/rika/interbotix_ws/install/interbotix_ros_xsarms:/home/rika/interbotix_ws/install/interbotix_xsarm_moveit:/home/rika/interbotix_ws/install/interbotix_xsarm_sim:/home/rika/interbotix_ws/install/interbotix_xsarm_ros_control:/home/rika/interbotix_ws/install/interbotix_xsarm_puppet:/home/rika/interbotix_ws/install/interbotix_xsarm_perception:/home/rika/interbotix_ws/install/interbotix_xsarm_joy:/home/rika/interbotix_ws/install/interbotix_xsarm_gravity_compensation:/home/rika/interbotix_ws/install/interbotix_xsarm_dual:/home/rika/interbotix_ws/install/interbotix_xsarm_control:/home/rika/interbotix_ws/install/interbotix_xsarm_descriptions:/home/rika/interbotix_ws/install/interbotix_xs_toolbox:/home/rika/interbotix_ws/install/interbotix_xs_rviz:/home/rika/interbotix_ws/install/interbotix_ros_xseries:/home/rika/interbotix_ws/install/interbotix_xs_sdk:/home/rika/interbotix_ws/install/interbotix_xs_ros_control:/home/rika/interbotix_ws/install/interbotix_perception_toolbox:/home/rika/interbotix_ws/install/interbotix_common_toolbox:/home/rika/interbotix_ws/install/interbotix_gravity_compensation:/home/rika/interbotix_ws/install/interbotix_xs_driver:/home/rika/interbotix_ws/install/interbotix_tf_tools:/home/rika/interbotix_ws/install/interbotix_perception_pipelines:/home/rika/interbotix_ws/install/interbotix_perception_msgs:/home/rika/interbotix_ws/install/interbotix_moveit_interface_msgs:/home/rika/interbotix_ws/install/interbotix_common_sim:/home/rika/interbotix_ws/install/dynamixel_workbench_toolbox:/home/rika/apriltag_ws/install/apriltag_ros:/home/rika/interbotix_ws/install/interbotix_xs_modules:/home/rika/interbotix_ws/install/interbotix_perception_modules:/home/rika/interbotix_ws/install/interbotix_common_modules:/opt/ros/humble LD_LIBRARY_PATH=/home/rika/interbotix_ws/install/interbotix_xs_msgs/lib:/home/rika/interbotix_ws/install/moveit_visual_tools/lib:/home/rika/interbotix_ws/install/interbotix_xs_rviz/lib:/home/rika/interbotix_ws/install/interbotix_xs_ros_control/lib:/home/rika/interbotix_ws/install/interbotix_xs_driver/lib:/home/rika/interbotix_ws/install/interbotix_tf_tools/lib:/home/rika/interbotix_ws/install/interbotix_perception_msgs/lib:/home/rika/interbotix_ws/install/interbotix_moveit_interface_msgs/lib:/home/rika/interbotix_ws/install/dynamixel_workbench_toolbox/lib:/home/rika/apriltag_ws/install/apriltag_ros/lib:/opt/ros/humble/opt/rviz_ogre_vendor/lib:/opt/ros/humble/lib/x86_64-linux-gnu:/opt/ros/humble/lib /usr/bin/cmake /home/rika/interbotix_ws/src/interbotix_ros_toolboxes/interbotix_xs_toolbox/interbotix_xs_ros_control -DAMENT_CMAKE_SYMLINK_INSTALL=1 -DCMAKE_INSTALL_PREFIX=/home/rika/interbotix_ws/install/interbotix_xs_ros_control
[1.032s] Invoking command in '/home/rika/interbotix_ws/build/interbotix_xs_ros_control': CMAKE_PREFIX_PATH=/home/rika/interbotix_ws/install/interbotix_xs_msgs:/home/rika/interbotix_ws/install/interbotix_ros_xsarms_examples:/home/rika/interbotix_ws/install/interbotix_xsarm_moveit_interface:/home/rika/interbotix_ws/install/interbotix_moveit_interface:/home/rika/interbotix_ws/install/moveit_visual_tools:/home/rika/interbotix_ws/install/interbotix_ros_xsarms:/home/rika/interbotix_ws/install/interbotix_xsarm_moveit:/home/rika/interbotix_ws/install/interbotix_xsarm_sim:/home/rika/interbotix_ws/install/interbotix_xsarm_ros_control:/home/rika/interbotix_ws/install/interbotix_xsarm_puppet:/home/rika/interbotix_ws/install/interbotix_xsarm_perception:/home/rika/interbotix_ws/install/interbotix_xsarm_joy:/home/rika/interbotix_ws/install/interbotix_xsarm_gravity_compensation:/home/rika/interbotix_ws/install/interbotix_xsarm_dual:/home/rika/interbotix_ws/install/interbotix_xsarm_control:/home/rika/interbotix_ws/install/interbotix_xsarm_descriptions:/home/rika/interbotix_ws/install/interbotix_xs_toolbox:/home/rika/interbotix_ws/install/interbotix_xs_rviz:/home/rika/interbotix_ws/install/interbotix_ros_xseries:/home/rika/interbotix_ws/install/interbotix_xs_sdk:/home/rika/interbotix_ws/install/interbotix_xs_ros_control:/home/rika/interbotix_ws/install/interbotix_perception_toolbox:/home/rika/interbotix_ws/install/interbotix_common_toolbox:/home/rika/interbotix_ws/install/interbotix_gravity_compensation:/home/rika/interbotix_ws/install/interbotix_xs_driver:/home/rika/interbotix_ws/install/interbotix_tf_tools:/home/rika/interbotix_ws/install/interbotix_perception_pipelines:/home/rika/interbotix_ws/install/interbotix_perception_msgs:/home/rika/interbotix_ws/install/interbotix_moveit_interface_msgs:/home/rika/interbotix_ws/install/interbotix_common_sim:/home/rika/interbotix_ws/install/dynamixel_workbench_toolbox:/home/rika/apriltag_ws/install/apriltag_ros:/home/rika/interbotix_ws/install/interbotix_xs_modules:/home/rika/interbotix_ws/install/interbotix_perception_modules:/home/rika/interbotix_ws/install/interbotix_common_modules:/opt/ros/humble LD_LIBRARY_PATH=/home/rika/interbotix_ws/install/interbotix_xs_msgs/lib:/home/rika/interbotix_ws/install/moveit_visual_tools/lib:/home/rika/interbotix_ws/install/interbotix_xs_rviz/lib:/home/rika/interbotix_ws/install/interbotix_xs_ros_control/lib:/home/rika/interbotix_ws/install/interbotix_xs_driver/lib:/home/rika/interbotix_ws/install/interbotix_tf_tools/lib:/home/rika/interbotix_ws/install/interbotix_perception_msgs/lib:/home/rika/interbotix_ws/install/interbotix_moveit_interface_msgs/lib:/home/rika/interbotix_ws/install/dynamixel_workbench_toolbox/lib:/home/rika/apriltag_ws/install/apriltag_ros/lib:/opt/ros/humble/opt/rviz_ogre_vendor/lib:/opt/ros/humble/lib/x86_64-linux-gnu:/opt/ros/humble/lib /usr/bin/cmake --build /home/rika/interbotix_ws/build/interbotix_xs_ros_control -- -j12 -l12
[1.069s] [ 11%] [32mBuilding CXX object CMakeFiles/interbotix_xs_ros_control.dir/src/xs_hardware_interface.cpp.o[0m
[1.071s] [ 33%] [32mBuilding CXX object gmock/CMakeFiles/gmock.dir/opt/ros/humble/src/gtest_vendor/src/gtest-all.cc.o[0m
[1.072s] [ 33%] [32mBuilding CXX object gmock/CMakeFiles/gmock_main.dir/src/gmock_main.cc.o[0m
[1.072s] [ 44%] [32mBuilding CXX object gmock/CMakeFiles/gmock.dir/src/gmock-all.cc.o[0m
[1.892s] [ 55%] [32m[1mLinking CXX static library libgmock_main.a[0m
[1.929s] [ 55%] Built target gmock_main
[4.170s] [ 66%] [32m[1mLinking CXX static library libgmock.a[0m
[4.231s] [ 66%] Built target gmock
[4.246s] [ 77%] [32mBuilding CXX object CMakeFiles/test_load_xs_hardware_interface.dir/test/test_load_xs_hardware_interface.cpp.o[0m
[7.059s] [ 88%] [32m[1mLinking CXX executable test_load_xs_hardware_interface[0m
[7.256s] [ 88%] Built target test_load_xs_hardware_interface
[8.998s] [100%] [32m[1mLinking CXX shared library libinterbotix_xs_ros_control.so[0m
[9.521s] [100%] Built target interbotix_xs_ros_control
[9.530s] Invoked command in '/home/rika/interbotix_ws/build/interbotix_xs_ros_control' returned '0': CMAKE_PREFIX_PATH=/home/rika/interbotix_ws/install/interbotix_xs_msgs:/home/rika/interbotix_ws/install/interbotix_ros_xsarms_examples:/home/rika/interbotix_ws/install/interbotix_xsarm_moveit_interface:/home/rika/interbotix_ws/install/interbotix_moveit_interface:/home/rika/interbotix_ws/install/moveit_visual_tools:/home/rika/interbotix_ws/install/interbotix_ros_xsarms:/home/rika/interbotix_ws/install/interbotix_xsarm_moveit:/home/rika/interbotix_ws/install/interbotix_xsarm_sim:/home/rika/interbotix_ws/install/interbotix_xsarm_ros_control:/home/rika/interbotix_ws/install/interbotix_xsarm_puppet:/home/rika/interbotix_ws/install/interbotix_xsarm_perception:/home/rika/interbotix_ws/install/interbotix_xsarm_joy:/home/rika/interbotix_ws/install/interbotix_xsarm_gravity_compensation:/home/rika/interbotix_ws/install/interbotix_xsarm_dual:/home/rika/interbotix_ws/install/interbotix_xsarm_control:/home/rika/interbotix_ws/install/interbotix_xsarm_descriptions:/home/rika/interbotix_ws/install/interbotix_xs_toolbox:/home/rika/interbotix_ws/install/interbotix_xs_rviz:/home/rika/interbotix_ws/install/interbotix_ros_xseries:/home/rika/interbotix_ws/install/interbotix_xs_sdk:/home/rika/interbotix_ws/install/interbotix_xs_ros_control:/home/rika/interbotix_ws/install/interbotix_perception_toolbox:/home/rika/interbotix_ws/install/interbotix_common_toolbox:/home/rika/interbotix_ws/install/interbotix_gravity_compensation:/home/rika/interbotix_ws/install/interbotix_xs_driver:/home/rika/interbotix_ws/install/interbotix_tf_tools:/home/rika/interbotix_ws/install/interbotix_perception_pipelines:/home/rika/interbotix_ws/install/interbotix_perception_msgs:/home/rika/interbotix_ws/install/interbotix_moveit_interface_msgs:/home/rika/interbotix_ws/install/interbotix_common_sim:/home/rika/interbotix_ws/install/dynamixel_workbench_toolbox:/home/rika/apriltag_ws/install/apriltag_ros:/home/rika/interbotix_ws/install/interbotix_xs_modules:/home/rika/interbotix_ws/install/interbotix_perception_modules:/home/rika/interbotix_ws/install/interbotix_common_modules:/opt/ros/humble LD_LIBRARY_PATH=/home/rika/interbotix_ws/install/interbotix_xs_msgs/lib:/home/rika/interbotix_ws/install/moveit_visual_tools/lib:/home/rika/interbotix_ws/install/interbotix_xs_rviz/lib:/home/rika/interbotix_ws/install/interbotix_xs_ros_control/lib:/home/rika/interbotix_ws/install/interbotix_xs_driver/lib:/home/rika/interbotix_ws/install/interbotix_tf_tools/lib:/home/rika/interbotix_ws/install/interbotix_perception_msgs/lib:/home/rika/interbotix_ws/install/interbotix_moveit_interface_msgs/lib:/home/rika/interbotix_ws/install/dynamixel_workbench_toolbox/lib:/home/rika/apriltag_ws/install/apriltag_ros/lib:/opt/ros/humble/opt/rviz_ogre_vendor/lib:/opt/ros/humble/lib/x86_64-linux-gnu:/opt/ros/humble/lib /usr/bin/cmake --build /home/rika/interbotix_ws/build/interbotix_xs_ros_control -- -j12 -l12
[9.531s] Invoking command in '/home/rika/interbotix_ws/build/interbotix_xs_ros_control': CMAKE_PREFIX_PATH=/home/rika/interbotix_ws/install/interbotix_xs_msgs:/home/rika/interbotix_ws/install/interbotix_ros_xsarms_examples:/home/rika/interbotix_ws/install/interbotix_xsarm_moveit_interface:/home/rika/interbotix_ws/install/interbotix_moveit_interface:/home/rika/interbotix_ws/install/moveit_visual_tools:/home/rika/interbotix_ws/install/interbotix_ros_xsarms:/home/rika/interbotix_ws/install/interbotix_xsarm_moveit:/home/rika/interbotix_ws/install/interbotix_xsarm_sim:/home/rika/interbotix_ws/install/interbotix_xsarm_ros_control:/home/rika/interbotix_ws/install/interbotix_xsarm_puppet:/home/rika/interbotix_ws/install/interbotix_xsarm_perception:/home/rika/interbotix_ws/install/interbotix_xsarm_joy:/home/rika/interbotix_ws/install/interbotix_xsarm_gravity_compensation:/home/rika/interbotix_ws/install/interbotix_xsarm_dual:/home/rika/interbotix_ws/install/interbotix_xsarm_control:/home/rika/interbotix_ws/install/interbotix_xsarm_descriptions:/home/rika/interbotix_ws/install/interbotix_xs_toolbox:/home/rika/interbotix_ws/install/interbotix_xs_rviz:/home/rika/interbotix_ws/install/interbotix_ros_xseries:/home/rika/interbotix_ws/install/interbotix_xs_sdk:/home/rika/interbotix_ws/install/interbotix_xs_ros_control:/home/rika/interbotix_ws/install/interbotix_perception_toolbox:/home/rika/interbotix_ws/install/interbotix_common_toolbox:/home/rika/interbotix_ws/install/interbotix_gravity_compensation:/home/rika/interbotix_ws/install/interbotix_xs_driver:/home/rika/interbotix_ws/install/interbotix_tf_tools:/home/rika/interbotix_ws/install/interbotix_perception_pipelines:/home/rika/interbotix_ws/install/interbotix_perception_msgs:/home/rika/interbotix_ws/install/interbotix_moveit_interface_msgs:/home/rika/interbotix_ws/install/interbotix_common_sim:/home/rika/interbotix_ws/install/dynamixel_workbench_toolbox:/home/rika/apriltag_ws/install/apriltag_ros:/home/rika/interbotix_ws/install/interbotix_xs_modules:/home/rika/interbotix_ws/install/interbotix_perception_modules:/home/rika/interbotix_ws/install/interbotix_common_modules:/opt/ros/humble LD_LIBRARY_PATH=/home/rika/interbotix_ws/install/interbotix_xs_msgs/lib:/home/rika/interbotix_ws/install/moveit_visual_tools/lib:/home/rika/interbotix_ws/install/interbotix_xs_rviz/lib:/home/rika/interbotix_ws/install/interbotix_xs_ros_control/lib:/home/rika/interbotix_ws/install/interbotix_xs_driver/lib:/home/rika/interbotix_ws/install/interbotix_tf_tools/lib:/home/rika/interbotix_ws/install/interbotix_perception_msgs/lib:/home/rika/interbotix_ws/install/interbotix_moveit_interface_msgs/lib:/home/rika/interbotix_ws/install/dynamixel_workbench_toolbox/lib:/home/rika/apriltag_ws/install/apriltag_ros/lib:/opt/ros/humble/opt/rviz_ogre_vendor/lib:/opt/ros/humble/lib/x86_64-linux-gnu:/opt/ros/humble/lib /usr/bin/cmake --install /home/rika/interbotix_ws/build/interbotix_xs_ros_control
[9.537s] -- Install configuration: ""
[9.538s] -- Execute custom install script
[9.538s] -- Symlinking: /home/rika/interbotix_ws/install/interbotix_xs_ros_control/share/interbotix_xs_ros_control//interbotix_xs_ros_control.xml
[9.546s] -- Symlinking: /home/rika/interbotix_ws/install/interbotix_xs_ros_control/include/interbotix_xs_ros_control/xs_hardware_interface.hpp
[9.553s] -- Symlinking: /home/rika/interbotix_ws/install/interbotix_xs_ros_control/share/interbotix_xs_ros_control/environment/library_path.sh
[9.560s] -- Symlinking: /home/rika/interbotix_ws/install/interbotix_xs_ros_control/share/interbotix_xs_ros_control/environment/library_path.dsv
[9.568s] -- Symlinking: /home/rika/interbotix_ws/install/interbotix_xs_ros_control/share/ament_index/resource_index/package_run_dependencies/interbotix_xs_ros_control
[9.575s] -- Symlinking: /home/rika/interbotix_ws/install/interbotix_xs_ros_control/share/ament_index/resource_index/parent_prefix_path/interbotix_xs_ros_control
[9.583s] -- Symlinking: /home/rika/interbotix_ws/install/interbotix_xs_ros_control/share/interbotix_xs_ros_control/environment/ament_prefix_path.sh
[9.590s] -- Symlinking: /home/rika/interbotix_ws/install/interbotix_xs_ros_control/share/interbotix_xs_ros_control/environment/ament_prefix_path.dsv
[9.598s] -- Symlinking: /home/rika/interbotix_ws/install/interbotix_xs_ros_control/share/interbotix_xs_ros_control/environment/path.sh
[9.606s] -- Symlinking: /home/rika/interbotix_ws/install/interbotix_xs_ros_control/share/interbotix_xs_ros_control/environment/path.dsv
[9.613s] -- Symlinking: /home/rika/interbotix_ws/install/interbotix_xs_ros_control/share/interbotix_xs_ros_control/local_setup.bash
[9.620s] -- Symlinking: /home/rika/interbotix_ws/install/interbotix_xs_ros_control/share/interbotix_xs_ros_control/local_setup.sh
[9.627s] -- Symlinking: /home/rika/interbotix_ws/install/interbotix_xs_ros_control/share/interbotix_xs_ros_control/local_setup.zsh
[9.635s] -- Symlinking: /home/rika/interbotix_ws/install/interbotix_xs_ros_control/share/interbotix_xs_ros_control/local_setup.dsv
[9.642s] -- Symlinking: /home/rika/interbotix_ws/install/interbotix_xs_ros_control/share/interbotix_xs_ros_control/package.dsv
[9.650s] -- Symlinking: /home/rika/interbotix_ws/install/interbotix_xs_ros_control/share/ament_index/resource_index/packages/interbotix_xs_ros_control
[9.657s] -- Symlinking: /home/rika/interbotix_ws/install/interbotix_xs_ros_control/share/ament_index/resource_index/hardware_interface__pluginlib__plugin/interbotix_xs_ros_control
[9.665s] -- Symlinking: /home/rika/interbotix_ws/install/interbotix_xs_ros_control/share/interbotix_xs_ros_control/cmake/ament_cmake_export_include_directories-extras.cmake
[9.672s] -- Symlinking: /home/rika/interbotix_ws/install/interbotix_xs_ros_control/share/interbotix_xs_ros_control/cmake/ament_cmake_export_libraries-extras.cmake
[9.680s] -- Symlinking: /home/rika/interbotix_ws/install/interbotix_xs_ros_control/share/interbotix_xs_ros_control/cmake/ament_cmake_export_targets-extras.cmake
[9.688s] -- Symlinking: /home/rika/interbotix_ws/install/interbotix_xs_ros_control/share/interbotix_xs_ros_control/cmake/ament_cmake_export_dependencies-extras.cmake
[9.695s] -- Symlinking: /home/rika/interbotix_ws/install/interbotix_xs_ros_control/share/interbotix_xs_ros_control/cmake/interbotix_xs_ros_controlConfig.cmake
[9.702s] -- Symlinking: /home/rika/interbotix_ws/install/interbotix_xs_ros_control/share/interbotix_xs_ros_control/cmake/interbotix_xs_ros_controlConfig-version.cmake
[9.709s] -- Symlinking: /home/rika/interbotix_ws/install/interbotix_xs_ros_control/share/interbotix_xs_ros_control/package.xml
[9.717s] -- Installing: /home/rika/interbotix_ws/install/interbotix_xs_ros_control/lib/libinterbotix_xs_ros_control.so
[9.722s] -- Set runtime path of "/home/rika/interbotix_ws/install/interbotix_xs_ros_control/lib/libinterbotix_xs_ros_control.so" to ""
[9.722s] -- Installing: /home/rika/interbotix_ws/install/interbotix_xs_ros_control/share/interbotix_xs_ros_control/cmake/export_interbotix_xs_ros_controlExport.cmake
[9.722s] -- Installing: /home/rika/interbotix_ws/install/interbotix_xs_ros_control/share/interbotix_xs_ros_control/cmake/export_interbotix_xs_ros_controlExport-noconfig.cmake
[9.724s] Invoked command in '/home/rika/interbotix_ws/build/interbotix_xs_ros_control' returned '0': CMAKE_PREFIX_PATH=/home/rika/interbotix_ws/install/interbotix_xs_msgs:/home/rika/interbotix_ws/install/interbotix_ros_xsarms_examples:/home/rika/interbotix_ws/install/interbotix_xsarm_moveit_interface:/home/rika/interbotix_ws/install/interbotix_moveit_interface:/home/rika/interbotix_ws/install/moveit_visual_tools:/home/rika/interbotix_ws/install/interbotix_ros_xsarms:/home/rika/interbotix_ws/install/interbotix_xsarm_moveit:/home/rika/interbotix_ws/install/interbotix_xsarm_sim:/home/rika/interbotix_ws/install/interbotix_xsarm_ros_control:/home/rika/interbotix_ws/install/interbotix_xsarm_puppet:/home/rika/interbotix_ws/install/interbotix_xsarm_perception:/home/rika/interbotix_ws/install/interbotix_xsarm_joy:/home/rika/interbotix_ws/install/interbotix_xsarm_gravity_compensation:/home/rika/interbotix_ws/install/interbotix_xsarm_dual:/home/rika/interbotix_ws/install/interbotix_xsarm_control:/home/rika/interbotix_ws/install/interbotix_xsarm_descriptions:/home/rika/interbotix_ws/install/interbotix_xs_toolbox:/home/rika/interbotix_ws/install/interbotix_xs_rviz:/home/rika/interbotix_ws/install/interbotix_ros_xseries:/home/rika/interbotix_ws/install/interbotix_xs_sdk:/home/rika/interbotix_ws/install/interbotix_xs_ros_control:/home/rika/interbotix_ws/install/interbotix_perception_toolbox:/home/rika/interbotix_ws/install/interbotix_common_toolbox:/home/rika/interbotix_ws/install/interbotix_gravity_compensation:/home/rika/interbotix_ws/install/interbotix_xs_driver:/home/rika/interbotix_ws/install/interbotix_tf_tools:/home/rika/interbotix_ws/install/interbotix_perception_pipelines:/home/rika/interbotix_ws/install/interbotix_perception_msgs:/home/rika/interbotix_ws/install/interbotix_moveit_interface_msgs:/home/rika/interbotix_ws/install/interbotix_common_sim:/home/rika/interbotix_ws/install/dynamixel_workbench_toolbox:/home/rika/apriltag_ws/install/apriltag_ros:/home/rika/interbotix_ws/install/interbotix_xs_modules:/home/rika/interbotix_ws/install/interbotix_perception_modules:/home/rika/interbotix_ws/install/interbotix_common_modules:/opt/ros/humble LD_LIBRARY_PATH=/home/rika/interbotix_ws/install/interbotix_xs_msgs/lib:/home/rika/interbotix_ws/install/moveit_visual_tools/lib:/home/rika/interbotix_ws/install/interbotix_xs_rviz/lib:/home/rika/interbotix_ws/install/interbotix_xs_ros_control/lib:/home/rika/interbotix_ws/install/interbotix_xs_driver/lib:/home/rika/interbotix_ws/install/interbotix_tf_tools/lib:/home/rika/interbotix_ws/install/interbotix_perception_msgs/lib:/home/rika/interbotix_ws/install/interbotix_moveit_interface_msgs/lib:/home/rika/interbotix_ws/install/dynamixel_workbench_toolbox/lib:/home/rika/apriltag_ws/install/apriltag_ros/lib:/opt/ros/humble/opt/rviz_ogre_vendor/lib:/opt/ros/humble/lib/x86_64-linux-gnu:/opt/ros/humble/lib /usr/bin/cmake --install /home/rika/interbotix_ws/build/interbotix_xs_ros_control
