[  0%] Built target interbotix_xs_msgs__cpp
[ 12%] Built target interbotix_xs_msgs__rosidl_generator_c
[ 12%] Built target ament_cmake_python_symlink_interbotix_xs_msgs
[ 48%] Built target interbotix_xs_msgs__rosidl_typesupport_c
[ 48%] Built target interbotix_xs_msgs__rosidl_typesupport_cpp
[ 48%] Built target interbotix_xs_msgs__rosidl_typesupport_introspection_c
[ 60%] Built target interbotix_xs_msgs__rosidl_typesupport_fastrtps_c
[ 72%] Built target interbotix_xs_msgs__rosidl_typesupport_introspection_cpp
[ 84%] Built target interbotix_xs_msgs__rosidl_typesupport_fastrtps_cpp
[ 84%] Built target interbotix_xs_msgs
[ 85%] Built target interbotix_xs_msgs__py
[ 96%] Built target interbotix_xs_msgs__rosidl_generator_py
[ 99%] Built target interbotix_xs_msgs__rosidl_typesupport_fastrtps_c__pyext
[ 99%] Built target interbotix_xs_msgs__rosidl_typesupport_c__pyext
[100%] Built target interbotix_xs_msgs__rosidl_typesupport_introspection_c__pyext
running egg_info
writing interbotix_xs_msgs.egg-info/PKG-INFO
writing dependency_links to interbotix_xs_msgs.egg-info/dependency_links.txt
writing top-level names to interbotix_xs_msgs.egg-info/top_level.txt
reading manifest file 'interbotix_xs_msgs.egg-info/SOURCES.txt'
writing manifest file 'interbotix_xs_msgs.egg-info/SOURCES.txt'
[100%] Built target ament_cmake_python_build_interbotix_xs_msgs_egg
