[0.014s] Invoking command in '/home/rika/interbotix_ws/build/interbotix_perception_pipelines': CMAKE_PREFIX_PATH=/home/rika/interbotix_ws/install/interbotix_perception_msgs:/home/rika/interbotix_ws/install/interbotix_ros_xsarms_examples:/home/rika/interbotix_ws/install/interbotix_xsarm_moveit_interface:/home/rika/interbotix_ws/install/interbotix_moveit_interface:/home/rika/interbotix_ws/install/moveit_visual_tools:/home/rika/interbotix_ws/install/interbotix_ros_xsarms:/home/rika/interbotix_ws/install/interbotix_xsarm_moveit:/home/rika/interbotix_ws/install/interbotix_xsarm_sim:/home/rika/interbotix_ws/install/interbotix_xsarm_ros_control:/home/rika/interbotix_ws/install/interbotix_xsarm_puppet:/home/rika/interbotix_ws/install/interbotix_xsarm_perception:/home/rika/interbotix_ws/install/interbotix_xsarm_joy:/home/rika/interbotix_ws/install/interbotix_xsarm_gravity_compensation:/home/rika/interbotix_ws/install/interbotix_xsarm_dual:/home/rika/interbotix_ws/install/interbotix_xsarm_control:/home/rika/interbotix_ws/install/interbotix_xsarm_descriptions:/home/rika/interbotix_ws/install/interbotix_xs_toolbox:/home/rika/interbotix_ws/install/interbotix_xs_rviz:/home/rika/interbotix_ws/install/interbotix_ros_xseries:/home/rika/interbotix_ws/install/interbotix_xs_sdk:/home/rika/interbotix_ws/install/interbotix_xs_ros_control:/home/rika/interbotix_ws/install/interbotix_perception_toolbox:/home/rika/interbotix_ws/install/interbotix_common_toolbox:/home/rika/interbotix_ws/install/interbotix_gravity_compensation:/home/rika/interbotix_ws/install/interbotix_xs_msgs:/home/rika/interbotix_ws/install/interbotix_xs_driver:/home/rika/interbotix_ws/install/interbotix_tf_tools:/home/rika/interbotix_ws/install/interbotix_perception_pipelines:/home/rika/interbotix_ws/install/interbotix_moveit_interface_msgs:/home/rika/interbotix_ws/install/interbotix_common_sim:/home/rika/interbotix_ws/install/dynamixel_workbench_toolbox:/home/rika/apriltag_ws/install/apriltag_ros:/home/rika/interbotix_ws/install/interbotix_xs_modules:/home/rika/interbotix_ws/install/interbotix_perception_modules:/home/rika/interbotix_ws/install/interbotix_common_modules:/opt/ros/humble LD_LIBRARY_PATH=/home/rika/interbotix_ws/install/interbotix_perception_msgs/lib:/home/rika/interbotix_ws/install/moveit_visual_tools/lib:/home/rika/interbotix_ws/install/interbotix_xs_rviz/lib:/home/rika/interbotix_ws/install/interbotix_xs_ros_control/lib:/home/rika/interbotix_ws/install/interbotix_xs_msgs/lib:/home/rika/interbotix_ws/install/interbotix_xs_driver/lib:/home/rika/interbotix_ws/install/interbotix_tf_tools/lib:/home/rika/interbotix_ws/install/interbotix_moveit_interface_msgs/lib:/home/rika/interbotix_ws/install/dynamixel_workbench_toolbox/lib:/home/rika/apriltag_ws/install/apriltag_ros/lib:/opt/ros/humble/opt/rviz_ogre_vendor/lib:/opt/ros/humble/lib/x86_64-linux-gnu:/opt/ros/humble/lib /usr/bin/cmake /home/rika/interbotix_ws/src/interbotix_ros_toolboxes/interbotix_perception_toolbox/interbotix_perception_pipelines -DAMENT_CMAKE_SYMLINK_INSTALL=1 -DCMAKE_INSTALL_PREFIX=/home/rika/interbotix_ws/install/interbotix_perception_pipelines
[0.149s] -- The C compiler identification is GNU 11.4.0
[0.245s] -- The CXX compiler identification is GNU 11.4.0
[0.272s] -- Detecting C compiler ABI info
[0.438s] -- Detecting C compiler ABI info - done
[0.451s] -- Check for working C compiler: /usr/bin/cc - skipped
[0.451s] -- Detecting C compile features
[0.452s] -- Detecting C compile features - done
[0.457s] -- Detecting CXX compiler ABI info
[0.651s] -- Detecting CXX compiler ABI info - done
[0.668s] -- Check for working CXX compiler: /usr/bin/c++ - skipped
[0.669s] -- Detecting CXX compile features
[0.675s] -- Detecting CXX compile features - done
[0.684s] -- Found ament_cmake: 1.3.11 (/opt/ros/humble/share/ament_cmake/cmake)
[1.114s] -- Found Python3: /usr/bin/python3 (found version "3.10.12") found components: Interpreter 
[1.294s] -- Override CMake install command with custom implementation using symlinks instead of copying resources
[1.371s] -- Found ament_index_cpp: 1.4.0 (/opt/ros/humble/share/ament_index_cpp/cmake)
[1.381s] -- Found interbotix_perception_msgs: 0.0.0 (/home/rika/interbotix_ws/install/interbotix_perception_msgs/share/interbotix_perception_msgs/cmake)
[1.445s] -- Found rosidl_generator_c: 3.1.6 (/opt/ros/humble/share/rosidl_generator_c/cmake)
[1.452s] -- Found rosidl_adapter: 3.1.6 (/opt/ros/humble/share/rosidl_adapter/cmake)
[1.462s] -- Found rosidl_generator_cpp: 3.1.6 (/opt/ros/humble/share/rosidl_generator_cpp/cmake)
[1.477s] -- Using all available rosidl_typesupport_c: rosidl_typesupport_fastrtps_c;rosidl_typesupport_introspection_c
[1.497s] -- Using all available rosidl_typesupport_cpp: rosidl_typesupport_fastrtps_cpp;rosidl_typesupport_introspection_cpp
[1.586s] -- Found pcl_conversions: 2.4.5 (/opt/ros/humble/share/pcl_conversions/cmake)
[1.636s] -- Found rmw_implementation_cmake: 6.1.2 (/opt/ros/humble/share/rmw_implementation_cmake/cmake)
[1.641s] -- Found rmw_fastrtps_cpp: 6.2.7 (/opt/ros/humble/share/rmw_fastrtps_cpp/cmake)
[1.721s] -- Found OpenSSL: /usr/lib/x86_64-linux-gnu/libcrypto.so (found version "3.0.2")  
[1.750s] -- Found FastRTPS: /opt/ros/humble/include  
[1.793s] -- Using RMW implementation 'rmw_fastrtps_cpp' as default
[1.801s] -- Looking for pthread.h
[1.869s] -- Looking for pthread.h - found
[1.869s] -- Performing Test CMAKE_HAVE_LIBC_PTHREAD
[1.924s] -- Performing Test CMAKE_HAVE_LIBC_PTHREAD - Success
[1.925s] -- Found Threads: TRUE  
[1.978s] -- Checking for module 'eigen3'
[1.988s] --   Found eigen3, version 3.4.0
[2.008s] -- Found Eigen: /usr/include/eigen3 (Required is at least version "3.1") 
[2.008s] -- Eigen found (include: /usr/include/eigen3, version: 3.4.0)
[2.033s] -- Checking for module 'flann'
[2.044s] --   Found flann, version 1.9.1
[2.069s] -- Found FLANN: /usr/lib/x86_64-linux-gnu/libflann_cpp.so  
[2.069s] -- FLANN found (include: /usr/include, lib: /usr/lib/x86_64-linux-gnu/libflann_cpp.so)
[2.887s] -- Checking for module 'libusb-1.0'
[2.899s] --   Found libusb-1.0, version 1.0.25
[2.926s] -- Found libusb: /usr/lib/x86_64-linux-gnu/libusb-1.0.so  
[2.928s] -- OpenNI found (version: 1.5.4.0, include: /usr/include/ni, lib: /usr/lib/libOpenNI.so;libusb::libusb)
[2.976s] -- OpenNI2 found (version: 2.2.0.33, include: /usr/include/openni2, lib: /usr/lib/x86_64-linux-gnu/libOpenNI2.so;libusb::libusb)
[3.107s] -- Eigen found (include: /usr/include/eigen3, version: 3.4.0)
[3.113s] -- OpenNI found (version: 1.5.4.0, include: /usr/include/ni, lib: /usr/lib/libOpenNI.so;libusb::libusb)
[3.118s] -- OpenNI2 found (version: 2.2.0.33, include: /usr/include/openni2, lib: /usr/lib/x86_64-linux-gnu/libOpenNI2.so;libusb::libusb)
[3.237s] -- Found Qhull version 8.0.2
[3.352s] -- OpenNI found (version: 1.5.4.0, include: /usr/include/ni, lib: /usr/lib/libOpenNI.so;libusb::libusb)
[3.462s] -- Found PCL_COMMON: /usr/lib/x86_64-linux-gnu/libpcl_common.so  
[3.466s] -- Found PCL_KDTREE: /usr/lib/x86_64-linux-gnu/libpcl_kdtree.so  
[3.467s] -- Found PCL_OCTREE: /usr/lib/x86_64-linux-gnu/libpcl_octree.so  
[3.468s] -- Found PCL_SEARCH: /usr/lib/x86_64-linux-gnu/libpcl_search.so  
[3.468s] -- Found PCL_SAMPLE_CONSENSUS: /usr/lib/x86_64-linux-gnu/libpcl_sample_consensus.so  
[3.469s] -- Found PCL_FILTERS: /usr/lib/x86_64-linux-gnu/libpcl_filters.so  
[3.469s] -- Found PCL_2D: /usr/include/pcl-1.12  
[3.469s] -- Found PCL_GEOMETRY: /usr/include/pcl-1.12  
[3.470s] -- Found PCL_IO: /usr/lib/x86_64-linux-gnu/libpcl_io.so  
[3.471s] -- Found PCL_FEATURES: /usr/lib/x86_64-linux-gnu/libpcl_features.so  
[3.471s] -- Found PCL_ML: /usr/lib/x86_64-linux-gnu/libpcl_ml.so  
[3.472s] -- Found PCL_SEGMENTATION: /usr/lib/x86_64-linux-gnu/libpcl_segmentation.so  
[3.472s] -- Found PCL_VISUALIZATION: /usr/lib/x86_64-linux-gnu/libpcl_visualization.so  
[3.473s] -- Found PCL_SURFACE: /usr/lib/x86_64-linux-gnu/libpcl_surface.so  
[3.474s] -- Found PCL_REGISTRATION: /usr/lib/x86_64-linux-gnu/libpcl_registration.so  
[3.474s] -- Found PCL_KEYPOINTS: /usr/lib/x86_64-linux-gnu/libpcl_keypoints.so  
[3.475s] -- Found PCL_TRACKING: /usr/lib/x86_64-linux-gnu/libpcl_tracking.so  
[3.476s] -- Found PCL_RECOGNITION: /usr/lib/x86_64-linux-gnu/libpcl_recognition.so  
[3.476s] -- Found PCL_STEREO: /usr/lib/x86_64-linux-gnu/libpcl_stereo.so  
[3.477s] -- Found PCL_APPS: /usr/lib/x86_64-linux-gnu/libpcl_apps.so  
[3.478s] -- Found PCL_IN_HAND_SCANNER: /usr/include/pcl-1.12  
[3.478s] -- Found PCL_MODELER: /usr/include/pcl-1.12  
[3.478s] -- Found PCL_POINT_CLOUD_EDITOR: /usr/include/pcl-1.12  
[3.479s] -- Found PCL_OUTOFCORE: /usr/lib/x86_64-linux-gnu/libpcl_outofcore.so  
[3.480s] -- Found PCL_PEOPLE: /usr/lib/x86_64-linux-gnu/libpcl_people.so  
[3.482s] -- Found pcl_ros: 2.4.5 (/opt/ros/humble/share/pcl_ros/cmake)
[3.507s] -- Found eigen3_cmake_module: 0.1.1 (/opt/ros/humble/share/eigen3_cmake_module/cmake)
[3.508s] -- Found Eigen3: TRUE (found version "3.4.0") 
[3.508s] -- Ensuring Eigen3 include directory is part of orocos-kdl CMake target
[3.573s] -- Found std_srvs: 4.9.0 (/opt/ros/humble/share/std_srvs/cmake)
[3.582s] -- Found visualization_msgs: 4.9.0 (/opt/ros/humble/share/visualization_msgs/cmake)
[3.613s] -- Found ament_lint_auto: 0.12.12 (/opt/ros/humble/share/ament_lint_auto/cmake)
[3.677s] -- Added test 'copyright' to check source files copyright and LICENSE
[3.678s] -- Added test 'cppcheck' to perform static code analysis on C / C++ code
[3.678s] -- Configured cppcheck include dirs: 
[3.678s] -- Configured cppcheck exclude dirs and/or files: 
[3.678s] -- Added test 'cpplint' to check C / C++ code against the Google style
[3.678s] -- Configured cpplint exclude dirs and/or files: 
[3.679s] -- Added test 'lint_cmake' to check CMake code style
[3.680s] -- Added test 'uncrustify' to check C / C++ code style
[3.680s] -- Configured uncrustify additional arguments: 
[3.680s] -- Added test 'xmllint' to check XML markup files
[3.681s] -- Configuring done
[3.719s] -- Generating done
[3.726s] -- Build files have been written to: /home/rika/interbotix_ws/build/interbotix_perception_pipelines
[3.740s] Invoked command in '/home/rika/interbotix_ws/build/interbotix_perception_pipelines' returned '0': CMAKE_PREFIX_PATH=/home/rika/interbotix_ws/install/interbotix_perception_msgs:/home/rika/interbotix_ws/install/interbotix_ros_xsarms_examples:/home/rika/interbotix_ws/install/interbotix_xsarm_moveit_interface:/home/rika/interbotix_ws/install/interbotix_moveit_interface:/home/rika/interbotix_ws/install/moveit_visual_tools:/home/rika/interbotix_ws/install/interbotix_ros_xsarms:/home/rika/interbotix_ws/install/interbotix_xsarm_moveit:/home/rika/interbotix_ws/install/interbotix_xsarm_sim:/home/rika/interbotix_ws/install/interbotix_xsarm_ros_control:/home/rika/interbotix_ws/install/interbotix_xsarm_puppet:/home/rika/interbotix_ws/install/interbotix_xsarm_perception:/home/rika/interbotix_ws/install/interbotix_xsarm_joy:/home/rika/interbotix_ws/install/interbotix_xsarm_gravity_compensation:/home/rika/interbotix_ws/install/interbotix_xsarm_dual:/home/rika/interbotix_ws/install/interbotix_xsarm_control:/home/rika/interbotix_ws/install/interbotix_xsarm_descriptions:/home/rika/interbotix_ws/install/interbotix_xs_toolbox:/home/rika/interbotix_ws/install/interbotix_xs_rviz:/home/rika/interbotix_ws/install/interbotix_ros_xseries:/home/rika/interbotix_ws/install/interbotix_xs_sdk:/home/rika/interbotix_ws/install/interbotix_xs_ros_control:/home/rika/interbotix_ws/install/interbotix_perception_toolbox:/home/rika/interbotix_ws/install/interbotix_common_toolbox:/home/rika/interbotix_ws/install/interbotix_gravity_compensation:/home/rika/interbotix_ws/install/interbotix_xs_msgs:/home/rika/interbotix_ws/install/interbotix_xs_driver:/home/rika/interbotix_ws/install/interbotix_tf_tools:/home/rika/interbotix_ws/install/interbotix_perception_pipelines:/home/rika/interbotix_ws/install/interbotix_moveit_interface_msgs:/home/rika/interbotix_ws/install/interbotix_common_sim:/home/rika/interbotix_ws/install/dynamixel_workbench_toolbox:/home/rika/apriltag_ws/install/apriltag_ros:/home/rika/interbotix_ws/install/interbotix_xs_modules:/home/rika/interbotix_ws/install/interbotix_perception_modules:/home/rika/interbotix_ws/install/interbotix_common_modules:/opt/ros/humble LD_LIBRARY_PATH=/home/rika/interbotix_ws/install/interbotix_perception_msgs/lib:/home/rika/interbotix_ws/install/moveit_visual_tools/lib:/home/rika/interbotix_ws/install/interbotix_xs_rviz/lib:/home/rika/interbotix_ws/install/interbotix_xs_ros_control/lib:/home/rika/interbotix_ws/install/interbotix_xs_msgs/lib:/home/rika/interbotix_ws/install/interbotix_xs_driver/lib:/home/rika/interbotix_ws/install/interbotix_tf_tools/lib:/home/rika/interbotix_ws/install/interbotix_moveit_interface_msgs/lib:/home/rika/interbotix_ws/install/dynamixel_workbench_toolbox/lib:/home/rika/apriltag_ws/install/apriltag_ros/lib:/opt/ros/humble/opt/rviz_ogre_vendor/lib:/opt/ros/humble/lib/x86_64-linux-gnu:/opt/ros/humble/lib /usr/bin/cmake /home/rika/interbotix_ws/src/interbotix_ros_toolboxes/interbotix_perception_toolbox/interbotix_perception_pipelines -DAMENT_CMAKE_SYMLINK_INSTALL=1 -DCMAKE_INSTALL_PREFIX=/home/rika/interbotix_ws/install/interbotix_perception_pipelines
[3.741s] Invoking command in '/home/rika/interbotix_ws/build/interbotix_perception_pipelines': CMAKE_PREFIX_PATH=/home/rika/interbotix_ws/install/interbotix_perception_msgs:/home/rika/interbotix_ws/install/interbotix_ros_xsarms_examples:/home/rika/interbotix_ws/install/interbotix_xsarm_moveit_interface:/home/rika/interbotix_ws/install/interbotix_moveit_interface:/home/rika/interbotix_ws/install/moveit_visual_tools:/home/rika/interbotix_ws/install/interbotix_ros_xsarms:/home/rika/interbotix_ws/install/interbotix_xsarm_moveit:/home/rika/interbotix_ws/install/interbotix_xsarm_sim:/home/rika/interbotix_ws/install/interbotix_xsarm_ros_control:/home/rika/interbotix_ws/install/interbotix_xsarm_puppet:/home/rika/interbotix_ws/install/interbotix_xsarm_perception:/home/rika/interbotix_ws/install/interbotix_xsarm_joy:/home/rika/interbotix_ws/install/interbotix_xsarm_gravity_compensation:/home/rika/interbotix_ws/install/interbotix_xsarm_dual:/home/rika/interbotix_ws/install/interbotix_xsarm_control:/home/rika/interbotix_ws/install/interbotix_xsarm_descriptions:/home/rika/interbotix_ws/install/interbotix_xs_toolbox:/home/rika/interbotix_ws/install/interbotix_xs_rviz:/home/rika/interbotix_ws/install/interbotix_ros_xseries:/home/rika/interbotix_ws/install/interbotix_xs_sdk:/home/rika/interbotix_ws/install/interbotix_xs_ros_control:/home/rika/interbotix_ws/install/interbotix_perception_toolbox:/home/rika/interbotix_ws/install/interbotix_common_toolbox:/home/rika/interbotix_ws/install/interbotix_gravity_compensation:/home/rika/interbotix_ws/install/interbotix_xs_msgs:/home/rika/interbotix_ws/install/interbotix_xs_driver:/home/rika/interbotix_ws/install/interbotix_tf_tools:/home/rika/interbotix_ws/install/interbotix_perception_pipelines:/home/rika/interbotix_ws/install/interbotix_moveit_interface_msgs:/home/rika/interbotix_ws/install/interbotix_common_sim:/home/rika/interbotix_ws/install/dynamixel_workbench_toolbox:/home/rika/apriltag_ws/install/apriltag_ros:/home/rika/interbotix_ws/install/interbotix_xs_modules:/home/rika/interbotix_ws/install/interbotix_perception_modules:/home/rika/interbotix_ws/install/interbotix_common_modules:/opt/ros/humble LD_LIBRARY_PATH=/home/rika/interbotix_ws/install/interbotix_perception_msgs/lib:/home/rika/interbotix_ws/install/moveit_visual_tools/lib:/home/rika/interbotix_ws/install/interbotix_xs_rviz/lib:/home/rika/interbotix_ws/install/interbotix_xs_ros_control/lib:/home/rika/interbotix_ws/install/interbotix_xs_msgs/lib:/home/rika/interbotix_ws/install/interbotix_xs_driver/lib:/home/rika/interbotix_ws/install/interbotix_tf_tools/lib:/home/rika/interbotix_ws/install/interbotix_moveit_interface_msgs/lib:/home/rika/interbotix_ws/install/dynamixel_workbench_toolbox/lib:/home/rika/apriltag_ws/install/apriltag_ros/lib:/opt/ros/humble/opt/rviz_ogre_vendor/lib:/opt/ros/humble/lib/x86_64-linux-gnu:/opt/ros/humble/lib /usr/bin/cmake --build /home/rika/interbotix_ws/build/interbotix_perception_pipelines -- -j12 -l12
[3.781s] [ 50%] [32mBuilding CXX object CMakeFiles/pointcloud_pipeline.dir/src/pointcloud_pipeline.cpp.o[0m
[16.120s] [100%] [32m[1mLinking CXX executable pointcloud_pipeline[0m
[17.537s] [100%] Built target pointcloud_pipeline
[17.545s] Invoked command in '/home/rika/interbotix_ws/build/interbotix_perception_pipelines' returned '0': CMAKE_PREFIX_PATH=/home/rika/interbotix_ws/install/interbotix_perception_msgs:/home/rika/interbotix_ws/install/interbotix_ros_xsarms_examples:/home/rika/interbotix_ws/install/interbotix_xsarm_moveit_interface:/home/rika/interbotix_ws/install/interbotix_moveit_interface:/home/rika/interbotix_ws/install/moveit_visual_tools:/home/rika/interbotix_ws/install/interbotix_ros_xsarms:/home/rika/interbotix_ws/install/interbotix_xsarm_moveit:/home/rika/interbotix_ws/install/interbotix_xsarm_sim:/home/rika/interbotix_ws/install/interbotix_xsarm_ros_control:/home/rika/interbotix_ws/install/interbotix_xsarm_puppet:/home/rika/interbotix_ws/install/interbotix_xsarm_perception:/home/rika/interbotix_ws/install/interbotix_xsarm_joy:/home/rika/interbotix_ws/install/interbotix_xsarm_gravity_compensation:/home/rika/interbotix_ws/install/interbotix_xsarm_dual:/home/rika/interbotix_ws/install/interbotix_xsarm_control:/home/rika/interbotix_ws/install/interbotix_xsarm_descriptions:/home/rika/interbotix_ws/install/interbotix_xs_toolbox:/home/rika/interbotix_ws/install/interbotix_xs_rviz:/home/rika/interbotix_ws/install/interbotix_ros_xseries:/home/rika/interbotix_ws/install/interbotix_xs_sdk:/home/rika/interbotix_ws/install/interbotix_xs_ros_control:/home/rika/interbotix_ws/install/interbotix_perception_toolbox:/home/rika/interbotix_ws/install/interbotix_common_toolbox:/home/rika/interbotix_ws/install/interbotix_gravity_compensation:/home/rika/interbotix_ws/install/interbotix_xs_msgs:/home/rika/interbotix_ws/install/interbotix_xs_driver:/home/rika/interbotix_ws/install/interbotix_tf_tools:/home/rika/interbotix_ws/install/interbotix_perception_pipelines:/home/rika/interbotix_ws/install/interbotix_moveit_interface_msgs:/home/rika/interbotix_ws/install/interbotix_common_sim:/home/rika/interbotix_ws/install/dynamixel_workbench_toolbox:/home/rika/apriltag_ws/install/apriltag_ros:/home/rika/interbotix_ws/install/interbotix_xs_modules:/home/rika/interbotix_ws/install/interbotix_perception_modules:/home/rika/interbotix_ws/install/interbotix_common_modules:/opt/ros/humble LD_LIBRARY_PATH=/home/rika/interbotix_ws/install/interbotix_perception_msgs/lib:/home/rika/interbotix_ws/install/moveit_visual_tools/lib:/home/rika/interbotix_ws/install/interbotix_xs_rviz/lib:/home/rika/interbotix_ws/install/interbotix_xs_ros_control/lib:/home/rika/interbotix_ws/install/interbotix_xs_msgs/lib:/home/rika/interbotix_ws/install/interbotix_xs_driver/lib:/home/rika/interbotix_ws/install/interbotix_tf_tools/lib:/home/rika/interbotix_ws/install/interbotix_moveit_interface_msgs/lib:/home/rika/interbotix_ws/install/dynamixel_workbench_toolbox/lib:/home/rika/apriltag_ws/install/apriltag_ros/lib:/opt/ros/humble/opt/rviz_ogre_vendor/lib:/opt/ros/humble/lib/x86_64-linux-gnu:/opt/ros/humble/lib /usr/bin/cmake --build /home/rika/interbotix_ws/build/interbotix_perception_pipelines -- -j12 -l12
[17.546s] Invoking command in '/home/rika/interbotix_ws/build/interbotix_perception_pipelines': CMAKE_PREFIX_PATH=/home/rika/interbotix_ws/install/interbotix_perception_msgs:/home/rika/interbotix_ws/install/interbotix_ros_xsarms_examples:/home/rika/interbotix_ws/install/interbotix_xsarm_moveit_interface:/home/rika/interbotix_ws/install/interbotix_moveit_interface:/home/rika/interbotix_ws/install/moveit_visual_tools:/home/rika/interbotix_ws/install/interbotix_ros_xsarms:/home/rika/interbotix_ws/install/interbotix_xsarm_moveit:/home/rika/interbotix_ws/install/interbotix_xsarm_sim:/home/rika/interbotix_ws/install/interbotix_xsarm_ros_control:/home/rika/interbotix_ws/install/interbotix_xsarm_puppet:/home/rika/interbotix_ws/install/interbotix_xsarm_perception:/home/rika/interbotix_ws/install/interbotix_xsarm_joy:/home/rika/interbotix_ws/install/interbotix_xsarm_gravity_compensation:/home/rika/interbotix_ws/install/interbotix_xsarm_dual:/home/rika/interbotix_ws/install/interbotix_xsarm_control:/home/rika/interbotix_ws/install/interbotix_xsarm_descriptions:/home/rika/interbotix_ws/install/interbotix_xs_toolbox:/home/rika/interbotix_ws/install/interbotix_xs_rviz:/home/rika/interbotix_ws/install/interbotix_ros_xseries:/home/rika/interbotix_ws/install/interbotix_xs_sdk:/home/rika/interbotix_ws/install/interbotix_xs_ros_control:/home/rika/interbotix_ws/install/interbotix_perception_toolbox:/home/rika/interbotix_ws/install/interbotix_common_toolbox:/home/rika/interbotix_ws/install/interbotix_gravity_compensation:/home/rika/interbotix_ws/install/interbotix_xs_msgs:/home/rika/interbotix_ws/install/interbotix_xs_driver:/home/rika/interbotix_ws/install/interbotix_tf_tools:/home/rika/interbotix_ws/install/interbotix_perception_pipelines:/home/rika/interbotix_ws/install/interbotix_moveit_interface_msgs:/home/rika/interbotix_ws/install/interbotix_common_sim:/home/rika/interbotix_ws/install/dynamixel_workbench_toolbox:/home/rika/apriltag_ws/install/apriltag_ros:/home/rika/interbotix_ws/install/interbotix_xs_modules:/home/rika/interbotix_ws/install/interbotix_perception_modules:/home/rika/interbotix_ws/install/interbotix_common_modules:/opt/ros/humble LD_LIBRARY_PATH=/home/rika/interbotix_ws/install/interbotix_perception_msgs/lib:/home/rika/interbotix_ws/install/moveit_visual_tools/lib:/home/rika/interbotix_ws/install/interbotix_xs_rviz/lib:/home/rika/interbotix_ws/install/interbotix_xs_ros_control/lib:/home/rika/interbotix_ws/install/interbotix_xs_msgs/lib:/home/rika/interbotix_ws/install/interbotix_xs_driver/lib:/home/rika/interbotix_ws/install/interbotix_tf_tools/lib:/home/rika/interbotix_ws/install/interbotix_moveit_interface_msgs/lib:/home/rika/interbotix_ws/install/dynamixel_workbench_toolbox/lib:/home/rika/apriltag_ws/install/apriltag_ros/lib:/opt/ros/humble/opt/rviz_ogre_vendor/lib:/opt/ros/humble/lib/x86_64-linux-gnu:/opt/ros/humble/lib /usr/bin/cmake --install /home/rika/interbotix_ws/build/interbotix_perception_pipelines
[17.552s] -- Install configuration: ""
[17.552s] -- Execute custom install script
[17.552s] -- Symlinking: /home/rika/interbotix_ws/install/interbotix_perception_pipelines/lib/interbotix_perception_pipelines/pointcloud_pipeline
[17.558s] -- Symlinking: /home/rika/interbotix_ws/install/interbotix_perception_pipelines/share/ament_index/resource_index/package_run_dependencies/interbotix_perception_pipelines
[17.564s] -- Symlinking: /home/rika/interbotix_ws/install/interbotix_perception_pipelines/share/ament_index/resource_index/parent_prefix_path/interbotix_perception_pipelines
[17.570s] -- Symlinking: /home/rika/interbotix_ws/install/interbotix_perception_pipelines/share/interbotix_perception_pipelines/environment/ament_prefix_path.sh
[17.576s] -- Symlinking: /home/rika/interbotix_ws/install/interbotix_perception_pipelines/share/interbotix_perception_pipelines/environment/ament_prefix_path.dsv
[17.583s] -- Symlinking: /home/rika/interbotix_ws/install/interbotix_perception_pipelines/share/interbotix_perception_pipelines/environment/path.sh
[17.589s] -- Symlinking: /home/rika/interbotix_ws/install/interbotix_perception_pipelines/share/interbotix_perception_pipelines/environment/path.dsv
[17.595s] -- Symlinking: /home/rika/interbotix_ws/install/interbotix_perception_pipelines/share/interbotix_perception_pipelines/local_setup.bash
[17.602s] -- Symlinking: /home/rika/interbotix_ws/install/interbotix_perception_pipelines/share/interbotix_perception_pipelines/local_setup.sh
[17.608s] -- Symlinking: /home/rika/interbotix_ws/install/interbotix_perception_pipelines/share/interbotix_perception_pipelines/local_setup.zsh
[17.614s] -- Symlinking: /home/rika/interbotix_ws/install/interbotix_perception_pipelines/share/interbotix_perception_pipelines/local_setup.dsv
[17.620s] -- Symlinking: /home/rika/interbotix_ws/install/interbotix_perception_pipelines/share/interbotix_perception_pipelines/package.dsv
[17.626s] -- Symlinking: /home/rika/interbotix_ws/install/interbotix_perception_pipelines/share/ament_index/resource_index/packages/interbotix_perception_pipelines
[17.632s] -- Symlinking: /home/rika/interbotix_ws/install/interbotix_perception_pipelines/share/interbotix_perception_pipelines/cmake/interbotix_perception_pipelinesConfig.cmake
[17.638s] -- Symlinking: /home/rika/interbotix_ws/install/interbotix_perception_pipelines/share/interbotix_perception_pipelines/cmake/interbotix_perception_pipelinesConfig-version.cmake
[17.644s] -- Symlinking: /home/rika/interbotix_ws/install/interbotix_perception_pipelines/share/interbotix_perception_pipelines/package.xml
[17.652s] Invoked command in '/home/rika/interbotix_ws/build/interbotix_perception_pipelines' returned '0': CMAKE_PREFIX_PATH=/home/rika/interbotix_ws/install/interbotix_perception_msgs:/home/rika/interbotix_ws/install/interbotix_ros_xsarms_examples:/home/rika/interbotix_ws/install/interbotix_xsarm_moveit_interface:/home/rika/interbotix_ws/install/interbotix_moveit_interface:/home/rika/interbotix_ws/install/moveit_visual_tools:/home/rika/interbotix_ws/install/interbotix_ros_xsarms:/home/rika/interbotix_ws/install/interbotix_xsarm_moveit:/home/rika/interbotix_ws/install/interbotix_xsarm_sim:/home/rika/interbotix_ws/install/interbotix_xsarm_ros_control:/home/rika/interbotix_ws/install/interbotix_xsarm_puppet:/home/rika/interbotix_ws/install/interbotix_xsarm_perception:/home/rika/interbotix_ws/install/interbotix_xsarm_joy:/home/rika/interbotix_ws/install/interbotix_xsarm_gravity_compensation:/home/rika/interbotix_ws/install/interbotix_xsarm_dual:/home/rika/interbotix_ws/install/interbotix_xsarm_control:/home/rika/interbotix_ws/install/interbotix_xsarm_descriptions:/home/rika/interbotix_ws/install/interbotix_xs_toolbox:/home/rika/interbotix_ws/install/interbotix_xs_rviz:/home/rika/interbotix_ws/install/interbotix_ros_xseries:/home/rika/interbotix_ws/install/interbotix_xs_sdk:/home/rika/interbotix_ws/install/interbotix_xs_ros_control:/home/rika/interbotix_ws/install/interbotix_perception_toolbox:/home/rika/interbotix_ws/install/interbotix_common_toolbox:/home/rika/interbotix_ws/install/interbotix_gravity_compensation:/home/rika/interbotix_ws/install/interbotix_xs_msgs:/home/rika/interbotix_ws/install/interbotix_xs_driver:/home/rika/interbotix_ws/install/interbotix_tf_tools:/home/rika/interbotix_ws/install/interbotix_perception_pipelines:/home/rika/interbotix_ws/install/interbotix_moveit_interface_msgs:/home/rika/interbotix_ws/install/interbotix_common_sim:/home/rika/interbotix_ws/install/dynamixel_workbench_toolbox:/home/rika/apriltag_ws/install/apriltag_ros:/home/rika/interbotix_ws/install/interbotix_xs_modules:/home/rika/interbotix_ws/install/interbotix_perception_modules:/home/rika/interbotix_ws/install/interbotix_common_modules:/opt/ros/humble LD_LIBRARY_PATH=/home/rika/interbotix_ws/install/interbotix_perception_msgs/lib:/home/rika/interbotix_ws/install/moveit_visual_tools/lib:/home/rika/interbotix_ws/install/interbotix_xs_rviz/lib:/home/rika/interbotix_ws/install/interbotix_xs_ros_control/lib:/home/rika/interbotix_ws/install/interbotix_xs_msgs/lib:/home/rika/interbotix_ws/install/interbotix_xs_driver/lib:/home/rika/interbotix_ws/install/interbotix_tf_tools/lib:/home/rika/interbotix_ws/install/interbotix_moveit_interface_msgs/lib:/home/rika/interbotix_ws/install/dynamixel_workbench_toolbox/lib:/home/rika/apriltag_ws/install/apriltag_ros/lib:/opt/ros/humble/opt/rviz_ogre_vendor/lib:/opt/ros/humble/lib/x86_64-linux-gnu:/opt/ros/humble/lib /usr/bin/cmake --install /home/rika/interbotix_ws/build/interbotix_perception_pipelines
