[0.200s] Invoking command in '/home/rika/interbotix_ws/build/interbotix_perception_msgs': CMAKE_PREFIX_PATH=/home/rika/interbotix_ws/install/interbotix_moveit_interface:/home/rika/interbotix_ws/install/moveit_visual_tools:/home/rika/interbotix_ws/install/interbotix_ros_xsarms:/home/rika/interbotix_ws/install/interbotix_xsarm_moveit:/home/rika/interbotix_ws/install/interbotix_xsarm_sim:/home/rika/interbotix_ws/install/interbotix_xsarm_ros_control:/home/rika/interbotix_ws/install/interbotix_xsarm_perception:/home/rika/interbotix_ws/install/interbotix_xsarm_control:/home/rika/interbotix_ws/install/interbotix_xsarm_descriptions:/home/rika/interbotix_ws/install/interbotix_xs_toolbox:/home/rika/interbotix_ws/install/interbotix_xs_rviz:/home/rika/interbotix_ws/install/interbotix_xs_modules:/home/rika/interbotix_ws/install/interbotix_ros_xseries:/home/rika/interbotix_ws/install/interbotix_xs_sdk:/home/rika/interbotix_ws/install/interbotix_xs_ros_control:/home/rika/interbotix_ws/install/interbotix_perception_toolbox:/home/rika/interbotix_ws/install/interbotix_perception_modules:/home/rika/interbotix_ws/install/interbotix_common_toolbox:/home/rika/interbotix_ws/install/interbotix_gravity_compensation:/home/rika/interbotix_ws/install/dual_arm_control:/home/rika/interbotix_ws/install/interbotix_xs_msgs:/home/rika/interbotix_ws/install/interbotix_xs_driver:/home/rika/interbotix_ws/install/interbotix_tf_tools:/home/rika/interbotix_ws/install/interbotix_perception_pipelines:/home/rika/interbotix_ws/install/interbotix_perception_msgs:/home/rika/interbotix_ws/install/interbotix_moveit_interface_msgs:/home/rika/interbotix_ws/install/interbotix_common_sim:/home/rika/interbotix_ws/install/interbotix_common_modules:/home/rika/interbotix_ws/install/dynamixel_workbench_toolbox:/home/rika/rika_ws/install/bimanual_pkg:/opt/ros/humble:${CMAKE_PREFIX_PATH} /usr/bin/cmake --build /home/rika/interbotix_ws/build/interbotix_perception_msgs -- -j12 -l12
[0.245s] [  1%] [34m[1mGenerating C code for ROS interfaces[0m
[0.251s] [  3%] [34m[1mGenerating C++ code for ROS interfaces[0m
[0.276s] [  3%] Built target ament_cmake_python_symlink_interbotix_perception_msgs
[0.630s] running egg_info
[0.630s] writing interbotix_perception_msgs.egg-info/PKG-INFO
[0.630s] writing dependency_links to interbotix_perception_msgs.egg-info/dependency_links.txt
[0.630s] writing top-level names to interbotix_perception_msgs.egg-info/top_level.txt
[0.635s] reading manifest file 'interbotix_perception_msgs.egg-info/SOURCES.txt'
[0.637s] writing manifest file 'interbotix_perception_msgs.egg-info/SOURCES.txt'
[0.707s] [  3%] Built target ament_cmake_python_build_interbotix_perception_msgs_egg
[1.541s] [  3%] Built target interbotix_perception_msgs__cpp
[1.556s] [  5%] [34m[1mGenerating C++ type support dispatch for ROS interfaces[0m
[1.567s] [  7%] [32mBuilding C object CMakeFiles/interbotix_perception_msgs__rosidl_generator_c.dir/rosidl_generator_c/interbotix_perception_msgs/srv/detail/snap_picture__functions.c.o[0m
[1.567s] [  9%] [32mBuilding C object CMakeFiles/interbotix_perception_msgs__rosidl_generator_c.dir/rosidl_generator_c/interbotix_perception_msgs/msg/detail/cluster_info__functions.c.o[0m
[1.574s] [ 10%] [32mBuilding C object CMakeFiles/interbotix_perception_msgs__rosidl_generator_c.dir/rosidl_generator_c/interbotix_perception_msgs/srv/detail/filter_params__functions.c.o[0m
[1.578s] [ 12%] [34m[1mGenerating C++ type support for eProsima Fast-RTPS[0m
[1.581s] [ 14%] [32mBuilding C object CMakeFiles/interbotix_perception_msgs__rosidl_generator_c.dir/rosidl_generator_c/interbotix_perception_msgs/srv/detail/cluster_info_array__functions.c.o[0m
[1.643s] [ 16%] [32mBuilding CXX object CMakeFiles/interbotix_perception_msgs__rosidl_typesupport_introspection_cpp.dir/rosidl_typesupport_introspection_cpp/interbotix_perception_msgs/msg/detail/cluster_info__type_support.cpp.o[0m
[1.648s] [ 18%] [32mBuilding CXX object CMakeFiles/interbotix_perception_msgs__rosidl_typesupport_introspection_cpp.dir/rosidl_typesupport_introspection_cpp/interbotix_perception_msgs/srv/detail/cluster_info_array__type_support.cpp.o[0m
[1.649s] [ 20%] [32mBuilding CXX object CMakeFiles/interbotix_perception_msgs__rosidl_typesupport_introspection_cpp.dir/rosidl_typesupport_introspection_cpp/interbotix_perception_msgs/srv/detail/filter_params__type_support.cpp.o[0m
[1.655s] [ 21%] [32mBuilding CXX object CMakeFiles/interbotix_perception_msgs__rosidl_typesupport_introspection_cpp.dir/rosidl_typesupport_introspection_cpp/interbotix_perception_msgs/srv/detail/snap_picture__type_support.cpp.o[0m
[1.678s] [ 23%] [32m[1mLinking C shared library libinterbotix_perception_msgs__rosidl_generator_c.so[0m
[1.786s] [ 23%] Built target interbotix_perception_msgs__rosidl_generator_c
[1.810s] [ 25%] [34m[1mGenerating C introspection for ROS interfaces[0m
[1.813s] [ 27%] [34m[1mGenerating C type support for eProsima Fast-RTPS[0m
[1.813s] [ 29%] [34m[1mGenerating C type support dispatch for ROS interfaces[0m
[2.274s] [ 30%] [32m[1mLinking CXX shared library libinterbotix_perception_msgs__rosidl_typesupport_introspection_cpp.so[0m
[2.367s] [ 32%] Built target interbotix_perception_msgs__rosidl_typesupport_introspection_cpp
[2.605s] [ 34%] [32mBuilding CXX object CMakeFiles/interbotix_perception_msgs__rosidl_typesupport_cpp.dir/rosidl_typesupport_cpp/interbotix_perception_msgs/msg/cluster_info__type_support.cpp.o[0m
[2.605s] [ 36%] [32mBuilding CXX object CMakeFiles/interbotix_perception_msgs__rosidl_typesupport_cpp.dir/rosidl_typesupport_cpp/interbotix_perception_msgs/srv/cluster_info_array__type_support.cpp.o[0m
[2.611s] [ 38%] [32mBuilding CXX object CMakeFiles/interbotix_perception_msgs__rosidl_typesupport_cpp.dir/rosidl_typesupport_cpp/interbotix_perception_msgs/srv/snap_picture__type_support.cpp.o[0m
[2.612s] [ 40%] [32mBuilding CXX object CMakeFiles/interbotix_perception_msgs__rosidl_typesupport_cpp.dir/rosidl_typesupport_cpp/interbotix_perception_msgs/srv/filter_params__type_support.cpp.o[0m
[2.810s] [ 41%] [32mBuilding CXX object CMakeFiles/interbotix_perception_msgs__rosidl_typesupport_c.dir/rosidl_typesupport_c/interbotix_perception_msgs/msg/cluster_info__type_support.cpp.o[0m
[2.814s] [ 43%] [32mBuilding CXX object CMakeFiles/interbotix_perception_msgs__rosidl_typesupport_c.dir/rosidl_typesupport_c/interbotix_perception_msgs/srv/cluster_info_array__type_support.cpp.o[0m
[2.819s] [ 45%] [32mBuilding CXX object CMakeFiles/interbotix_perception_msgs__rosidl_typesupport_c.dir/rosidl_typesupport_c/interbotix_perception_msgs/srv/snap_picture__type_support.cpp.o[0m
[2.820s] [ 47%] [32mBuilding CXX object CMakeFiles/interbotix_perception_msgs__rosidl_typesupport_c.dir/rosidl_typesupport_c/interbotix_perception_msgs/srv/filter_params__type_support.cpp.o[0m
[2.885s] [ 49%] [32m[1mLinking CXX shared library libinterbotix_perception_msgs__rosidl_typesupport_c.so[0m
[2.976s] [ 49%] Built target interbotix_perception_msgs__rosidl_typesupport_c
[3.023s] [ 52%] [32mBuilding CXX object CMakeFiles/interbotix_perception_msgs__rosidl_typesupport_fastrtps_cpp.dir/rosidl_typesupport_fastrtps_cpp/interbotix_perception_msgs/srv/detail/dds_fastrtps/cluster_info_array__type_support.cpp.o[0m
[3.029s] [ 52%] [32mBuilding CXX object CMakeFiles/interbotix_perception_msgs__rosidl_typesupport_fastrtps_cpp.dir/rosidl_typesupport_fastrtps_cpp/interbotix_perception_msgs/msg/detail/dds_fastrtps/cluster_info__type_support.cpp.o[0m
[3.029s] [ 54%] [32mBuilding CXX object CMakeFiles/interbotix_perception_msgs__rosidl_typesupport_fastrtps_cpp.dir/rosidl_typesupport_fastrtps_cpp/interbotix_perception_msgs/srv/detail/dds_fastrtps/filter_params__type_support.cpp.o[0m
[3.034s] [ 56%] [32mBuilding CXX object CMakeFiles/interbotix_perception_msgs__rosidl_typesupport_fastrtps_cpp.dir/rosidl_typesupport_fastrtps_cpp/interbotix_perception_msgs/srv/detail/dds_fastrtps/snap_picture__type_support.cpp.o[0m
[3.112s] [ 58%] [32m[1mLinking CXX shared library libinterbotix_perception_msgs__rosidl_typesupport_cpp.so[0m
[3.125s] [ 60%] [32mBuilding CXX object CMakeFiles/interbotix_perception_msgs__rosidl_typesupport_fastrtps_c.dir/rosidl_typesupport_fastrtps_c/interbotix_perception_msgs/srv/detail/filter_params__type_support_c.cpp.o[0m
[3.127s] [ 61%] [32mBuilding CXX object CMakeFiles/interbotix_perception_msgs__rosidl_typesupport_fastrtps_c.dir/rosidl_typesupport_fastrtps_c/interbotix_perception_msgs/msg/detail/cluster_info__type_support_c.cpp.o[0m
[3.135s] [ 63%] [32mBuilding CXX object CMakeFiles/interbotix_perception_msgs__rosidl_typesupport_fastrtps_c.dir/rosidl_typesupport_fastrtps_c/interbotix_perception_msgs/srv/detail/cluster_info_array__type_support_c.cpp.o[0m
[3.142s] [ 65%] [32mBuilding CXX object CMakeFiles/interbotix_perception_msgs__rosidl_typesupport_fastrtps_c.dir/rosidl_typesupport_fastrtps_c/interbotix_perception_msgs/srv/detail/snap_picture__type_support_c.cpp.o[0m
[3.213s] [ 65%] Built target interbotix_perception_msgs__rosidl_typesupport_cpp
[3.400s] [ 67%] [32mBuilding C object CMakeFiles/interbotix_perception_msgs__rosidl_typesupport_introspection_c.dir/rosidl_typesupport_introspection_c/interbotix_perception_msgs/msg/detail/cluster_info__type_support.c.o[0m
[3.417s] [ 70%] [32mBuilding C object CMakeFiles/interbotix_perception_msgs__rosidl_typesupport_introspection_c.dir/rosidl_typesupport_introspection_c/interbotix_perception_msgs/srv/detail/filter_params__type_support.c.o[0m
[3.418s] [ 70%] [32mBuilding C object CMakeFiles/interbotix_perception_msgs__rosidl_typesupport_introspection_c.dir/rosidl_typesupport_introspection_c/interbotix_perception_msgs/srv/detail/snap_picture__type_support.c.o[0m
[3.451s] [ 72%] [32mBuilding C object CMakeFiles/interbotix_perception_msgs__rosidl_typesupport_introspection_c.dir/rosidl_typesupport_introspection_c/interbotix_perception_msgs/srv/detail/cluster_info_array__type_support.c.o[0m
[3.542s] [ 74%] [32m[1mLinking C shared library libinterbotix_perception_msgs__rosidl_typesupport_introspection_c.so[0m
[3.594s] [ 74%] Built target interbotix_perception_msgs__rosidl_typesupport_introspection_c
[3.665s] [ 76%] [32m[1mLinking CXX shared library libinterbotix_perception_msgs__rosidl_typesupport_fastrtps_c.so[0m
[3.780s] [ 76%] Built target interbotix_perception_msgs__rosidl_typesupport_fastrtps_c
[3.829s] [ 78%] [32m[1mLinking CXX shared library libinterbotix_perception_msgs__rosidl_typesupport_fastrtps_cpp.so[0m
[3.954s] [ 78%] Built target interbotix_perception_msgs__rosidl_typesupport_fastrtps_cpp
[4.012s] [ 78%] Built target interbotix_perception_msgs
[4.076s] [ 80%] Built target interbotix_perception_msgs__py
[4.136s] [ 81%] [32mBuilding C object CMakeFiles/interbotix_perception_msgs__rosidl_generator_py.dir/rosidl_generator_py/interbotix_perception_msgs/msg/_cluster_info_s.c.o[0m
[4.138s] [ 83%] [32mBuilding C object CMakeFiles/interbotix_perception_msgs__rosidl_generator_py.dir/rosidl_generator_py/interbotix_perception_msgs/srv/_filter_params_s.c.o[0m
[4.142s] [ 85%] [32mBuilding C object CMakeFiles/interbotix_perception_msgs__rosidl_generator_py.dir/rosidl_generator_py/interbotix_perception_msgs/srv/_cluster_info_array_s.c.o[0m
[4.151s] [ 87%] [32mBuilding C object CMakeFiles/interbotix_perception_msgs__rosidl_generator_py.dir/rosidl_generator_py/interbotix_perception_msgs/srv/_snap_picture_s.c.o[0m
[4.488s] [ 89%] [32m[1mLinking C shared library rosidl_generator_py/interbotix_perception_msgs/libinterbotix_perception_msgs__rosidl_generator_py.so[0m
[4.603s] [ 89%] Built target interbotix_perception_msgs__rosidl_generator_py
[4.657s] [ 90%] [32mBuilding C object CMakeFiles/interbotix_perception_msgs__rosidl_typesupport_introspection_c__pyext.dir/rosidl_generator_py/interbotix_perception_msgs/_interbotix_perception_msgs_s.ep.rosidl_typesupport_introspection_c.c.o[0m
[4.668s] [ 92%] [32mBuilding C object CMakeFiles/interbotix_perception_msgs__rosidl_typesupport_fastrtps_c__pyext.dir/rosidl_generator_py/interbotix_perception_msgs/_interbotix_perception_msgs_s.ep.rosidl_typesupport_fastrtps_c.c.o[0m
[4.676s] [ 94%] [32mBuilding C object CMakeFiles/interbotix_perception_msgs__rosidl_typesupport_c__pyext.dir/rosidl_generator_py/interbotix_perception_msgs/_interbotix_perception_msgs_s.ep.rosidl_typesupport_c.c.o[0m
[4.877s] [ 96%] [32m[1mLinking C shared library rosidl_generator_py/interbotix_perception_msgs/interbotix_perception_msgs_s__rosidl_typesupport_fastrtps_c.cpython-310-x86_64-linux-gnu.so[0m
[4.879s] [ 98%] [32m[1mLinking C shared library rosidl_generator_py/interbotix_perception_msgs/interbotix_perception_msgs_s__rosidl_typesupport_introspection_c.cpython-310-x86_64-linux-gnu.so[0m
[4.937s] [100%] [32m[1mLinking C shared library rosidl_generator_py/interbotix_perception_msgs/interbotix_perception_msgs_s__rosidl_typesupport_c.cpython-310-x86_64-linux-gnu.so[0m
[4.979s] [100%] Built target interbotix_perception_msgs__rosidl_typesupport_fastrtps_c__pyext
[5.007s] [100%] Built target interbotix_perception_msgs__rosidl_typesupport_introspection_c__pyext
[5.038s] [100%] Built target interbotix_perception_msgs__rosidl_typesupport_c__pyext
[5.066s] Invoked command in '/home/rika/interbotix_ws/build/interbotix_perception_msgs' returned '0': CMAKE_PREFIX_PATH=/home/rika/interbotix_ws/install/interbotix_moveit_interface:/home/rika/interbotix_ws/install/moveit_visual_tools:/home/rika/interbotix_ws/install/interbotix_ros_xsarms:/home/rika/interbotix_ws/install/interbotix_xsarm_moveit:/home/rika/interbotix_ws/install/interbotix_xsarm_sim:/home/rika/interbotix_ws/install/interbotix_xsarm_ros_control:/home/rika/interbotix_ws/install/interbotix_xsarm_perception:/home/rika/interbotix_ws/install/interbotix_xsarm_control:/home/rika/interbotix_ws/install/interbotix_xsarm_descriptions:/home/rika/interbotix_ws/install/interbotix_xs_toolbox:/home/rika/interbotix_ws/install/interbotix_xs_rviz:/home/rika/interbotix_ws/install/interbotix_xs_modules:/home/rika/interbotix_ws/install/interbotix_ros_xseries:/home/rika/interbotix_ws/install/interbotix_xs_sdk:/home/rika/interbotix_ws/install/interbotix_xs_ros_control:/home/rika/interbotix_ws/install/interbotix_perception_toolbox:/home/rika/interbotix_ws/install/interbotix_perception_modules:/home/rika/interbotix_ws/install/interbotix_common_toolbox:/home/rika/interbotix_ws/install/interbotix_gravity_compensation:/home/rika/interbotix_ws/install/dual_arm_control:/home/rika/interbotix_ws/install/interbotix_xs_msgs:/home/rika/interbotix_ws/install/interbotix_xs_driver:/home/rika/interbotix_ws/install/interbotix_tf_tools:/home/rika/interbotix_ws/install/interbotix_perception_pipelines:/home/rika/interbotix_ws/install/interbotix_perception_msgs:/home/rika/interbotix_ws/install/interbotix_moveit_interface_msgs:/home/rika/interbotix_ws/install/interbotix_common_sim:/home/rika/interbotix_ws/install/interbotix_common_modules:/home/rika/interbotix_ws/install/dynamixel_workbench_toolbox:/home/rika/rika_ws/install/bimanual_pkg:/opt/ros/humble:${CMAKE_PREFIX_PATH} /usr/bin/cmake --build /home/rika/interbotix_ws/build/interbotix_perception_msgs -- -j12 -l12
[5.068s] Invoking command in '/home/rika/interbotix_ws/build/interbotix_perception_msgs': CMAKE_PREFIX_PATH=/home/rika/interbotix_ws/install/interbotix_moveit_interface:/home/rika/interbotix_ws/install/moveit_visual_tools:/home/rika/interbotix_ws/install/interbotix_ros_xsarms:/home/rika/interbotix_ws/install/interbotix_xsarm_moveit:/home/rika/interbotix_ws/install/interbotix_xsarm_sim:/home/rika/interbotix_ws/install/interbotix_xsarm_ros_control:/home/rika/interbotix_ws/install/interbotix_xsarm_perception:/home/rika/interbotix_ws/install/interbotix_xsarm_control:/home/rika/interbotix_ws/install/interbotix_xsarm_descriptions:/home/rika/interbotix_ws/install/interbotix_xs_toolbox:/home/rika/interbotix_ws/install/interbotix_xs_rviz:/home/rika/interbotix_ws/install/interbotix_xs_modules:/home/rika/interbotix_ws/install/interbotix_ros_xseries:/home/rika/interbotix_ws/install/interbotix_xs_sdk:/home/rika/interbotix_ws/install/interbotix_xs_ros_control:/home/rika/interbotix_ws/install/interbotix_perception_toolbox:/home/rika/interbotix_ws/install/interbotix_perception_modules:/home/rika/interbotix_ws/install/interbotix_common_toolbox:/home/rika/interbotix_ws/install/interbotix_gravity_compensation:/home/rika/interbotix_ws/install/dual_arm_control:/home/rika/interbotix_ws/install/interbotix_xs_msgs:/home/rika/interbotix_ws/install/interbotix_xs_driver:/home/rika/interbotix_ws/install/interbotix_tf_tools:/home/rika/interbotix_ws/install/interbotix_perception_pipelines:/home/rika/interbotix_ws/install/interbotix_perception_msgs:/home/rika/interbotix_ws/install/interbotix_moveit_interface_msgs:/home/rika/interbotix_ws/install/interbotix_common_sim:/home/rika/interbotix_ws/install/interbotix_common_modules:/home/rika/interbotix_ws/install/dynamixel_workbench_toolbox:/home/rika/rika_ws/install/bimanual_pkg:/opt/ros/humble:${CMAKE_PREFIX_PATH} /usr/bin/cmake --install /home/rika/interbotix_ws/build/interbotix_perception_msgs
[5.079s] -- Install configuration: ""
[5.080s] -- Execute custom install script
[5.080s] -- Up-to-date symlink: /home/rika/interbotix_ws/install/interbotix_perception_msgs/share/ament_index/resource_index/rosidl_interfaces/interbotix_perception_msgs
[5.080s] -- Up-to-date symlink: /home/rika/interbotix_ws/install/interbotix_perception_msgs/include/interbotix_perception_msgs/interbotix_perception_msgs/msg/cluster_info.h
[5.080s] -- Up-to-date symlink: /home/rika/interbotix_ws/install/interbotix_perception_msgs/include/interbotix_perception_msgs/interbotix_perception_msgs/msg/detail/cluster_info__functions.h
[5.080s] -- Up-to-date symlink: /home/rika/interbotix_ws/install/interbotix_perception_msgs/include/interbotix_perception_msgs/interbotix_perception_msgs/msg/detail/cluster_info__struct.h
[5.081s] -- Up-to-date symlink: /home/rika/interbotix_ws/install/interbotix_perception_msgs/include/interbotix_perception_msgs/interbotix_perception_msgs/msg/detail/cluster_info__type_support.h
[5.081s] -- Up-to-date symlink: /home/rika/interbotix_ws/install/interbotix_perception_msgs/include/interbotix_perception_msgs/interbotix_perception_msgs/msg/rosidl_generator_c__visibility_control.h
[5.081s] -- Up-to-date symlink: /home/rika/interbotix_ws/install/interbotix_perception_msgs/include/interbotix_perception_msgs/interbotix_perception_msgs/srv/cluster_info_array.h
[5.081s] -- Up-to-date symlink: /home/rika/interbotix_ws/install/interbotix_perception_msgs/include/interbotix_perception_msgs/interbotix_perception_msgs/srv/detail/cluster_info_array__functions.h
[5.081s] -- Up-to-date symlink: /home/rika/interbotix_ws/install/interbotix_perception_msgs/include/interbotix_perception_msgs/interbotix_perception_msgs/srv/detail/cluster_info_array__struct.h
[5.081s] -- Up-to-date symlink: /home/rika/interbotix_ws/install/interbotix_perception_msgs/include/interbotix_perception_msgs/interbotix_perception_msgs/srv/detail/cluster_info_array__type_support.h
[5.081s] -- Up-to-date symlink: /home/rika/interbotix_ws/install/interbotix_perception_msgs/include/interbotix_perception_msgs/interbotix_perception_msgs/srv/detail/filter_params__functions.h
[5.081s] -- Up-to-date symlink: /home/rika/interbotix_ws/install/interbotix_perception_msgs/include/interbotix_perception_msgs/interbotix_perception_msgs/srv/detail/filter_params__struct.h
[5.081s] -- Up-to-date symlink: /home/rika/interbotix_ws/install/interbotix_perception_msgs/include/interbotix_perception_msgs/interbotix_perception_msgs/srv/detail/filter_params__type_support.h
[5.081s] -- Up-to-date symlink: /home/rika/interbotix_ws/install/interbotix_perception_msgs/include/interbotix_perception_msgs/interbotix_perception_msgs/srv/detail/snap_picture__functions.h
[5.081s] -- Up-to-date symlink: /home/rika/interbotix_ws/install/interbotix_perception_msgs/include/interbotix_perception_msgs/interbotix_perception_msgs/srv/detail/snap_picture__struct.h
[5.081s] -- Up-to-date symlink: /home/rika/interbotix_ws/install/interbotix_perception_msgs/include/interbotix_perception_msgs/interbotix_perception_msgs/srv/detail/snap_picture__type_support.h
[5.082s] -- Up-to-date symlink: /home/rika/interbotix_ws/install/interbotix_perception_msgs/include/interbotix_perception_msgs/interbotix_perception_msgs/srv/filter_params.h
[5.082s] -- Up-to-date symlink: /home/rika/interbotix_ws/install/interbotix_perception_msgs/include/interbotix_perception_msgs/interbotix_perception_msgs/srv/snap_picture.h
[5.082s] -- Up-to-date symlink: /home/rika/interbotix_ws/install/interbotix_perception_msgs/share/interbotix_perception_msgs/environment/library_path.sh
[5.082s] -- Up-to-date symlink: /home/rika/interbotix_ws/install/interbotix_perception_msgs/share/interbotix_perception_msgs/environment/library_path.dsv
[5.082s] -- Up-to-date symlink: /home/rika/interbotix_ws/install/interbotix_perception_msgs/include/interbotix_perception_msgs/interbotix_perception_msgs/msg/detail/cluster_info__rosidl_typesupport_fastrtps_c.h
[5.082s] -- Up-to-date symlink: /home/rika/interbotix_ws/install/interbotix_perception_msgs/include/interbotix_perception_msgs/interbotix_perception_msgs/msg/rosidl_typesupport_fastrtps_c__visibility_control.h
[5.082s] -- Up-to-date symlink: /home/rika/interbotix_ws/install/interbotix_perception_msgs/include/interbotix_perception_msgs/interbotix_perception_msgs/srv/detail/cluster_info_array__rosidl_typesupport_fastrtps_c.h
[5.082s] -- Up-to-date symlink: /home/rika/interbotix_ws/install/interbotix_perception_msgs/include/interbotix_perception_msgs/interbotix_perception_msgs/srv/detail/filter_params__rosidl_typesupport_fastrtps_c.h
[5.083s] -- Up-to-date symlink: /home/rika/interbotix_ws/install/interbotix_perception_msgs/include/interbotix_perception_msgs/interbotix_perception_msgs/srv/detail/snap_picture__rosidl_typesupport_fastrtps_c.h
[5.083s] -- Up-to-date symlink: /home/rika/interbotix_ws/install/interbotix_perception_msgs/include/interbotix_perception_msgs/interbotix_perception_msgs/msg/detail/cluster_info__rosidl_typesupport_introspection_c.h
[5.083s] -- Up-to-date symlink: /home/rika/interbotix_ws/install/interbotix_perception_msgs/include/interbotix_perception_msgs/interbotix_perception_msgs/msg/rosidl_typesupport_introspection_c__visibility_control.h
[5.083s] -- Up-to-date symlink: /home/rika/interbotix_ws/install/interbotix_perception_msgs/include/interbotix_perception_msgs/interbotix_perception_msgs/srv/detail/cluster_info_array__rosidl_typesupport_introspection_c.h
[5.083s] -- Up-to-date symlink: /home/rika/interbotix_ws/install/interbotix_perception_msgs/include/interbotix_perception_msgs/interbotix_perception_msgs/srv/detail/filter_params__rosidl_typesupport_introspection_c.h
[5.083s] -- Up-to-date symlink: /home/rika/interbotix_ws/install/interbotix_perception_msgs/include/interbotix_perception_msgs/interbotix_perception_msgs/srv/detail/snap_picture__rosidl_typesupport_introspection_c.h
[5.083s] -- Up-to-date symlink: /home/rika/interbotix_ws/install/interbotix_perception_msgs/include/interbotix_perception_msgs/interbotix_perception_msgs/msg/cluster_info.hpp
[5.084s] -- Up-to-date symlink: /home/rika/interbotix_ws/install/interbotix_perception_msgs/include/interbotix_perception_msgs/interbotix_perception_msgs/msg/detail/cluster_info__builder.hpp
[5.084s] -- Up-to-date symlink: /home/rika/interbotix_ws/install/interbotix_perception_msgs/include/interbotix_perception_msgs/interbotix_perception_msgs/msg/detail/cluster_info__struct.hpp
[5.084s] -- Up-to-date symlink: /home/rika/interbotix_ws/install/interbotix_perception_msgs/include/interbotix_perception_msgs/interbotix_perception_msgs/msg/detail/cluster_info__traits.hpp
[5.084s] -- Up-to-date symlink: /home/rika/interbotix_ws/install/interbotix_perception_msgs/include/interbotix_perception_msgs/interbotix_perception_msgs/msg/detail/cluster_info__type_support.hpp
[5.084s] -- Up-to-date symlink: /home/rika/interbotix_ws/install/interbotix_perception_msgs/include/interbotix_perception_msgs/interbotix_perception_msgs/msg/rosidl_generator_cpp__visibility_control.hpp
[5.084s] -- Up-to-date symlink: /home/rika/interbotix_ws/install/interbotix_perception_msgs/include/interbotix_perception_msgs/interbotix_perception_msgs/srv/cluster_info_array.hpp
[5.084s] -- Up-to-date symlink: /home/rika/interbotix_ws/install/interbotix_perception_msgs/include/interbotix_perception_msgs/interbotix_perception_msgs/srv/detail/cluster_info_array__builder.hpp
[5.084s] -- Up-to-date symlink: /home/rika/interbotix_ws/install/interbotix_perception_msgs/include/interbotix_perception_msgs/interbotix_perception_msgs/srv/detail/cluster_info_array__struct.hpp
[5.084s] -- Up-to-date symlink: /home/rika/interbotix_ws/install/interbotix_perception_msgs/include/interbotix_perception_msgs/interbotix_perception_msgs/srv/detail/cluster_info_array__traits.hpp
[5.084s] -- Up-to-date symlink: /home/rika/interbotix_ws/install/interbotix_perception_msgs/include/interbotix_perception_msgs/interbotix_perception_msgs/srv/detail/cluster_info_array__type_support.hpp
[5.084s] -- Up-to-date symlink: /home/rika/interbotix_ws/install/interbotix_perception_msgs/include/interbotix_perception_msgs/interbotix_perception_msgs/srv/detail/filter_params__builder.hpp
[5.084s] -- Up-to-date symlink: /home/rika/interbotix_ws/install/interbotix_perception_msgs/include/interbotix_perception_msgs/interbotix_perception_msgs/srv/detail/filter_params__struct.hpp
[5.084s] -- Up-to-date symlink: /home/rika/interbotix_ws/install/interbotix_perception_msgs/include/interbotix_perception_msgs/interbotix_perception_msgs/srv/detail/filter_params__traits.hpp
[5.085s] -- Up-to-date symlink: /home/rika/interbotix_ws/install/interbotix_perception_msgs/include/interbotix_perception_msgs/interbotix_perception_msgs/srv/detail/filter_params__type_support.hpp
[5.085s] -- Up-to-date symlink: /home/rika/interbotix_ws/install/interbotix_perception_msgs/include/interbotix_perception_msgs/interbotix_perception_msgs/srv/detail/snap_picture__builder.hpp
[5.085s] -- Up-to-date symlink: /home/rika/interbotix_ws/install/interbotix_perception_msgs/include/interbotix_perception_msgs/interbotix_perception_msgs/srv/detail/snap_picture__struct.hpp
[5.085s] -- Up-to-date symlink: /home/rika/interbotix_ws/install/interbotix_perception_msgs/include/interbotix_perception_msgs/interbotix_perception_msgs/srv/detail/snap_picture__traits.hpp
[5.085s] -- Up-to-date symlink: /home/rika/interbotix_ws/install/interbotix_perception_msgs/include/interbotix_perception_msgs/interbotix_perception_msgs/srv/detail/snap_picture__type_support.hpp
[5.085s] -- Up-to-date symlink: /home/rika/interbotix_ws/install/interbotix_perception_msgs/include/interbotix_perception_msgs/interbotix_perception_msgs/srv/filter_params.hpp
[5.085s] -- Up-to-date symlink: /home/rika/interbotix_ws/install/interbotix_perception_msgs/include/interbotix_perception_msgs/interbotix_perception_msgs/srv/snap_picture.hpp
[5.086s] -- Up-to-date symlink: /home/rika/interbotix_ws/install/interbotix_perception_msgs/include/interbotix_perception_msgs/interbotix_perception_msgs/msg/detail/cluster_info__rosidl_typesupport_fastrtps_cpp.hpp
[5.086s] -- Up-to-date symlink: /home/rika/interbotix_ws/install/interbotix_perception_msgs/include/interbotix_perception_msgs/interbotix_perception_msgs/msg/rosidl_typesupport_fastrtps_cpp__visibility_control.h
[5.086s] -- Up-to-date symlink: /home/rika/interbotix_ws/install/interbotix_perception_msgs/include/interbotix_perception_msgs/interbotix_perception_msgs/srv/detail/cluster_info_array__rosidl_typesupport_fastrtps_cpp.hpp
[5.086s] -- Up-to-date symlink: /home/rika/interbotix_ws/install/interbotix_perception_msgs/include/interbotix_perception_msgs/interbotix_perception_msgs/srv/detail/filter_params__rosidl_typesupport_fastrtps_cpp.hpp
[5.086s] -- Up-to-date symlink: /home/rika/interbotix_ws/install/interbotix_perception_msgs/include/interbotix_perception_msgs/interbotix_perception_msgs/srv/detail/snap_picture__rosidl_typesupport_fastrtps_cpp.hpp
[5.086s] -- Up-to-date symlink: /home/rika/interbotix_ws/install/interbotix_perception_msgs/include/interbotix_perception_msgs/interbotix_perception_msgs/msg/detail/cluster_info__rosidl_typesupport_introspection_cpp.hpp
[5.086s] -- Up-to-date symlink: /home/rika/interbotix_ws/install/interbotix_perception_msgs/include/interbotix_perception_msgs/interbotix_perception_msgs/srv/detail/cluster_info_array__rosidl_typesupport_introspection_cpp.hpp
[5.086s] -- Up-to-date symlink: /home/rika/interbotix_ws/install/interbotix_perception_msgs/include/interbotix_perception_msgs/interbotix_perception_msgs/srv/detail/filter_params__rosidl_typesupport_introspection_cpp.hpp
[5.087s] -- Up-to-date symlink: /home/rika/interbotix_ws/install/interbotix_perception_msgs/include/interbotix_perception_msgs/interbotix_perception_msgs/srv/detail/snap_picture__rosidl_typesupport_introspection_cpp.hpp
[5.087s] -- Up-to-date symlink: /home/rika/interbotix_ws/install/interbotix_perception_msgs/share/interbotix_perception_msgs/environment/pythonpath.sh
[5.087s] -- Up-to-date symlink: /home/rika/interbotix_ws/install/interbotix_perception_msgs/share/interbotix_perception_msgs/environment/pythonpath.dsv
[5.087s] -- Up-to-date symlink: /home/rika/interbotix_ws/install/interbotix_perception_msgs/local/lib/python3.10/dist-packages/interbotix_perception_msgs-0.0.0-py3.10.egg-info/PKG-INFO
[5.087s] -- Up-to-date symlink: /home/rika/interbotix_ws/install/interbotix_perception_msgs/local/lib/python3.10/dist-packages/interbotix_perception_msgs-0.0.0-py3.10.egg-info/SOURCES.txt
[5.087s] -- Up-to-date symlink: /home/rika/interbotix_ws/install/interbotix_perception_msgs/local/lib/python3.10/dist-packages/interbotix_perception_msgs-0.0.0-py3.10.egg-info/dependency_links.txt
[5.087s] -- Up-to-date symlink: /home/rika/interbotix_ws/install/interbotix_perception_msgs/local/lib/python3.10/dist-packages/interbotix_perception_msgs-0.0.0-py3.10.egg-info/top_level.txt
[5.088s] -- Up-to-date symlink: /home/rika/interbotix_ws/install/interbotix_perception_msgs/local/lib/python3.10/dist-packages/interbotix_perception_msgs/__init__.py
[5.088s] -- Up-to-date symlink: /home/rika/interbotix_ws/install/interbotix_perception_msgs/local/lib/python3.10/dist-packages/interbotix_perception_msgs/_interbotix_perception_msgs_s.ep.rosidl_typesupport_c.c
[5.088s] -- Up-to-date symlink: /home/rika/interbotix_ws/install/interbotix_perception_msgs/local/lib/python3.10/dist-packages/interbotix_perception_msgs/_interbotix_perception_msgs_s.ep.rosidl_typesupport_fastrtps_c.c
[5.088s] -- Up-to-date symlink: /home/rika/interbotix_ws/install/interbotix_perception_msgs/local/lib/python3.10/dist-packages/interbotix_perception_msgs/_interbotix_perception_msgs_s.ep.rosidl_typesupport_introspection_c.c
[5.088s] -- Up-to-date symlink: /home/rika/interbotix_ws/install/interbotix_perception_msgs/local/lib/python3.10/dist-packages/interbotix_perception_msgs/interbotix_perception_msgs_s__rosidl_typesupport_c.cpython-310-x86_64-linux-gnu.so
[5.088s] -- Up-to-date symlink: /home/rika/interbotix_ws/install/interbotix_perception_msgs/local/lib/python3.10/dist-packages/interbotix_perception_msgs/interbotix_perception_msgs_s__rosidl_typesupport_fastrtps_c.cpython-310-x86_64-linux-gnu.so
[5.088s] -- Up-to-date symlink: /home/rika/interbotix_ws/install/interbotix_perception_msgs/local/lib/python3.10/dist-packages/interbotix_perception_msgs/interbotix_perception_msgs_s__rosidl_typesupport_introspection_c.cpython-310-x86_64-linux-gnu.so
[5.088s] -- Up-to-date symlink: /home/rika/interbotix_ws/install/interbotix_perception_msgs/local/lib/python3.10/dist-packages/interbotix_perception_msgs/libinterbotix_perception_msgs__rosidl_generator_py.so
[5.089s] -- Up-to-date symlink: /home/rika/interbotix_ws/install/interbotix_perception_msgs/local/lib/python3.10/dist-packages/interbotix_perception_msgs/msg/__init__.py
[5.089s] -- Up-to-date symlink: /home/rika/interbotix_ws/install/interbotix_perception_msgs/local/lib/python3.10/dist-packages/interbotix_perception_msgs/msg/_cluster_info.py
[5.089s] -- Up-to-date symlink: /home/rika/interbotix_ws/install/interbotix_perception_msgs/local/lib/python3.10/dist-packages/interbotix_perception_msgs/msg/_cluster_info_s.c
[5.089s] -- Up-to-date symlink: /home/rika/interbotix_ws/install/interbotix_perception_msgs/local/lib/python3.10/dist-packages/interbotix_perception_msgs/srv/__init__.py
[5.089s] -- Up-to-date symlink: /home/rika/interbotix_ws/install/interbotix_perception_msgs/local/lib/python3.10/dist-packages/interbotix_perception_msgs/srv/_cluster_info_array.py
[5.089s] -- Up-to-date symlink: /home/rika/interbotix_ws/install/interbotix_perception_msgs/local/lib/python3.10/dist-packages/interbotix_perception_msgs/srv/_cluster_info_array_s.c
[5.089s] -- Up-to-date symlink: /home/rika/interbotix_ws/install/interbotix_perception_msgs/local/lib/python3.10/dist-packages/interbotix_perception_msgs/srv/_filter_params.py
[5.089s] -- Up-to-date symlink: /home/rika/interbotix_ws/install/interbotix_perception_msgs/local/lib/python3.10/dist-packages/interbotix_perception_msgs/srv/_filter_params_s.c
[5.089s] -- Up-to-date symlink: /home/rika/interbotix_ws/install/interbotix_perception_msgs/local/lib/python3.10/dist-packages/interbotix_perception_msgs/srv/_snap_picture.py
[5.089s] -- Up-to-date symlink: /home/rika/interbotix_ws/install/interbotix_perception_msgs/local/lib/python3.10/dist-packages/interbotix_perception_msgs/srv/_snap_picture_s.c
[5.090s] -- Up-to-date symlink: /home/rika/interbotix_ws/install/interbotix_perception_msgs/local/lib/python3.10/dist-packages/interbotix_perception_msgs/interbotix_perception_msgs_s__rosidl_typesupport_fastrtps_c.cpython-310-x86_64-linux-gnu.so
[5.090s] -- Up-to-date symlink: /home/rika/interbotix_ws/install/interbotix_perception_msgs/local/lib/python3.10/dist-packages/interbotix_perception_msgs/interbotix_perception_msgs_s__rosidl_typesupport_introspection_c.cpython-310-x86_64-linux-gnu.so
[5.090s] -- Up-to-date symlink: /home/rika/interbotix_ws/install/interbotix_perception_msgs/local/lib/python3.10/dist-packages/interbotix_perception_msgs/interbotix_perception_msgs_s__rosidl_typesupport_c.cpython-310-x86_64-linux-gnu.so
[5.090s] -- Up-to-date symlink: /home/rika/interbotix_ws/install/interbotix_perception_msgs/share/interbotix_perception_msgs/msg/ClusterInfo.idl
[5.090s] -- Up-to-date symlink: /home/rika/interbotix_ws/install/interbotix_perception_msgs/share/interbotix_perception_msgs/srv/ClusterInfoArray.idl
[5.091s] -- Up-to-date symlink: /home/rika/interbotix_ws/install/interbotix_perception_msgs/share/interbotix_perception_msgs/srv/FilterParams.idl
[5.091s] -- Up-to-date symlink: /home/rika/interbotix_ws/install/interbotix_perception_msgs/share/interbotix_perception_msgs/srv/SnapPicture.idl
[5.091s] -- Up-to-date symlink: /home/rika/interbotix_ws/install/interbotix_perception_msgs/share/interbotix_perception_msgs/msg/ClusterInfo.msg
[5.091s] -- Up-to-date symlink: /home/rika/interbotix_ws/install/interbotix_perception_msgs/share/interbotix_perception_msgs/srv/ClusterInfoArray.srv
[5.091s] -- Up-to-date symlink: /home/rika/interbotix_ws/install/interbotix_perception_msgs/share/interbotix_perception_msgs/srv/ClusterInfoArray_Request.msg
[5.091s] -- Up-to-date symlink: /home/rika/interbotix_ws/install/interbotix_perception_msgs/share/interbotix_perception_msgs/srv/ClusterInfoArray_Response.msg
[5.091s] -- Up-to-date symlink: /home/rika/interbotix_ws/install/interbotix_perception_msgs/share/interbotix_perception_msgs/srv/FilterParams.srv
[5.091s] -- Up-to-date symlink: /home/rika/interbotix_ws/install/interbotix_perception_msgs/share/interbotix_perception_msgs/srv/FilterParams_Request.msg
[5.092s] -- Up-to-date symlink: /home/rika/interbotix_ws/install/interbotix_perception_msgs/share/interbotix_perception_msgs/srv/FilterParams_Response.msg
[5.092s] -- Up-to-date symlink: /home/rika/interbotix_ws/install/interbotix_perception_msgs/share/interbotix_perception_msgs/srv/SnapPicture.srv
[5.092s] -- Up-to-date symlink: /home/rika/interbotix_ws/install/interbotix_perception_msgs/share/interbotix_perception_msgs/srv/SnapPicture_Request.msg
[5.092s] -- Up-to-date symlink: /home/rika/interbotix_ws/install/interbotix_perception_msgs/share/interbotix_perception_msgs/srv/SnapPicture_Response.msg
[5.092s] -- Up-to-date symlink: /home/rika/interbotix_ws/install/interbotix_perception_msgs/share/ament_index/resource_index/package_run_dependencies/interbotix_perception_msgs
[5.092s] -- Up-to-date symlink: /home/rika/interbotix_ws/install/interbotix_perception_msgs/share/ament_index/resource_index/parent_prefix_path/interbotix_perception_msgs
[5.092s] -- Up-to-date symlink: /home/rika/interbotix_ws/install/interbotix_perception_msgs/share/interbotix_perception_msgs/environment/ament_prefix_path.sh
[5.092s] -- Up-to-date symlink: /home/rika/interbotix_ws/install/interbotix_perception_msgs/share/interbotix_perception_msgs/environment/ament_prefix_path.dsv
[5.093s] -- Up-to-date symlink: /home/rika/interbotix_ws/install/interbotix_perception_msgs/share/interbotix_perception_msgs/environment/path.sh
[5.093s] -- Up-to-date symlink: /home/rika/interbotix_ws/install/interbotix_perception_msgs/share/interbotix_perception_msgs/environment/path.dsv
[5.093s] -- Up-to-date symlink: /home/rika/interbotix_ws/install/interbotix_perception_msgs/share/interbotix_perception_msgs/local_setup.bash
[5.093s] -- Up-to-date symlink: /home/rika/interbotix_ws/install/interbotix_perception_msgs/share/interbotix_perception_msgs/local_setup.sh
[5.093s] -- Up-to-date symlink: /home/rika/interbotix_ws/install/interbotix_perception_msgs/share/interbotix_perception_msgs/local_setup.zsh
[5.093s] -- Up-to-date symlink: /home/rika/interbotix_ws/install/interbotix_perception_msgs/share/interbotix_perception_msgs/local_setup.dsv
[5.093s] -- Up-to-date symlink: /home/rika/interbotix_ws/install/interbotix_perception_msgs/share/interbotix_perception_msgs/package.dsv
[5.093s] -- Up-to-date symlink: /home/rika/interbotix_ws/install/interbotix_perception_msgs/share/ament_index/resource_index/packages/interbotix_perception_msgs
[5.093s] -- Up-to-date symlink: /home/rika/interbotix_ws/install/interbotix_perception_msgs/share/interbotix_perception_msgs/cmake/rosidl_cmake-extras.cmake
[5.094s] -- Up-to-date symlink: /home/rika/interbotix_ws/install/interbotix_perception_msgs/share/interbotix_perception_msgs/cmake/ament_cmake_export_dependencies-extras.cmake
[5.094s] -- Up-to-date symlink: /home/rika/interbotix_ws/install/interbotix_perception_msgs/share/interbotix_perception_msgs/cmake/ament_cmake_export_include_directories-extras.cmake
[5.094s] -- Up-to-date symlink: /home/rika/interbotix_ws/install/interbotix_perception_msgs/share/interbotix_perception_msgs/cmake/ament_cmake_export_libraries-extras.cmake
[5.094s] -- Up-to-date symlink: /home/rika/interbotix_ws/install/interbotix_perception_msgs/share/interbotix_perception_msgs/cmake/ament_cmake_export_targets-extras.cmake
[5.094s] -- Up-to-date symlink: /home/rika/interbotix_ws/install/interbotix_perception_msgs/share/interbotix_perception_msgs/cmake/rosidl_cmake_export_typesupport_targets-extras.cmake
[5.094s] -- Up-to-date symlink: /home/rika/interbotix_ws/install/interbotix_perception_msgs/share/interbotix_perception_msgs/cmake/rosidl_cmake_export_typesupport_libraries-extras.cmake
[5.094s] -- Up-to-date symlink: /home/rika/interbotix_ws/install/interbotix_perception_msgs/share/interbotix_perception_msgs/cmake/interbotix_perception_msgsConfig.cmake
[5.094s] -- Up-to-date symlink: /home/rika/interbotix_ws/install/interbotix_perception_msgs/share/interbotix_perception_msgs/cmake/interbotix_perception_msgsConfig-version.cmake
[5.094s] -- Up-to-date symlink: /home/rika/interbotix_ws/install/interbotix_perception_msgs/share/interbotix_perception_msgs/package.xml
[5.095s] -- Installing: /home/rika/interbotix_ws/install/interbotix_perception_msgs/lib/libinterbotix_perception_msgs__rosidl_generator_c.so
[5.095s] -- Set runtime path of "/home/rika/interbotix_ws/install/interbotix_perception_msgs/lib/libinterbotix_perception_msgs__rosidl_generator_c.so" to ""
[5.096s] -- Installing: /home/rika/interbotix_ws/install/interbotix_perception_msgs/lib/libinterbotix_perception_msgs__rosidl_typesupport_fastrtps_c.so
[5.096s] -- Set runtime path of "/home/rika/interbotix_ws/install/interbotix_perception_msgs/lib/libinterbotix_perception_msgs__rosidl_typesupport_fastrtps_c.so" to ""
[5.096s] -- Installing: /home/rika/interbotix_ws/install/interbotix_perception_msgs/lib/libinterbotix_perception_msgs__rosidl_typesupport_introspection_c.so
[5.096s] -- Set runtime path of "/home/rika/interbotix_ws/install/interbotix_perception_msgs/lib/libinterbotix_perception_msgs__rosidl_typesupport_introspection_c.so" to ""
[5.097s] -- Installing: /home/rika/interbotix_ws/install/interbotix_perception_msgs/lib/libinterbotix_perception_msgs__rosidl_typesupport_c.so
[5.097s] -- Set runtime path of "/home/rika/interbotix_ws/install/interbotix_perception_msgs/lib/libinterbotix_perception_msgs__rosidl_typesupport_c.so" to ""
[5.097s] -- Installing: /home/rika/interbotix_ws/install/interbotix_perception_msgs/lib/libinterbotix_perception_msgs__rosidl_typesupport_fastrtps_cpp.so
[5.098s] -- Set runtime path of "/home/rika/interbotix_ws/install/interbotix_perception_msgs/lib/libinterbotix_perception_msgs__rosidl_typesupport_fastrtps_cpp.so" to ""
[5.098s] -- Installing: /home/rika/interbotix_ws/install/interbotix_perception_msgs/lib/libinterbotix_perception_msgs__rosidl_typesupport_introspection_cpp.so
[5.098s] -- Set runtime path of "/home/rika/interbotix_ws/install/interbotix_perception_msgs/lib/libinterbotix_perception_msgs__rosidl_typesupport_introspection_cpp.so" to ""
[5.099s] -- Installing: /home/rika/interbotix_ws/install/interbotix_perception_msgs/lib/libinterbotix_perception_msgs__rosidl_typesupport_cpp.so
[5.099s] -- Set runtime path of "/home/rika/interbotix_ws/install/interbotix_perception_msgs/lib/libinterbotix_perception_msgs__rosidl_typesupport_cpp.so" to ""
[5.138s] Listing '/home/rika/interbotix_ws/install/interbotix_perception_msgs/local/lib/python3.10/dist-packages/interbotix_perception_msgs'...
[5.138s] Listing '/home/rika/interbotix_ws/install/interbotix_perception_msgs/local/lib/python3.10/dist-packages/interbotix_perception_msgs/msg'...
[5.138s] Listing '/home/rika/interbotix_ws/install/interbotix_perception_msgs/local/lib/python3.10/dist-packages/interbotix_perception_msgs/srv'...
[5.143s] -- Installing: /home/rika/interbotix_ws/install/interbotix_perception_msgs/lib/libinterbotix_perception_msgs__rosidl_generator_py.so
[5.145s] -- Set runtime path of "/home/rika/interbotix_ws/install/interbotix_perception_msgs/lib/libinterbotix_perception_msgs__rosidl_generator_py.so" to ""
[5.147s] -- Up-to-date: /home/rika/interbotix_ws/install/interbotix_perception_msgs/share/interbotix_perception_msgs/cmake/export_interbotix_perception_msgs__rosidl_generator_cExport.cmake
[5.147s] -- Up-to-date: /home/rika/interbotix_ws/install/interbotix_perception_msgs/share/interbotix_perception_msgs/cmake/export_interbotix_perception_msgs__rosidl_generator_cExport-noconfig.cmake
[5.148s] -- Up-to-date: /home/rika/interbotix_ws/install/interbotix_perception_msgs/share/interbotix_perception_msgs/cmake/export_interbotix_perception_msgs__rosidl_typesupport_fastrtps_cExport.cmake
[5.149s] -- Up-to-date: /home/rika/interbotix_ws/install/interbotix_perception_msgs/share/interbotix_perception_msgs/cmake/export_interbotix_perception_msgs__rosidl_typesupport_fastrtps_cExport-noconfig.cmake
[5.149s] -- Up-to-date: /home/rika/interbotix_ws/install/interbotix_perception_msgs/share/interbotix_perception_msgs/cmake/interbotix_perception_msgs__rosidl_typesupport_introspection_cExport.cmake
[5.150s] -- Up-to-date: /home/rika/interbotix_ws/install/interbotix_perception_msgs/share/interbotix_perception_msgs/cmake/interbotix_perception_msgs__rosidl_typesupport_introspection_cExport-noconfig.cmake
[5.151s] -- Up-to-date: /home/rika/interbotix_ws/install/interbotix_perception_msgs/share/interbotix_perception_msgs/cmake/interbotix_perception_msgs__rosidl_typesupport_cExport.cmake
[5.152s] -- Up-to-date: /home/rika/interbotix_ws/install/interbotix_perception_msgs/share/interbotix_perception_msgs/cmake/interbotix_perception_msgs__rosidl_typesupport_cExport-noconfig.cmake
[5.152s] -- Up-to-date: /home/rika/interbotix_ws/install/interbotix_perception_msgs/share/interbotix_perception_msgs/cmake/export_interbotix_perception_msgs__rosidl_generator_cppExport.cmake
[5.152s] -- Up-to-date: /home/rika/interbotix_ws/install/interbotix_perception_msgs/share/interbotix_perception_msgs/cmake/export_interbotix_perception_msgs__rosidl_typesupport_fastrtps_cppExport.cmake
[5.153s] -- Up-to-date: /home/rika/interbotix_ws/install/interbotix_perception_msgs/share/interbotix_perception_msgs/cmake/export_interbotix_perception_msgs__rosidl_typesupport_fastrtps_cppExport-noconfig.cmake
[5.153s] -- Up-to-date: /home/rika/interbotix_ws/install/interbotix_perception_msgs/share/interbotix_perception_msgs/cmake/interbotix_perception_msgs__rosidl_typesupport_introspection_cppExport.cmake
[5.153s] -- Up-to-date: /home/rika/interbotix_ws/install/interbotix_perception_msgs/share/interbotix_perception_msgs/cmake/interbotix_perception_msgs__rosidl_typesupport_introspection_cppExport-noconfig.cmake
[5.154s] -- Up-to-date: /home/rika/interbotix_ws/install/interbotix_perception_msgs/share/interbotix_perception_msgs/cmake/interbotix_perception_msgs__rosidl_typesupport_cppExport.cmake
[5.154s] -- Up-to-date: /home/rika/interbotix_ws/install/interbotix_perception_msgs/share/interbotix_perception_msgs/cmake/interbotix_perception_msgs__rosidl_typesupport_cppExport-noconfig.cmake
[5.154s] -- Up-to-date: /home/rika/interbotix_ws/install/interbotix_perception_msgs/share/interbotix_perception_msgs/cmake/export_interbotix_perception_msgs__rosidl_generator_pyExport.cmake
[5.154s] -- Up-to-date: /home/rika/interbotix_ws/install/interbotix_perception_msgs/share/interbotix_perception_msgs/cmake/export_interbotix_perception_msgs__rosidl_generator_pyExport-noconfig.cmake
[5.161s] Invoked command in '/home/rika/interbotix_ws/build/interbotix_perception_msgs' returned '0': CMAKE_PREFIX_PATH=/home/rika/interbotix_ws/install/interbotix_moveit_interface:/home/rika/interbotix_ws/install/moveit_visual_tools:/home/rika/interbotix_ws/install/interbotix_ros_xsarms:/home/rika/interbotix_ws/install/interbotix_xsarm_moveit:/home/rika/interbotix_ws/install/interbotix_xsarm_sim:/home/rika/interbotix_ws/install/interbotix_xsarm_ros_control:/home/rika/interbotix_ws/install/interbotix_xsarm_perception:/home/rika/interbotix_ws/install/interbotix_xsarm_control:/home/rika/interbotix_ws/install/interbotix_xsarm_descriptions:/home/rika/interbotix_ws/install/interbotix_xs_toolbox:/home/rika/interbotix_ws/install/interbotix_xs_rviz:/home/rika/interbotix_ws/install/interbotix_xs_modules:/home/rika/interbotix_ws/install/interbotix_ros_xseries:/home/rika/interbotix_ws/install/interbotix_xs_sdk:/home/rika/interbotix_ws/install/interbotix_xs_ros_control:/home/rika/interbotix_ws/install/interbotix_perception_toolbox:/home/rika/interbotix_ws/install/interbotix_perception_modules:/home/rika/interbotix_ws/install/interbotix_common_toolbox:/home/rika/interbotix_ws/install/interbotix_gravity_compensation:/home/rika/interbotix_ws/install/dual_arm_control:/home/rika/interbotix_ws/install/interbotix_xs_msgs:/home/rika/interbotix_ws/install/interbotix_xs_driver:/home/rika/interbotix_ws/install/interbotix_tf_tools:/home/rika/interbotix_ws/install/interbotix_perception_pipelines:/home/rika/interbotix_ws/install/interbotix_perception_msgs:/home/rika/interbotix_ws/install/interbotix_moveit_interface_msgs:/home/rika/interbotix_ws/install/interbotix_common_sim:/home/rika/interbotix_ws/install/interbotix_common_modules:/home/rika/interbotix_ws/install/dynamixel_workbench_toolbox:/home/rika/rika_ws/install/bimanual_pkg:/opt/ros/humble:${CMAKE_PREFIX_PATH} /usr/bin/cmake --install /home/rika/interbotix_ws/build/interbotix_perception_msgs
