[0.395s] Invoking command in '/home/rika/interbotix_ws/src/dual_arm_control': CMAKE_PREFIX_PATH=/home/rika/interbotix_ws/install/interbotix_xs_msgs:/home/rika/interbotix_ws/install/interbotix_ros_xsarms_examples:/home/rika/interbotix_ws/install/interbotix_xsarm_moveit_interface:/home/rika/interbotix_ws/install/interbotix_moveit_interface:/home/rika/interbotix_ws/install/moveit_visual_tools:/home/rika/interbotix_ws/install/interbotix_ros_xsarms:/home/rika/interbotix_ws/install/interbotix_xsarm_moveit:/home/rika/interbotix_ws/install/interbotix_xsarm_sim:/home/rika/interbotix_ws/install/interbotix_xsarm_ros_control:/home/rika/interbotix_ws/install/interbotix_xsarm_puppet:/home/rika/interbotix_ws/install/interbotix_xsarm_perception:/home/rika/interbotix_ws/install/interbotix_xsarm_joy:/home/rika/interbotix_ws/install/interbotix_xsarm_gravity_compensation:/home/rika/interbotix_ws/install/interbotix_xsarm_dual:/home/rika/interbotix_ws/install/interbotix_xsarm_control:/home/rika/interbotix_ws/install/interbotix_xsarm_descriptions:/home/rika/interbotix_ws/install/interbotix_xs_toolbox:/home/rika/interbotix_ws/install/interbotix_xs_rviz:/home/rika/interbotix_ws/install/interbotix_ros_xseries:/home/rika/interbotix_ws/install/interbotix_xs_sdk:/home/rika/interbotix_ws/install/interbotix_xs_ros_control:/home/rika/interbotix_ws/install/interbotix_perception_toolbox:/home/rika/interbotix_ws/install/interbotix_common_toolbox:/home/rika/interbotix_ws/install/interbotix_gravity_compensation:/home/rika/interbotix_ws/install/interbotix_xs_driver:/home/rika/interbotix_ws/install/interbotix_tf_tools:/home/rika/interbotix_ws/install/interbotix_perception_pipelines:/home/rika/interbotix_ws/install/interbotix_perception_msgs:/home/rika/interbotix_ws/install/interbotix_moveit_interface_msgs:/home/rika/interbotix_ws/install/interbotix_common_sim:/home/rika/interbotix_ws/install/dynamixel_workbench_toolbox:/home/rika/apriltag_ws/install/apriltag_ros LD_LIBRARY_PATH=/home/rika/interbotix_ws/install/interbotix_xs_msgs/lib:/home/rika/interbotix_ws/install/moveit_visual_tools/lib:/home/rika/interbotix_ws/install/interbotix_xs_rviz/lib:/home/rika/interbotix_ws/install/interbotix_xs_ros_control/lib:/home/rika/interbotix_ws/install/interbotix_xs_driver/lib:/home/rika/interbotix_ws/install/interbotix_tf_tools/lib:/home/rika/interbotix_ws/install/interbotix_perception_msgs/lib:/home/rika/interbotix_ws/install/interbotix_moveit_interface_msgs/lib:/home/rika/interbotix_ws/install/dynamixel_workbench_toolbox/lib:/home/rika/apriltag_ws/install/apriltag_ros/lib:/opt/ros/humble/opt/rviz_ogre_vendor/lib:/opt/ros/humble/lib/x86_64-linux-gnu:/opt/ros/humble/lib PYTHONPATH=/home/rika/interbotix_ws/build/dual_arm_control/prefix_override:/usr/lib/python3/dist-packages/colcon_core/task/python/colcon_distutils_commands:/home/rika/interbotix_ws/install/dual_arm_control/lib/python3.10/site-packages:${PYTHONPATH} /usr/bin/python3 -W ignore:setup.py install is deprecated -W ignore:easy_install command is deprecated setup.py egg_info --egg-base ../../build/dual_arm_control build --build-base /home/rika/interbotix_ws/build/dual_arm_control/build install --record /home/rika/interbotix_ws/build/dual_arm_control/install.log --single-version-externally-managed install_data
[0.543s] running egg_info
[0.544s] creating ../../build/dual_arm_control/dual_arm_control.egg-info
[0.544s] writing ../../build/dual_arm_control/dual_arm_control.egg-info/PKG-INFO
[0.544s] writing dependency_links to ../../build/dual_arm_control/dual_arm_control.egg-info/dependency_links.txt
[0.544s] writing entry points to ../../build/dual_arm_control/dual_arm_control.egg-info/entry_points.txt
[0.544s] writing requirements to ../../build/dual_arm_control/dual_arm_control.egg-info/requires.txt
[0.544s] writing top-level names to ../../build/dual_arm_control/dual_arm_control.egg-info/top_level.txt
[0.544s] writing manifest file '../../build/dual_arm_control/dual_arm_control.egg-info/SOURCES.txt'
[0.545s] reading manifest file '../../build/dual_arm_control/dual_arm_control.egg-info/SOURCES.txt'
[0.546s] writing manifest file '../../build/dual_arm_control/dual_arm_control.egg-info/SOURCES.txt'
[0.546s] running build
[0.546s] running build_py
[0.546s] creating /home/rika/interbotix_ws/build/dual_arm_control/build
[0.546s] creating /home/rika/interbotix_ws/build/dual_arm_control/build/lib
[0.546s] creating /home/rika/interbotix_ws/build/dual_arm_control/build/lib/dual_arm_control
[0.546s] copying dual_arm_control/dual_arm_controller.py -> /home/rika/interbotix_ws/build/dual_arm_control/build/lib/dual_arm_control
[0.546s] copying dual_arm_control/__init__.py -> /home/rika/interbotix_ws/build/dual_arm_control/build/lib/dual_arm_control
[0.546s] running install
[0.546s] running install_lib
[0.547s] creating /home/rika/interbotix_ws/install/dual_arm_control/lib/python3.10/site-packages/dual_arm_control
[0.547s] copying /home/rika/interbotix_ws/build/dual_arm_control/build/lib/dual_arm_control/dual_arm_controller.py -> /home/rika/interbotix_ws/install/dual_arm_control/lib/python3.10/site-packages/dual_arm_control
[0.547s] copying /home/rika/interbotix_ws/build/dual_arm_control/build/lib/dual_arm_control/__init__.py -> /home/rika/interbotix_ws/install/dual_arm_control/lib/python3.10/site-packages/dual_arm_control
[0.547s] byte-compiling /home/rika/interbotix_ws/install/dual_arm_control/lib/python3.10/site-packages/dual_arm_control/dual_arm_controller.py to dual_arm_controller.cpython-310.pyc
[0.548s] byte-compiling /home/rika/interbotix_ws/install/dual_arm_control/lib/python3.10/site-packages/dual_arm_control/__init__.py to __init__.cpython-310.pyc
[0.548s] running install_data
[0.548s] creating /home/rika/interbotix_ws/install/dual_arm_control/share/ament_index
[0.548s] creating /home/rika/interbotix_ws/install/dual_arm_control/share/ament_index/resource_index
[0.548s] creating /home/rika/interbotix_ws/install/dual_arm_control/share/ament_index/resource_index/packages
[0.548s] copying resource/dual_arm_control -> /home/rika/interbotix_ws/install/dual_arm_control/share/ament_index/resource_index/packages
[0.548s] copying package.xml -> /home/rika/interbotix_ws/install/dual_arm_control/share/dual_arm_control
[0.548s] running install_egg_info
[0.549s] Copying ../../build/dual_arm_control/dual_arm_control.egg-info to /home/rika/interbotix_ws/install/dual_arm_control/lib/python3.10/site-packages/dual_arm_control-0.0.0-py3.10.egg-info
[0.550s] running install_scripts
[0.563s] Installing dual_arm_controller script to /home/rika/interbotix_ws/install/dual_arm_control/lib/dual_arm_control
[0.563s] writing list of installed files to '/home/rika/interbotix_ws/build/dual_arm_control/install.log'
[0.578s] Invoked command in '/home/rika/interbotix_ws/src/dual_arm_control' returned '0': CMAKE_PREFIX_PATH=/home/rika/interbotix_ws/install/interbotix_xs_msgs:/home/rika/interbotix_ws/install/interbotix_ros_xsarms_examples:/home/rika/interbotix_ws/install/interbotix_xsarm_moveit_interface:/home/rika/interbotix_ws/install/interbotix_moveit_interface:/home/rika/interbotix_ws/install/moveit_visual_tools:/home/rika/interbotix_ws/install/interbotix_ros_xsarms:/home/rika/interbotix_ws/install/interbotix_xsarm_moveit:/home/rika/interbotix_ws/install/interbotix_xsarm_sim:/home/rika/interbotix_ws/install/interbotix_xsarm_ros_control:/home/rika/interbotix_ws/install/interbotix_xsarm_puppet:/home/rika/interbotix_ws/install/interbotix_xsarm_perception:/home/rika/interbotix_ws/install/interbotix_xsarm_joy:/home/rika/interbotix_ws/install/interbotix_xsarm_gravity_compensation:/home/rika/interbotix_ws/install/interbotix_xsarm_dual:/home/rika/interbotix_ws/install/interbotix_xsarm_control:/home/rika/interbotix_ws/install/interbotix_xsarm_descriptions:/home/rika/interbotix_ws/install/interbotix_xs_toolbox:/home/rika/interbotix_ws/install/interbotix_xs_rviz:/home/rika/interbotix_ws/install/interbotix_ros_xseries:/home/rika/interbotix_ws/install/interbotix_xs_sdk:/home/rika/interbotix_ws/install/interbotix_xs_ros_control:/home/rika/interbotix_ws/install/interbotix_perception_toolbox:/home/rika/interbotix_ws/install/interbotix_common_toolbox:/home/rika/interbotix_ws/install/interbotix_gravity_compensation:/home/rika/interbotix_ws/install/interbotix_xs_driver:/home/rika/interbotix_ws/install/interbotix_tf_tools:/home/rika/interbotix_ws/install/interbotix_perception_pipelines:/home/rika/interbotix_ws/install/interbotix_perception_msgs:/home/rika/interbotix_ws/install/interbotix_moveit_interface_msgs:/home/rika/interbotix_ws/install/interbotix_common_sim:/home/rika/interbotix_ws/install/dynamixel_workbench_toolbox:/home/rika/apriltag_ws/install/apriltag_ros LD_LIBRARY_PATH=/home/rika/interbotix_ws/install/interbotix_xs_msgs/lib:/home/rika/interbotix_ws/install/moveit_visual_tools/lib:/home/rika/interbotix_ws/install/interbotix_xs_rviz/lib:/home/rika/interbotix_ws/install/interbotix_xs_ros_control/lib:/home/rika/interbotix_ws/install/interbotix_xs_driver/lib:/home/rika/interbotix_ws/install/interbotix_tf_tools/lib:/home/rika/interbotix_ws/install/interbotix_perception_msgs/lib:/home/rika/interbotix_ws/install/interbotix_moveit_interface_msgs/lib:/home/rika/interbotix_ws/install/dynamixel_workbench_toolbox/lib:/home/rika/apriltag_ws/install/apriltag_ros/lib:/opt/ros/humble/opt/rviz_ogre_vendor/lib:/opt/ros/humble/lib/x86_64-linux-gnu:/opt/ros/humble/lib PYTHONPATH=/home/rika/interbotix_ws/build/dual_arm_control/prefix_override:/usr/lib/python3/dist-packages/colcon_core/task/python/colcon_distutils_commands:/home/rika/interbotix_ws/install/dual_arm_control/lib/python3.10/site-packages:${PYTHONPATH} /usr/bin/python3 -W ignore:setup.py install is deprecated -W ignore:easy_install command is deprecated setup.py egg_info --egg-base ../../build/dual_arm_control build --build-base /home/rika/interbotix_ws/build/dual_arm_control/build install --record /home/rika/interbotix_ws/build/dual_arm_control/install.log --single-version-externally-managed install_data
